

================================================================
== Vitis HLS Report for 'dut_Pipeline_VITIS_LOOP_132_9_VITIS_LOOP_133_10'
================================================================
* Date:           Sun Nov 13 23:03:28 2022

* Version:        2022.1 (Build 3526262 on Mon Apr 18 15:48:16 MDT 2022)
* Project:        serialization_HLS
* Solution:       solution1 (Vivado IP Flow Target)
* Product family: zynq
* Target device:  xc7z020-clg400-1


================================================================
== Performance Estimates
================================================================
+ Timing: 
    * Summary: 
    +--------+---------+----------+------------+
    |  Clock |  Target | Estimated| Uncertainty|
    +--------+---------+----------+------------+
    |ap_clk  |  8.00 ns|  8.000 ns|        0 ns|
    +--------+---------+----------+------------+

+ Latency: 
    * Summary: 
    +---------+---------+-----------+-----------+------+------+---------+
    |  Latency (cycles) |   Latency (absolute)  |   Interval  | Pipeline|
    |   min   |   max   |    min    |    max    |  min |  max |   Type  |
    +---------+---------+-----------+-----------+------+------+---------+
    |     8019|     8019|  64.152 us|  64.152 us|  8019|  8019|       no|
    +---------+---------+-----------+-----------+------+------+---------+

    + Detail: 
        * Instance: 
        N/A

        * Loop: 
        +--------------------------------------+---------+---------+----------+-----------+-----------+------+----------+
        |                                      |  Latency (cycles) | Iteration|  Initiation Interval  | Trip |          |
        |               Loop Name              |   min   |   max   |  Latency |  achieved |   target  | Count| Pipelined|
        +--------------------------------------+---------+---------+----------+-----------+-----------+------+----------+
        |- VITIS_LOOP_132_9_VITIS_LOOP_133_10  |     8017|     8017|        19|          1|          1|  8000|       yes|
        +--------------------------------------+---------+---------+----------+-----------+-----------+------+----------+



================================================================
== Utilization Estimates
================================================================
* Summary: 
+-----------------+---------+-----+--------+-------+-----+
|       Name      | BRAM_18K| DSP |   FF   |  LUT  | URAM|
+-----------------+---------+-----+--------+-------+-----+
|DSP              |        -|    -|       -|      -|    -|
|Expression       |        -|    -|       0|    596|    -|
|FIFO             |        -|    -|       -|      -|    -|
|Instance         |        -|    -|       -|      -|    -|
|Memory           |        -|    -|       -|      -|    -|
|Multiplexer      |        -|    -|       -|    117|    -|
|Register         |        -|    -|     620|    128|    -|
+-----------------+---------+-----+--------+-------+-----+
|Total            |        0|    0|     620|    841|    0|
+-----------------+---------+-----+--------+-------+-----+
|Available        |      280|  220|  106400|  53200|    0|
+-----------------+---------+-----+--------+-------+-----+
|Utilization (%)  |        0|    0|      ~0|      1|    0|
+-----------------+---------+-----+--------+-------+-----+

+ Detail: 
    * Instance: 
    N/A

    * DSP: 
    N/A

    * Memory: 
    N/A

    * FIFO: 
    N/A

    * Expression: 
    +---------------------------+----------+----+---+----+------------+------------+
    |       Variable Name       | Operation| DSP| FF| LUT| Bitwidth P0| Bitwidth P1|
    +---------------------------+----------+----+---+----+------------+------------+
    |add_ln132_fu_234_p2        |         +|   0|  0|  14|          13|           1|
    |add_ln134_1_fu_336_p2      |         +|   0|  0|  71|          64|          64|
    |add_ln134_2_fu_347_p2      |         +|   0|  0|  39|          32|          32|
    |add_ln134_3_fu_357_p2      |         +|   0|  0|  71|          64|          64|
    |add_ln134_fu_320_p2        |         +|   0|  0|  32|          32|           4|
    |counter_11_fu_271_p2       |         +|   0|  0|  39|          32|           1|
    |dst_counter_12_fu_385_p2   |         +|   0|  0|  39|          32|           4|
    |j_fu_285_p2                |         +|   0|  0|  13|           4|           1|
    |src_counter_14_fu_368_p2   |         +|   0|  0|  39|          32|          32|
    |src_counter_16_fu_380_p2   |         +|   0|  0|  39|          32|          32|
    |sub_ln134_fu_326_p2        |         -|   0|  0|  32|          32|          32|
    |icmp_ln132_fu_228_p2       |      icmp|   0|  0|  12|          13|           9|
    |icmp_ln133_fu_246_p2       |      icmp|   0|  0|   9|           4|           5|
    |icmp_ln135_fu_260_p2       |      icmp|   0|  0|   9|           4|           3|
    |ap_block_pp0_stage0_01001  |        or|   0|  0|   2|           1|           1|
    |ap_block_pp0_stage0_11001  |        or|   0|  0|   2|           1|           1|
    |counter_12_fu_277_p3       |    select|   0|  0|  32|           1|          32|
    |dst_counter_fu_391_p3      |    select|   0|  0|  32|           1|          32|
    |select_ln132_fu_252_p3     |    select|   0|  0|   4|           1|           1|
    |src_counter_15_fu_373_p3   |    select|   0|  0|  32|           1|          32|
    |src_counter_17_fu_398_p3   |    select|   0|  0|  32|           1|          32|
    |ap_enable_pp0              |       xor|   0|  0|   2|           1|           2|
    +---------------------------+----------+----+---+----+------------+------------+
    |Total                      |          |   0|  0| 596|         398|         417|
    +---------------------------+----------+----+---+----+------------+------------+

    * Multiplexer: 
    +--------------------------+----+-----------+-----+-----------+
    |           Name           | LUT| Input Size| Bits| Total Bits|
    +--------------------------+----+-----------+-----+-----------+
    |ap_done_int               |   9|          2|    1|          2|
    |ap_enable_reg_pp0_iter1   |   9|          2|    1|          2|
    |ap_enable_reg_pp0_iter2   |   9|          2|    1|          2|
    |counter_fu_110            |   9|          2|   32|         64|
    |dst_counter_11_fu_102     |   9|          2|   32|         64|
    |gmem_blk_n_AR             |   9|          2|    1|          2|
    |gmem_blk_n_AW             |   9|          2|    1|          2|
    |gmem_blk_n_B              |   9|          2|    1|          2|
    |gmem_blk_n_R              |   9|          2|    1|          2|
    |gmem_blk_n_W              |   9|          2|    1|          2|
    |indvar_flatten112_fu_114  |   9|          2|   13|         26|
    |j_4_fu_98                 |   9|          2|    4|          8|
    |src_counter_fu_106        |   9|          2|   32|         64|
    +--------------------------+----+-----------+-----+-----------+
    |Total                     | 117|         26|  121|        242|
    +--------------------------+----+-----------+-----+-----------+

    * Register: 
    +-----------------------------------+----+----+-----+-----------+
    |                Name               | FF | LUT| Bits| Const Bits|
    +-----------------------------------+----+----+-----+-----------+
    |ap_CS_fsm                          |   1|   0|    1|          0|
    |ap_done_reg                        |   1|   0|    1|          0|
    |ap_enable_reg_pp0_iter1            |   1|   0|    1|          0|
    |ap_enable_reg_pp0_iter10           |   1|   0|    1|          0|
    |ap_enable_reg_pp0_iter11           |   1|   0|    1|          0|
    |ap_enable_reg_pp0_iter12           |   1|   0|    1|          0|
    |ap_enable_reg_pp0_iter13           |   1|   0|    1|          0|
    |ap_enable_reg_pp0_iter14           |   1|   0|    1|          0|
    |ap_enable_reg_pp0_iter15           |   1|   0|    1|          0|
    |ap_enable_reg_pp0_iter16           |   1|   0|    1|          0|
    |ap_enable_reg_pp0_iter17           |   1|   0|    1|          0|
    |ap_enable_reg_pp0_iter18           |   1|   0|    1|          0|
    |ap_enable_reg_pp0_iter19           |   1|   0|    1|          0|
    |ap_enable_reg_pp0_iter2            |   1|   0|    1|          0|
    |ap_enable_reg_pp0_iter3            |   1|   0|    1|          0|
    |ap_enable_reg_pp0_iter4            |   1|   0|    1|          0|
    |ap_enable_reg_pp0_iter5            |   1|   0|    1|          0|
    |ap_enable_reg_pp0_iter6            |   1|   0|    1|          0|
    |ap_enable_reg_pp0_iter7            |   1|   0|    1|          0|
    |ap_enable_reg_pp0_iter8            |   1|   0|    1|          0|
    |ap_enable_reg_pp0_iter9            |   1|   0|    1|          0|
    |ap_loop_exit_ready_pp0_iter10_reg  |   1|   0|    1|          0|
    |ap_loop_exit_ready_pp0_iter11_reg  |   1|   0|    1|          0|
    |ap_loop_exit_ready_pp0_iter12_reg  |   1|   0|    1|          0|
    |ap_loop_exit_ready_pp0_iter13_reg  |   1|   0|    1|          0|
    |ap_loop_exit_ready_pp0_iter14_reg  |   1|   0|    1|          0|
    |ap_loop_exit_ready_pp0_iter15_reg  |   1|   0|    1|          0|
    |ap_loop_exit_ready_pp0_iter16_reg  |   1|   0|    1|          0|
    |ap_loop_exit_ready_pp0_iter17_reg  |   1|   0|    1|          0|
    |ap_loop_exit_ready_pp0_iter18_reg  |   1|   0|    1|          0|
    |ap_loop_exit_ready_pp0_iter2_reg   |   1|   0|    1|          0|
    |ap_loop_exit_ready_pp0_iter3_reg   |   1|   0|    1|          0|
    |ap_loop_exit_ready_pp0_iter4_reg   |   1|   0|    1|          0|
    |ap_loop_exit_ready_pp0_iter5_reg   |   1|   0|    1|          0|
    |ap_loop_exit_ready_pp0_iter6_reg   |   1|   0|    1|          0|
    |ap_loop_exit_ready_pp0_iter7_reg   |   1|   0|    1|          0|
    |ap_loop_exit_ready_pp0_iter8_reg   |   1|   0|    1|          0|
    |ap_loop_exit_ready_pp0_iter9_reg   |   1|   0|    1|          0|
    |counter_fu_110                     |  32|   0|   32|          0|
    |dst_counter_11_fu_102              |  32|   0|   32|          0|
    |gmem_addr_5_reg_511                |  64|   0|   64|          0|
    |gmem_addr_read_reg_517             |   8|   0|    8|          0|
    |gmem_addr_reg_505                  |  64|   0|   64|          0|
    |icmp_ln132_reg_475                 |   1|   0|    1|          0|
    |icmp_ln135_reg_484                 |   1|   0|    1|          0|
    |indvar_flatten112_fu_114           |  13|   0|   13|          0|
    |j_4_fu_98                          |   4|   0|    4|          0|
    |mul_ln137_reg_500                  |  32|   0|   32|          0|
    |select_ln132_reg_479               |   4|   0|    4|          0|
    |select_ln63_cast_reg_470           |   7|   0|   32|         25|
    |skip_row_arr_load_reg_495          |  32|   0|   32|          0|
    |src_counter_fu_106                 |  32|   0|   32|          0|
    |gmem_addr_5_reg_511                |  64|  32|   64|          0|
    |icmp_ln132_reg_475                 |  64|  32|    1|          0|
    |icmp_ln135_reg_484                 |  64|  32|    1|          0|
    |select_ln132_reg_479               |  64|  32|    4|          0|
    +-----------------------------------+----+----+-----+-----------+
    |Total                              | 620| 128|  459|         25|
    +-----------------------------------+----+----+-----+-----------+



================================================================
== Interface
================================================================
* Summary: 
+---------------------------+-----+-----+------------+-------------------------------------------------+--------------+
|         RTL Ports         | Dir | Bits|  Protocol  |                  Source Object                  |    C Type    |
+---------------------------+-----+-----+------------+-------------------------------------------------+--------------+
|ap_clk                     |   in|    1|  ap_ctrl_hs|  dut_Pipeline_VITIS_LOOP_132_9_VITIS_LOOP_133_10|  return value|
|ap_rst                     |   in|    1|  ap_ctrl_hs|  dut_Pipeline_VITIS_LOOP_132_9_VITIS_LOOP_133_10|  return value|
|ap_start                   |   in|    1|  ap_ctrl_hs|  dut_Pipeline_VITIS_LOOP_132_9_VITIS_LOOP_133_10|  return value|
|ap_done                    |  out|    1|  ap_ctrl_hs|  dut_Pipeline_VITIS_LOOP_132_9_VITIS_LOOP_133_10|  return value|
|ap_idle                    |  out|    1|  ap_ctrl_hs|  dut_Pipeline_VITIS_LOOP_132_9_VITIS_LOOP_133_10|  return value|
|ap_ready                   |  out|    1|  ap_ctrl_hs|  dut_Pipeline_VITIS_LOOP_132_9_VITIS_LOOP_133_10|  return value|
|grp_fu_1424_p_din0         |  out|   32|  ap_ctrl_hs|  dut_Pipeline_VITIS_LOOP_132_9_VITIS_LOOP_133_10|  return value|
|grp_fu_1424_p_din1         |  out|    5|  ap_ctrl_hs|  dut_Pipeline_VITIS_LOOP_132_9_VITIS_LOOP_133_10|  return value|
|grp_fu_1424_p_dout0        |   in|   32|  ap_ctrl_hs|  dut_Pipeline_VITIS_LOOP_132_9_VITIS_LOOP_133_10|  return value|
|grp_fu_1424_p_ce           |  out|    1|  ap_ctrl_hs|  dut_Pipeline_VITIS_LOOP_132_9_VITIS_LOOP_133_10|  return value|
|m_axi_gmem_AWVALID         |  out|    1|       m_axi|                                             gmem|       pointer|
|m_axi_gmem_AWREADY         |   in|    1|       m_axi|                                             gmem|       pointer|
|m_axi_gmem_AWADDR          |  out|   64|       m_axi|                                             gmem|       pointer|
|m_axi_gmem_AWID            |  out|    1|       m_axi|                                             gmem|       pointer|
|m_axi_gmem_AWLEN           |  out|   32|       m_axi|                                             gmem|       pointer|
|m_axi_gmem_AWSIZE          |  out|    3|       m_axi|                                             gmem|       pointer|
|m_axi_gmem_AWBURST         |  out|    2|       m_axi|                                             gmem|       pointer|
|m_axi_gmem_AWLOCK          |  out|    2|       m_axi|                                             gmem|       pointer|
|m_axi_gmem_AWCACHE         |  out|    4|       m_axi|                                             gmem|       pointer|
|m_axi_gmem_AWPROT          |  out|    3|       m_axi|                                             gmem|       pointer|
|m_axi_gmem_AWQOS           |  out|    4|       m_axi|                                             gmem|       pointer|
|m_axi_gmem_AWREGION        |  out|    4|       m_axi|                                             gmem|       pointer|
|m_axi_gmem_AWUSER          |  out|    1|       m_axi|                                             gmem|       pointer|
|m_axi_gmem_WVALID          |  out|    1|       m_axi|                                             gmem|       pointer|
|m_axi_gmem_WREADY          |   in|    1|       m_axi|                                             gmem|       pointer|
|m_axi_gmem_WDATA           |  out|    8|       m_axi|                                             gmem|       pointer|
|m_axi_gmem_WSTRB           |  out|    1|       m_axi|                                             gmem|       pointer|
|m_axi_gmem_WLAST           |  out|    1|       m_axi|                                             gmem|       pointer|
|m_axi_gmem_WID             |  out|    1|       m_axi|                                             gmem|       pointer|
|m_axi_gmem_WUSER           |  out|    1|       m_axi|                                             gmem|       pointer|
|m_axi_gmem_ARVALID         |  out|    1|       m_axi|                                             gmem|       pointer|
|m_axi_gmem_ARREADY         |   in|    1|       m_axi|                                             gmem|       pointer|
|m_axi_gmem_ARADDR          |  out|   64|       m_axi|                                             gmem|       pointer|
|m_axi_gmem_ARID            |  out|    1|       m_axi|                                             gmem|       pointer|
|m_axi_gmem_ARLEN           |  out|   32|       m_axi|                                             gmem|       pointer|
|m_axi_gmem_ARSIZE          |  out|    3|       m_axi|                                             gmem|       pointer|
|m_axi_gmem_ARBURST         |  out|    2|       m_axi|                                             gmem|       pointer|
|m_axi_gmem_ARLOCK          |  out|    2|       m_axi|                                             gmem|       pointer|
|m_axi_gmem_ARCACHE         |  out|    4|       m_axi|                                             gmem|       pointer|
|m_axi_gmem_ARPROT          |  out|    3|       m_axi|                                             gmem|       pointer|
|m_axi_gmem_ARQOS           |  out|    4|       m_axi|                                             gmem|       pointer|
|m_axi_gmem_ARREGION        |  out|    4|       m_axi|                                             gmem|       pointer|
|m_axi_gmem_ARUSER          |  out|    1|       m_axi|                                             gmem|       pointer|
|m_axi_gmem_RVALID          |   in|    1|       m_axi|                                             gmem|       pointer|
|m_axi_gmem_RREADY          |  out|    1|       m_axi|                                             gmem|       pointer|
|m_axi_gmem_RDATA           |   in|    8|       m_axi|                                             gmem|       pointer|
|m_axi_gmem_RLAST           |   in|    1|       m_axi|                                             gmem|       pointer|
|m_axi_gmem_RID             |   in|    1|       m_axi|                                             gmem|       pointer|
|m_axi_gmem_RFIFONUM        |   in|   11|       m_axi|                                             gmem|       pointer|
|m_axi_gmem_RUSER           |   in|    1|       m_axi|                                             gmem|       pointer|
|m_axi_gmem_RRESP           |   in|    2|       m_axi|                                             gmem|       pointer|
|m_axi_gmem_BVALID          |   in|    1|       m_axi|                                             gmem|       pointer|
|m_axi_gmem_BREADY          |  out|    1|       m_axi|                                             gmem|       pointer|
|m_axi_gmem_BRESP           |   in|    2|       m_axi|                                             gmem|       pointer|
|m_axi_gmem_BID             |   in|    1|       m_axi|                                             gmem|       pointer|
|m_axi_gmem_BUSER           |   in|    1|       m_axi|                                             gmem|       pointer|
|dst_counter_8_reload       |   in|   32|     ap_none|                             dst_counter_8_reload|        scalar|
|src_buff                   |   in|   64|     ap_none|                                         src_buff|        scalar|
|dst_buff                   |   in|   64|     ap_none|                                         dst_buff|        scalar|
|skip_row_arr_address0      |  out|   10|   ap_memory|                                     skip_row_arr|         array|
|skip_row_arr_ce0           |  out|    1|   ap_memory|                                     skip_row_arr|         array|
|skip_row_arr_q0            |   in|   32|   ap_memory|                                     skip_row_arr|         array|
|icmp_ln31                  |   in|    1|     ap_none|                                        icmp_ln31|        scalar|
|select_ln63                |   in|    7|     ap_none|                                      select_ln63|        scalar|
|dst_counter_11_out         |  out|   32|      ap_vld|                               dst_counter_11_out|       pointer|
|dst_counter_11_out_ap_vld  |  out|    1|      ap_vld|                               dst_counter_11_out|       pointer|
+---------------------------+-----+-----+------------+-------------------------------------------------+--------------+

