

================================================================
== Vitis HLS Report for 'dut_Pipeline_VITIS_LOOP_192_15_VITIS_LOOP_193_16'
================================================================
* Date:           Sun Nov 13 23:03:29 2022

* Version:        2022.1 (Build 3526262 on Mon Apr 18 15:48:16 MDT 2022)
* Project:        serialization_HLS
* Solution:       solution1 (Vivado IP Flow Target)
* Product family: zynq
* Target device:  xc7z020-clg400-1


================================================================
== Performance Estimates
================================================================
+ Timing: 
    * Summary: 
    +--------+---------+----------+------------+
    |  Clock |  Target | Estimated| Uncertainty|
    +--------+---------+----------+------------+
    |ap_clk  |  8.00 ns|  8.000 ns|        0 ns|
    +--------+---------+----------+------------+

+ Latency: 
    * Summary: 
    +---------+---------+-----------+-----------+------+------+---------+
    |  Latency (cycles) |   Latency (absolute)  |   Interval  | Pipeline|
    |   min   |   max   |    min    |    max    |  min |  max |   Type  |
    +---------+---------+-----------+-----------+------+------+---------+
    |     4013|     4013|  32.104 us|  32.104 us|  4013|  4013|       no|
    +---------+---------+-----------+-----------+------+------+---------+

    + Detail: 
        * Instance: 
        N/A

        * Loop: 
        +---------------------------------------+---------+---------+----------+-----------+-----------+------+----------+
        |                                       |  Latency (cycles) | Iteration|  Initiation Interval  | Trip |          |
        |               Loop Name               |   min   |   max   |  Latency |  achieved |   target  | Count| Pipelined|
        +---------------------------------------+---------+---------+----------+-----------+-----------+------+----------+
        |- VITIS_LOOP_192_15_VITIS_LOOP_193_16  |     4011|     4011|         9|          1|          1|  4004|       yes|
        +---------------------------------------+---------+---------+----------+-----------+-----------+------+----------+



================================================================
== Utilization Estimates
================================================================
* Summary: 
+-----------------+---------+-----+--------+-------+-----+
|       Name      | BRAM_18K| DSP |   FF   |  LUT  | URAM|
+-----------------+---------+-----+--------+-------+-----+
|DSP              |        -|    -|       -|      -|    -|
|Expression       |        -|    -|       0|    563|    -|
|FIFO             |        -|    -|       -|      -|    -|
|Instance         |        -|    -|       -|      -|    -|
|Memory           |        -|    -|       -|      -|    -|
|Multiplexer      |        -|    -|       -|    108|    -|
|Register         |        -|    -|     319|     32|    -|
+-----------------+---------+-----+--------+-------+-----+
|Total            |        0|    0|     319|    703|    0|
+-----------------+---------+-----+--------+-------+-----+
|Available        |      280|  220|  106400|  53200|    0|
+-----------------+---------+-----+--------+-------+-----+
|Utilization (%)  |        0|    0|      ~0|      1|    0|
+-----------------+---------+-----+--------+-------+-----+

+ Detail: 
    * Instance: 
    N/A

    * DSP: 
    N/A

    * Memory: 
    N/A

    * FIFO: 
    N/A

    * Expression: 
    +---------------------------+----------+----+---+-----+------------+------------+
    |       Variable Name       | Operation| DSP| FF| LUT | Bitwidth P0| Bitwidth P1|
    +---------------------------+----------+----+---+-----+------------+------------+
    |add_ln192_1_fu_324_p2      |         +|   0|  0|   13|          10|           1|
    |add_ln192_fu_197_p2        |         +|   0|  0|   12|          12|           1|
    |add_ln194_1_fu_289_p2      |         +|   0|  0|   71|          64|          64|
    |add_ln194_fu_279_p2        |         +|   0|  0|   39|          32|          32|
    |counter_7_fu_238_p2        |         +|   0|  0|   39|          32|           1|
    |dst_counter_7_fu_300_p2    |         +|   0|  0|   39|          32|           3|
    |j_5_fu_252_p2              |         +|   0|  0|   11|           3|           1|
    |position_2_fu_377_p2       |         +|   0|  0|   39|          32|          32|
    |ap_block_pp0_stage0_01001  |       and|   0|  0|    2|           1|           1|
    |cmp316141_fu_336_p2        |      icmp|   0|  0|   11|          10|           6|
    |cmp316_mid1_fu_330_p2      |      icmp|   0|  0|   11|          10|           6|
    |icmp_ln192_fu_191_p2       |      icmp|   0|  0|   12|          12|           8|
    |icmp_ln193_fu_209_p2       |      icmp|   0|  0|    9|           3|           4|
    |icmp_ln195_fu_227_p2       |      icmp|   0|  0|    8|           3|           2|
    |lshr_ln194_fu_367_p2       |      lshr|   0|  0|  100|          32|          32|
    |ap_block_pp0_stage0_11001  |        or|   0|  0|    2|           1|           1|
    |counter_8_fu_244_p3        |    select|   0|  0|   32|           1|          32|
    |dst_counter_8_fu_306_p3    |    select|   0|  0|   32|           1|          32|
    |position_3_fu_382_p3       |    select|   0|  0|   32|           1|          32|
    |position_4_fu_390_p3       |    select|   0|  0|   32|           1|          32|
    |select_ln192_1_fu_342_p3   |    select|   0|  0|    2|           1|           1|
    |select_ln192_2_fu_349_p3   |    select|   0|  0|   10|           1|          10|
    |select_ln192_fu_215_p3     |    select|   0|  0|    3|           1|           1|
    |ap_enable_pp0              |       xor|   0|  0|    2|           1|           2|
    +---------------------------+----------+----+---+-----+------------+------------+
    |Total                      |          |   0|  0|  563|         297|         337|
    +---------------------------+----------+----+---+-----+------------+------------+

    * Multiplexer: 
    +--------------------------+----+-----------+-----+-----------+
    |           Name           | LUT| Input Size| Bits| Total Bits|
    +--------------------------+----+-----------+-----+-----------+
    |ap_done_int               |   9|          2|    1|          2|
    |ap_enable_reg_pp0_iter1   |   9|          2|    1|          2|
    |ap_enable_reg_pp0_iter2   |   9|          2|    1|          2|
    |counter_fu_98             |   9|          2|   32|         64|
    |dst_counter_fu_94         |   9|          2|   32|         64|
    |gmem_blk_n_AW             |   9|          2|    1|          2|
    |gmem_blk_n_B              |   9|          2|    1|          2|
    |gmem_blk_n_W              |   9|          2|    1|          2|
    |i_fu_102                  |   9|          2|   10|         20|
    |indvar_flatten126_fu_106  |   9|          2|   12|         24|
    |j_fu_86                   |   9|          2|    3|          6|
    |position_fu_90            |   9|          2|   32|         64|
    +--------------------------+----+-----------+-----+-----------+
    |Total                     | 108|         24|  127|        254|
    +--------------------------+----+-----------+-----+-----------+

    * Register: 
    +-----------------------------------+----+----+-----+-----------+
    |                Name               | FF | LUT| Bits| Const Bits|
    +-----------------------------------+----+----+-----+-----------+
    |ap_CS_fsm                          |   1|   0|    1|          0|
    |ap_done_reg                        |   1|   0|    1|          0|
    |ap_enable_reg_pp0_iter1            |   1|   0|    1|          0|
    |ap_enable_reg_pp0_iter2            |   1|   0|    1|          0|
    |ap_enable_reg_pp0_iter3            |   1|   0|    1|          0|
    |ap_enable_reg_pp0_iter4            |   1|   0|    1|          0|
    |ap_enable_reg_pp0_iter5            |   1|   0|    1|          0|
    |ap_enable_reg_pp0_iter6            |   1|   0|    1|          0|
    |ap_enable_reg_pp0_iter7            |   1|   0|    1|          0|
    |ap_enable_reg_pp0_iter8            |   1|   0|    1|          0|
    |ap_enable_reg_pp0_iter9            |   1|   0|    1|          0|
    |ap_loop_exit_ready_pp0_iter2_reg   |   1|   0|    1|          0|
    |ap_loop_exit_ready_pp0_iter3_reg   |   1|   0|    1|          0|
    |ap_loop_exit_ready_pp0_iter4_reg   |   1|   0|    1|          0|
    |ap_loop_exit_ready_pp0_iter5_reg   |   1|   0|    1|          0|
    |ap_loop_exit_ready_pp0_iter6_reg   |   1|   0|    1|          0|
    |ap_loop_exit_ready_pp0_iter7_reg   |   1|   0|    1|          0|
    |ap_loop_exit_ready_pp0_iter8_reg   |   1|   0|    1|          0|
    |counter_fu_98                      |  32|   0|   32|          0|
    |dst_counter_fu_94                  |  32|   0|   32|          0|
    |gmem_addr_reg_490                  |  64|   0|   64|          0|
    |i_fu_102                           |  10|   0|   10|          0|
    |icmp_ln192_reg_459                 |   1|   0|    1|          0|
    |icmp_ln193_reg_463                 |   1|   0|    1|          0|
    |icmp_ln193_reg_463_pp0_iter2_reg   |   1|   0|    1|          0|
    |icmp_ln195_reg_479                 |   1|   0|    1|          0|
    |icmp_ln195_reg_479_pp0_iter2_reg   |   1|   0|    1|          0|
    |indvar_flatten126_fu_106           |  12|   0|   12|          0|
    |j_fu_86                            |   3|   0|    3|          0|
    |position_fu_90                     |  32|   0|   32|          0|
    |select_ln192_reg_469               |   3|   0|    3|          0|
    |trunc_ln194_1_reg_501              |   8|   0|    8|          0|
    |trunc_ln194_reg_474                |   2|   0|    2|          0|
    |trunc_ln194_reg_474_pp0_iter2_reg  |   2|   0|    2|          0|
    |var_string_length_load_reg_496     |  32|   0|   32|          0|
    |icmp_ln192_reg_459                 |  64|  32|    1|          0|
    +-----------------------------------+----+----+-----+-----------+
    |Total                              | 319|  32|  256|          0|
    +-----------------------------------+----+----+-----+-----------+



================================================================
== Interface
================================================================
* Summary: 
+----------------------------+-----+-----+------------+--------------------------------------------------+--------------+
|          RTL Ports         | Dir | Bits|  Protocol  |                   Source Object                  |    C Type    |
+----------------------------+-----+-----+------------+--------------------------------------------------+--------------+
|ap_clk                      |   in|    1|  ap_ctrl_hs|  dut_Pipeline_VITIS_LOOP_192_15_VITIS_LOOP_193_16|  return value|
|ap_rst                      |   in|    1|  ap_ctrl_hs|  dut_Pipeline_VITIS_LOOP_192_15_VITIS_LOOP_193_16|  return value|
|ap_start                    |   in|    1|  ap_ctrl_hs|  dut_Pipeline_VITIS_LOOP_192_15_VITIS_LOOP_193_16|  return value|
|ap_done                     |  out|    1|  ap_ctrl_hs|  dut_Pipeline_VITIS_LOOP_192_15_VITIS_LOOP_193_16|  return value|
|ap_idle                     |  out|    1|  ap_ctrl_hs|  dut_Pipeline_VITIS_LOOP_192_15_VITIS_LOOP_193_16|  return value|
|ap_ready                    |  out|    1|  ap_ctrl_hs|  dut_Pipeline_VITIS_LOOP_192_15_VITIS_LOOP_193_16|  return value|
|m_axi_gmem_AWVALID          |  out|    1|       m_axi|                                              gmem|       pointer|
|m_axi_gmem_AWREADY          |   in|    1|       m_axi|                                              gmem|       pointer|
|m_axi_gmem_AWADDR           |  out|   64|       m_axi|                                              gmem|       pointer|
|m_axi_gmem_AWID             |  out|    1|       m_axi|                                              gmem|       pointer|
|m_axi_gmem_AWLEN            |  out|   32|       m_axi|                                              gmem|       pointer|
|m_axi_gmem_AWSIZE           |  out|    3|       m_axi|                                              gmem|       pointer|
|m_axi_gmem_AWBURST          |  out|    2|       m_axi|                                              gmem|       pointer|
|m_axi_gmem_AWLOCK           |  out|    2|       m_axi|                                              gmem|       pointer|
|m_axi_gmem_AWCACHE          |  out|    4|       m_axi|                                              gmem|       pointer|
|m_axi_gmem_AWPROT           |  out|    3|       m_axi|                                              gmem|       pointer|
|m_axi_gmem_AWQOS            |  out|    4|       m_axi|                                              gmem|       pointer|
|m_axi_gmem_AWREGION         |  out|    4|       m_axi|                                              gmem|       pointer|
|m_axi_gmem_AWUSER           |  out|    1|       m_axi|                                              gmem|       pointer|
|m_axi_gmem_WVALID           |  out|    1|       m_axi|                                              gmem|       pointer|
|m_axi_gmem_WREADY           |   in|    1|       m_axi|                                              gmem|       pointer|
|m_axi_gmem_WDATA            |  out|    8|       m_axi|                                              gmem|       pointer|
|m_axi_gmem_WSTRB            |  out|    1|       m_axi|                                              gmem|       pointer|
|m_axi_gmem_WLAST            |  out|    1|       m_axi|                                              gmem|       pointer|
|m_axi_gmem_WID              |  out|    1|       m_axi|                                              gmem|       pointer|
|m_axi_gmem_WUSER            |  out|    1|       m_axi|                                              gmem|       pointer|
|m_axi_gmem_ARVALID          |  out|    1|       m_axi|                                              gmem|       pointer|
|m_axi_gmem_ARREADY          |   in|    1|       m_axi|                                              gmem|       pointer|
|m_axi_gmem_ARADDR           |  out|   64|       m_axi|                                              gmem|       pointer|
|m_axi_gmem_ARID             |  out|    1|       m_axi|                                              gmem|       pointer|
|m_axi_gmem_ARLEN            |  out|   32|       m_axi|                                              gmem|       pointer|
|m_axi_gmem_ARSIZE           |  out|    3|       m_axi|                                              gmem|       pointer|
|m_axi_gmem_ARBURST          |  out|    2|       m_axi|                                              gmem|       pointer|
|m_axi_gmem_ARLOCK           |  out|    2|       m_axi|                                              gmem|       pointer|
|m_axi_gmem_ARCACHE          |  out|    4|       m_axi|                                              gmem|       pointer|
|m_axi_gmem_ARPROT           |  out|    3|       m_axi|                                              gmem|       pointer|
|m_axi_gmem_ARQOS            |  out|    4|       m_axi|                                              gmem|       pointer|
|m_axi_gmem_ARREGION         |  out|    4|       m_axi|                                              gmem|       pointer|
|m_axi_gmem_ARUSER           |  out|    1|       m_axi|                                              gmem|       pointer|
|m_axi_gmem_RVALID           |   in|    1|       m_axi|                                              gmem|       pointer|
|m_axi_gmem_RREADY           |  out|    1|       m_axi|                                              gmem|       pointer|
|m_axi_gmem_RDATA            |   in|    8|       m_axi|                                              gmem|       pointer|
|m_axi_gmem_RLAST            |   in|    1|       m_axi|                                              gmem|       pointer|
|m_axi_gmem_RID              |   in|    1|       m_axi|                                              gmem|       pointer|
|m_axi_gmem_RFIFONUM         |   in|   11|       m_axi|                                              gmem|       pointer|
|m_axi_gmem_RUSER            |   in|    1|       m_axi|                                              gmem|       pointer|
|m_axi_gmem_RRESP            |   in|    2|       m_axi|                                              gmem|       pointer|
|m_axi_gmem_BVALID           |   in|    1|       m_axi|                                              gmem|       pointer|
|m_axi_gmem_BREADY           |  out|    1|       m_axi|                                              gmem|       pointer|
|m_axi_gmem_BRESP            |   in|    2|       m_axi|                                              gmem|       pointer|
|m_axi_gmem_BID              |   in|    1|       m_axi|                                              gmem|       pointer|
|m_axi_gmem_BUSER            |   in|    1|       m_axi|                                              gmem|       pointer|
|add_ln177_1                 |   in|   32|     ap_none|                                       add_ln177_1|        scalar|
|dst_buff                    |   in|   64|     ap_none|                                          dst_buff|        scalar|
|var_string_length_address0  |  out|   10|   ap_memory|                                 var_string_length|         array|
|var_string_length_ce0       |  out|    1|   ap_memory|                                 var_string_length|         array|
|var_string_length_q0        |   in|   32|   ap_memory|                                 var_string_length|         array|
|dst_counter_20_out          |  out|   32|      ap_vld|                                dst_counter_20_out|       pointer|
|dst_counter_20_out_ap_vld   |  out|    1|      ap_vld|                                dst_counter_20_out|       pointer|
+----------------------------+-----+-----+------------+--------------------------------------------------+--------------+

