

================================================================
== Vitis HLS Report for 'dut_Pipeline_VITIS_LOOP_88_5_VITIS_LOOP_89_6'
================================================================
* Date:           Sun Nov 13 23:03:28 2022

* Version:        2022.1 (Build 3526262 on Mon Apr 18 15:48:16 MDT 2022)
* Project:        serialization_HLS
* Solution:       solution1 (Vivado IP Flow Target)
* Product family: zynq
* Target device:  xc7z020-clg400-1


================================================================
== Performance Estimates
================================================================
+ Timing: 
    * Summary: 
    +--------+---------+----------+------------+
    |  Clock |  Target | Estimated| Uncertainty|
    +--------+---------+----------+------------+
    |ap_clk  |  8.00 ns|  8.000 ns|        0 ns|
    +--------+---------+----------+------------+

+ Latency: 
    * Summary: 
    +---------+---------+-----------+-----------+------+------+---------+
    |  Latency (cycles) |   Latency (absolute)  |   Interval  | Pipeline|
    |   min   |   max   |    min    |    max    |  min |  max |   Type  |
    +---------+---------+-----------+-----------+------+------+---------+
    |     8020|     8020|  64.160 us|  64.160 us|  8020|  8020|       no|
    +---------+---------+-----------+-----------+------+------+---------+

    + Detail: 
        * Instance: 
        N/A

        * Loop: 
        +-----------------------------------+---------+---------+----------+-----------+-----------+------+----------+
        |                                   |  Latency (cycles) | Iteration|  Initiation Interval  | Trip |          |
        |             Loop Name             |   min   |   max   |  Latency |  achieved |   target  | Count| Pipelined|
        +-----------------------------------+---------+---------+----------+-----------+-----------+------+----------+
        |- VITIS_LOOP_88_5_VITIS_LOOP_89_6  |     8018|     8018|        20|          1|          1|  8000|       yes|
        +-----------------------------------+---------+---------+----------+-----------+-----------+------+----------+



================================================================
== Utilization Estimates
================================================================
* Summary: 
+-----------------+---------+-----+--------+-------+-----+
|       Name      | BRAM_18K| DSP |   FF   |  LUT  | URAM|
+-----------------+---------+-----+--------+-------+-----+
|DSP              |        -|    -|       -|      -|    -|
|Expression       |        -|    -|       0|    590|    -|
|FIFO             |        -|    -|       -|      -|    -|
|Instance         |        -|    -|       -|      -|    -|
|Memory           |        -|    -|       -|      -|    -|
|Multiplexer      |        -|    -|       -|    135|    -|
|Register         |        -|    -|     743|    128|    -|
+-----------------+---------+-----+--------+-------+-----+
|Total            |        0|    0|     743|    853|    0|
+-----------------+---------+-----+--------+-------+-----+
|Available        |      280|  220|  106400|  53200|    0|
+-----------------+---------+-----+--------+-------+-----+
|Utilization (%)  |        0|    0|      ~0|      1|    0|
+-----------------+---------+-----+--------+-------+-----+

+ Detail: 
    * Instance: 
    N/A

    * DSP: 
    N/A

    * Memory: 
    N/A

    * FIFO: 
    N/A

    * Expression: 
    +------------------------------------+----------+----+---+----+------------+------------+
    |            Variable Name           | Operation| DSP| FF| LUT| Bitwidth P0| Bitwidth P1|
    +------------------------------------+----------+----+---+----+------------+------------+
    |add_ln88_fu_246_p2                  |         +|   0|  0|  14|          13|           1|
    |add_ln91_1_fu_401_p2                |         +|   0|  0|  71|          64|          64|
    |add_ln91_2_fu_332_p2                |         +|   0|  0|  39|          32|           4|
    |add_ln91_3_fu_342_p2                |         +|   0|  0|  71|          64|          64|
    |add_ln91_fu_391_p2                  |         +|   0|  0|  39|          32|          32|
    |counter_2_fu_289_p2                 |         +|   0|  0|  39|          32|           1|
    |dst_counter_2_fu_415_p2             |         +|   0|  0|  39|          32|           4|
    |j_1_fu_303_p2                       |         +|   0|  0|  13|           4|           1|
    |src_counter_2_fu_356_p2             |         +|   0|  0|  39|          32|          32|
    |src_counter_4_fu_368_p2             |         +|   0|  0|  39|          32|          32|
    |ap_block_state14_pp0_stage0_iter13  |       and|   0|  0|   2|           1|           1|
    |ap_block_state7_io                  |       and|   0|  0|   2|           1|           1|
    |ap_condition_425                    |       and|   0|  0|   2|           1|           1|
    |ap_predicate_op77_readreq_state7    |       and|   0|  0|   2|           1|           1|
    |ap_predicate_op94_read_state14      |       and|   0|  0|   2|           1|           1|
    |icmp_ln88_fu_240_p2                 |      icmp|   0|  0|  12|          13|           9|
    |icmp_ln89_fu_255_p2                 |      icmp|   0|  0|   9|           4|           5|
    |icmp_ln90_fu_269_p2                 |      icmp|   0|  0|   9|           4|           1|
    |icmp_ln95_fu_278_p2                 |      icmp|   0|  0|   9|           4|           3|
    |ap_block_pp0_stage0_01001           |        or|   0|  0|   2|           1|           1|
    |ap_block_pp0_stage0_11001           |        or|   0|  0|   2|           1|           1|
    |counter_3_fu_295_p3                 |    select|   0|  0|  32|           1|          32|
    |dst_counter_3_fu_421_p3             |    select|   0|  0|  32|           1|          32|
    |select_ln88_fu_261_p3               |    select|   0|  0|   4|           1|           1|
    |src_counter_3_fu_361_p3             |    select|   0|  0|  32|           1|          32|
    |src_counter_5_fu_373_p3             |    select|   0|  0|  32|           1|          32|
    |ap_enable_pp0                       |       xor|   0|  0|   2|           1|           2|
    +------------------------------------+----------+----+---+----+------------+------------+
    |Total                               |          |   0|  0| 590|         375|         391|
    +------------------------------------+----------+----+---+----+------------+------------+

    * Multiplexer: 
    +------------------------------------------+----+-----------+-----+-----------+
    |                   Name                   | LUT| Input Size| Bits| Total Bits|
    +------------------------------------------+----+-----------+-----+-----------+
    |ap_done_int                               |   9|          2|    1|          2|
    |ap_enable_reg_pp0_iter1                   |   9|          2|    1|          2|
    |ap_enable_reg_pp0_iter2                   |   9|          2|    1|          2|
    |ap_phi_reg_pp0_iter15_storemerge_reg_196  |   9|          2|    8|         16|
    |ap_phi_reg_pp0_iter2_storemerge_reg_196   |   9|          2|    8|         16|
    |counter_fu_110                            |   9|          2|   32|         64|
    |dst_counter_fu_102                        |   9|          2|   32|         64|
    |gmem_blk_n_AR                             |   9|          2|    1|          2|
    |gmem_blk_n_AW                             |   9|          2|    1|          2|
    |gmem_blk_n_B                              |   9|          2|    1|          2|
    |gmem_blk_n_R                              |   9|          2|    1|          2|
    |gmem_blk_n_W                              |   9|          2|    1|          2|
    |indvar_flatten98_fu_114                   |   9|          2|   13|         26|
    |j_fu_98                                   |   9|          2|    4|          8|
    |src_counter_fu_106                        |   9|          2|   32|         64|
    +------------------------------------------+----+-----------+-----+-----------+
    |Total                                     | 135|         30|  137|        274|
    +------------------------------------------+----+-----------+-----+-----------+

    * Register: 
    +------------------------------------------+----+----+-----+-----------+
    |                   Name                   | FF | LUT| Bits| Const Bits|
    +------------------------------------------+----+----+-----+-----------+
    |ap_CS_fsm                                 |   1|   0|    1|          0|
    |ap_done_reg                               |   1|   0|    1|          0|
    |ap_enable_reg_pp0_iter1                   |   1|   0|    1|          0|
    |ap_enable_reg_pp0_iter10                  |   1|   0|    1|          0|
    |ap_enable_reg_pp0_iter11                  |   1|   0|    1|          0|
    |ap_enable_reg_pp0_iter12                  |   1|   0|    1|          0|
    |ap_enable_reg_pp0_iter13                  |   1|   0|    1|          0|
    |ap_enable_reg_pp0_iter14                  |   1|   0|    1|          0|
    |ap_enable_reg_pp0_iter15                  |   1|   0|    1|          0|
    |ap_enable_reg_pp0_iter16                  |   1|   0|    1|          0|
    |ap_enable_reg_pp0_iter17                  |   1|   0|    1|          0|
    |ap_enable_reg_pp0_iter18                  |   1|   0|    1|          0|
    |ap_enable_reg_pp0_iter19                  |   1|   0|    1|          0|
    |ap_enable_reg_pp0_iter2                   |   1|   0|    1|          0|
    |ap_enable_reg_pp0_iter20                  |   1|   0|    1|          0|
    |ap_enable_reg_pp0_iter3                   |   1|   0|    1|          0|
    |ap_enable_reg_pp0_iter4                   |   1|   0|    1|          0|
    |ap_enable_reg_pp0_iter5                   |   1|   0|    1|          0|
    |ap_enable_reg_pp0_iter6                   |   1|   0|    1|          0|
    |ap_enable_reg_pp0_iter7                   |   1|   0|    1|          0|
    |ap_enable_reg_pp0_iter8                   |   1|   0|    1|          0|
    |ap_enable_reg_pp0_iter9                   |   1|   0|    1|          0|
    |ap_loop_exit_ready_pp0_iter10_reg         |   1|   0|    1|          0|
    |ap_loop_exit_ready_pp0_iter11_reg         |   1|   0|    1|          0|
    |ap_loop_exit_ready_pp0_iter12_reg         |   1|   0|    1|          0|
    |ap_loop_exit_ready_pp0_iter13_reg         |   1|   0|    1|          0|
    |ap_loop_exit_ready_pp0_iter14_reg         |   1|   0|    1|          0|
    |ap_loop_exit_ready_pp0_iter15_reg         |   1|   0|    1|          0|
    |ap_loop_exit_ready_pp0_iter16_reg         |   1|   0|    1|          0|
    |ap_loop_exit_ready_pp0_iter17_reg         |   1|   0|    1|          0|
    |ap_loop_exit_ready_pp0_iter18_reg         |   1|   0|    1|          0|
    |ap_loop_exit_ready_pp0_iter19_reg         |   1|   0|    1|          0|
    |ap_loop_exit_ready_pp0_iter2_reg          |   1|   0|    1|          0|
    |ap_loop_exit_ready_pp0_iter3_reg          |   1|   0|    1|          0|
    |ap_loop_exit_ready_pp0_iter4_reg          |   1|   0|    1|          0|
    |ap_loop_exit_ready_pp0_iter5_reg          |   1|   0|    1|          0|
    |ap_loop_exit_ready_pp0_iter6_reg          |   1|   0|    1|          0|
    |ap_loop_exit_ready_pp0_iter7_reg          |   1|   0|    1|          0|
    |ap_loop_exit_ready_pp0_iter8_reg          |   1|   0|    1|          0|
    |ap_loop_exit_ready_pp0_iter9_reg          |   1|   0|    1|          0|
    |ap_phi_reg_pp0_iter10_storemerge_reg_196  |   8|   0|    8|          0|
    |ap_phi_reg_pp0_iter11_storemerge_reg_196  |   8|   0|    8|          0|
    |ap_phi_reg_pp0_iter12_storemerge_reg_196  |   8|   0|    8|          0|
    |ap_phi_reg_pp0_iter13_storemerge_reg_196  |   8|   0|    8|          0|
    |ap_phi_reg_pp0_iter14_storemerge_reg_196  |   8|   0|    8|          0|
    |ap_phi_reg_pp0_iter15_storemerge_reg_196  |   8|   0|    8|          0|
    |ap_phi_reg_pp0_iter1_storemerge_reg_196   |   8|   0|    8|          0|
    |ap_phi_reg_pp0_iter2_storemerge_reg_196   |   8|   0|    8|          0|
    |ap_phi_reg_pp0_iter3_storemerge_reg_196   |   8|   0|    8|          0|
    |ap_phi_reg_pp0_iter4_storemerge_reg_196   |   8|   0|    8|          0|
    |ap_phi_reg_pp0_iter5_storemerge_reg_196   |   8|   0|    8|          0|
    |ap_phi_reg_pp0_iter6_storemerge_reg_196   |   8|   0|    8|          0|
    |ap_phi_reg_pp0_iter7_storemerge_reg_196   |   8|   0|    8|          0|
    |ap_phi_reg_pp0_iter8_storemerge_reg_196   |   8|   0|    8|          0|
    |ap_phi_reg_pp0_iter9_storemerge_reg_196   |   8|   0|    8|          0|
    |counter_fu_110                            |  32|   0|   32|          0|
    |dst_counter_fu_102                        |  32|   0|   32|          0|
    |gmem_addr_1_read_reg_541                  |   8|   0|    8|          0|
    |gmem_addr_1_reg_529                       |  64|   0|   64|          0|
    |gmem_addr_reg_535                         |  64|   0|   64|          0|
    |icmp_ln88_reg_495                         |   1|   0|    1|          0|
    |icmp_ln90_reg_504                         |   1|   0|    1|          0|
    |icmp_ln95_reg_508                         |   1|   0|    1|          0|
    |indvar_flatten98_fu_114                   |  13|   0|   13|          0|
    |j_fu_98                                   |   4|   0|    4|          0|
    |mul_ln97_reg_524                          |  32|   0|   32|          0|
    |select_ln63_cast_reg_490                  |   7|   0|   32|         25|
    |select_ln88_reg_499                       |   4|   0|    4|          0|
    |skip_row_arr_load_reg_519                 |  32|   0|   32|          0|
    |src_counter_fu_106                        |  32|   0|   32|          0|
    |icmp_ln88_reg_495                         |  64|  32|    1|          0|
    |icmp_ln90_reg_504                         |  64|  32|    1|          0|
    |icmp_ln95_reg_508                         |  64|  32|    1|          0|
    |select_ln88_reg_499                       |  64|  32|    4|          0|
    +------------------------------------------+----+----+-----+-----------+
    |Total                                     | 743| 128|  519|         25|
    +------------------------------------------+----+----+-----+-----------+



================================================================
== Interface
================================================================
* Summary: 
+--------------------------+-----+-----+------------+----------------------------------------------+--------------+
|         RTL Ports        | Dir | Bits|  Protocol  |                 Source Object                |    C Type    |
+--------------------------+-----+-----+------------+----------------------------------------------+--------------+
|ap_clk                    |   in|    1|  ap_ctrl_hs|  dut_Pipeline_VITIS_LOOP_88_5_VITIS_LOOP_89_6|  return value|
|ap_rst                    |   in|    1|  ap_ctrl_hs|  dut_Pipeline_VITIS_LOOP_88_5_VITIS_LOOP_89_6|  return value|
|ap_start                  |   in|    1|  ap_ctrl_hs|  dut_Pipeline_VITIS_LOOP_88_5_VITIS_LOOP_89_6|  return value|
|ap_done                   |  out|    1|  ap_ctrl_hs|  dut_Pipeline_VITIS_LOOP_88_5_VITIS_LOOP_89_6|  return value|
|ap_idle                   |  out|    1|  ap_ctrl_hs|  dut_Pipeline_VITIS_LOOP_88_5_VITIS_LOOP_89_6|  return value|
|ap_ready                  |  out|    1|  ap_ctrl_hs|  dut_Pipeline_VITIS_LOOP_88_5_VITIS_LOOP_89_6|  return value|
|grp_fu_1424_p_din0        |  out|   32|  ap_ctrl_hs|  dut_Pipeline_VITIS_LOOP_88_5_VITIS_LOOP_89_6|  return value|
|grp_fu_1424_p_din1        |  out|    5|  ap_ctrl_hs|  dut_Pipeline_VITIS_LOOP_88_5_VITIS_LOOP_89_6|  return value|
|grp_fu_1424_p_dout0       |   in|   32|  ap_ctrl_hs|  dut_Pipeline_VITIS_LOOP_88_5_VITIS_LOOP_89_6|  return value|
|grp_fu_1424_p_ce          |  out|    1|  ap_ctrl_hs|  dut_Pipeline_VITIS_LOOP_88_5_VITIS_LOOP_89_6|  return value|
|m_axi_gmem_AWVALID        |  out|    1|       m_axi|                                          gmem|       pointer|
|m_axi_gmem_AWREADY        |   in|    1|       m_axi|                                          gmem|       pointer|
|m_axi_gmem_AWADDR         |  out|   64|       m_axi|                                          gmem|       pointer|
|m_axi_gmem_AWID           |  out|    1|       m_axi|                                          gmem|       pointer|
|m_axi_gmem_AWLEN          |  out|   32|       m_axi|                                          gmem|       pointer|
|m_axi_gmem_AWSIZE         |  out|    3|       m_axi|                                          gmem|       pointer|
|m_axi_gmem_AWBURST        |  out|    2|       m_axi|                                          gmem|       pointer|
|m_axi_gmem_AWLOCK         |  out|    2|       m_axi|                                          gmem|       pointer|
|m_axi_gmem_AWCACHE        |  out|    4|       m_axi|                                          gmem|       pointer|
|m_axi_gmem_AWPROT         |  out|    3|       m_axi|                                          gmem|       pointer|
|m_axi_gmem_AWQOS          |  out|    4|       m_axi|                                          gmem|       pointer|
|m_axi_gmem_AWREGION       |  out|    4|       m_axi|                                          gmem|       pointer|
|m_axi_gmem_AWUSER         |  out|    1|       m_axi|                                          gmem|       pointer|
|m_axi_gmem_WVALID         |  out|    1|       m_axi|                                          gmem|       pointer|
|m_axi_gmem_WREADY         |   in|    1|       m_axi|                                          gmem|       pointer|
|m_axi_gmem_WDATA          |  out|    8|       m_axi|                                          gmem|       pointer|
|m_axi_gmem_WSTRB          |  out|    1|       m_axi|                                          gmem|       pointer|
|m_axi_gmem_WLAST          |  out|    1|       m_axi|                                          gmem|       pointer|
|m_axi_gmem_WID            |  out|    1|       m_axi|                                          gmem|       pointer|
|m_axi_gmem_WUSER          |  out|    1|       m_axi|                                          gmem|       pointer|
|m_axi_gmem_ARVALID        |  out|    1|       m_axi|                                          gmem|       pointer|
|m_axi_gmem_ARREADY        |   in|    1|       m_axi|                                          gmem|       pointer|
|m_axi_gmem_ARADDR         |  out|   64|       m_axi|                                          gmem|       pointer|
|m_axi_gmem_ARID           |  out|    1|       m_axi|                                          gmem|       pointer|
|m_axi_gmem_ARLEN          |  out|   32|       m_axi|                                          gmem|       pointer|
|m_axi_gmem_ARSIZE         |  out|    3|       m_axi|                                          gmem|       pointer|
|m_axi_gmem_ARBURST        |  out|    2|       m_axi|                                          gmem|       pointer|
|m_axi_gmem_ARLOCK         |  out|    2|       m_axi|                                          gmem|       pointer|
|m_axi_gmem_ARCACHE        |  out|    4|       m_axi|                                          gmem|       pointer|
|m_axi_gmem_ARPROT         |  out|    3|       m_axi|                                          gmem|       pointer|
|m_axi_gmem_ARQOS          |  out|    4|       m_axi|                                          gmem|       pointer|
|m_axi_gmem_ARREGION       |  out|    4|       m_axi|                                          gmem|       pointer|
|m_axi_gmem_ARUSER         |  out|    1|       m_axi|                                          gmem|       pointer|
|m_axi_gmem_RVALID         |   in|    1|       m_axi|                                          gmem|       pointer|
|m_axi_gmem_RREADY         |  out|    1|       m_axi|                                          gmem|       pointer|
|m_axi_gmem_RDATA          |   in|    8|       m_axi|                                          gmem|       pointer|
|m_axi_gmem_RLAST          |   in|    1|       m_axi|                                          gmem|       pointer|
|m_axi_gmem_RID            |   in|    1|       m_axi|                                          gmem|       pointer|
|m_axi_gmem_RFIFONUM       |   in|   11|       m_axi|                                          gmem|       pointer|
|m_axi_gmem_RUSER          |   in|    1|       m_axi|                                          gmem|       pointer|
|m_axi_gmem_RRESP          |   in|    2|       m_axi|                                          gmem|       pointer|
|m_axi_gmem_BVALID         |   in|    1|       m_axi|                                          gmem|       pointer|
|m_axi_gmem_BREADY         |  out|    1|       m_axi|                                          gmem|       pointer|
|m_axi_gmem_BRESP          |   in|    2|       m_axi|                                          gmem|       pointer|
|m_axi_gmem_BID            |   in|    1|       m_axi|                                          gmem|       pointer|
|m_axi_gmem_BUSER          |   in|    1|       m_axi|                                          gmem|       pointer|
|dst_counter_1_reload      |   in|   32|     ap_none|                          dst_counter_1_reload|        scalar|
|skip_row_arr_address0     |  out|   10|   ap_memory|                                  skip_row_arr|         array|
|skip_row_arr_ce0          |  out|    1|   ap_memory|                                  skip_row_arr|         array|
|skip_row_arr_q0           |   in|   32|   ap_memory|                                  skip_row_arr|         array|
|icmp_ln31                 |   in|    1|     ap_none|                                     icmp_ln31|        scalar|
|select_ln63               |   in|    7|     ap_none|                                   select_ln63|        scalar|
|dst_buff                  |   in|   64|     ap_none|                                      dst_buff|        scalar|
|src_buff                  |   in|   64|     ap_none|                                      src_buff|        scalar|
|dst_counter_4_out         |  out|   32|      ap_vld|                             dst_counter_4_out|       pointer|
|dst_counter_4_out_ap_vld  |  out|    1|      ap_vld|                             dst_counter_4_out|       pointer|
+--------------------------+-----+-----+------------+----------------------------------------------+--------------+

