

================================================================
== Vitis HLS Report for 'canny_Pipeline_rest_result'
================================================================
* Date:           Sun Nov 13 22:12:11 2022

* Version:        2022.1 (Build 3526262 on Mon Apr 18 15:48:16 MDT 2022)
* Project:        canny
* Solution:       solution1 (Vitis Kernel Flow Target)
* Product family: zynq
* Target device:  xc7z020-clg400-1


================================================================
== Performance Estimates
================================================================
+ Timing: 
    * Summary: 
    +--------+---------+----------+------------+
    |  Clock |  Target | Estimated| Uncertainty|
    +--------+---------+----------+------------+
    |ap_clk  |  4.80 ns|  4.125 ns|        0 ns|
    +--------+---------+----------+------------+

+ Latency: 
    * Summary: 
    +---------+---------+----------+----------+-----+-----+---------+
    |  Latency (cycles) |  Latency (absolute) |  Interval | Pipeline|
    |   min   |   max   |    min   |    max   | min | max |   Type  |
    +---------+---------+----------+----------+-----+-----+---------+
    |      132|      132|  0.634 us|  0.634 us|  132|  132|       no|
    +---------+---------+----------+----------+-----+-----+---------+

    + Detail: 
        * Instance: 
        N/A

        * Loop: 
        +---------------+---------+---------+----------+-----------+-----------+------+----------+
        |               |  Latency (cycles) | Iteration|  Initiation Interval  | Trip |          |
        |   Loop Name   |   min   |   max   |  Latency |  achieved |   target  | Count| Pipelined|
        +---------------+---------+---------+----------+-----------+-----------+------+----------+
        |- rest_result  |      130|      130|         3|          1|          1|   129|       yes|
        +---------------+---------+---------+----------+-----------+-----------+------+----------+



================================================================
== Utilization Estimates
================================================================
* Summary: 
+-----------------+---------+-----+--------+-------+-----+
|       Name      | BRAM_18K| DSP |   FF   |  LUT  | URAM|
+-----------------+---------+-----+--------+-------+-----+
|DSP              |        -|    -|       -|      -|    -|
|Expression       |        -|    -|       0|    348|    -|
|FIFO             |        -|    -|       -|      -|    -|
|Instance         |        -|    -|       -|      -|    -|
|Memory           |        -|    -|       -|      -|    -|
|Multiplexer      |        -|    -|       -|   3528|    -|
|Register         |        -|    -|    7013|      -|    -|
+-----------------+---------+-----+--------+-------+-----+
|Total            |        0|    0|    7013|   3876|    0|
+-----------------+---------+-----+--------+-------+-----+
|Available        |      280|  220|  106400|  53200|    0|
+-----------------+---------+-----+--------+-------+-----+
|Utilization (%)  |        0|    0|       6|      7|    0|
+-----------------+---------+-----+--------+-------+-----+

+ Detail: 
    * Instance: 
    N/A

    * DSP: 
    N/A

    * Memory: 
    N/A

    * FIFO: 
    N/A

    * Expression: 
    +---------------------------+----------+----+---+----+------------+------------+
    |       Variable Name       | Operation| DSP| FF| LUT| Bitwidth P0| Bitwidth P1|
    +---------------------------+----------+----+---+----+------------+------------+
    |add_ln160_fu_7139_p2       |         +|   0|  0|  20|          15|           1|
    |and_ln175_1_fu_7109_p2     |       and|   0|  0|   2|           1|           1|
    |and_ln175_fu_7073_p2       |       and|   0|  0|   2|           1|           1|
    |and_ln179_1_fu_7127_p2     |       and|   0|  0|   2|           1|           1|
    |and_ln179_fu_7121_p2       |       and|   0|  0|   2|           1|           1|
    |and_ln183_fu_7103_p2       |       and|   0|  0|   2|           1|           1|
    |and_ln192_fu_8635_p2       |       and|   0|  0|   2|           1|           1|
    |ap_block_pp0_stage0_01001  |       and|   0|  0|   2|           1|           1|
    |icmp_ln1077_1_fu_8623_p2   |      icmp|   0|  0|  14|          22|          22|
    |icmp_ln1077_2_fu_9939_p2   |      icmp|   0|  0|  14|          22|          15|
    |icmp_ln1077_fu_8611_p2     |      icmp|   0|  0|  14|          22|          22|
    |icmp_ln1081_1_fu_7085_p2   |      icmp|   0|  0|  11|          10|           4|
    |icmp_ln1081_2_fu_7097_p2   |      icmp|   0|  0|  11|          10|           8|
    |icmp_ln1081_3_fu_9944_p2   |      icmp|   0|  0|  14|          22|          12|
    |icmp_ln1081_fu_7067_p2     |      icmp|   0|  0|  11|          10|           5|
    |icmp_ln1085_1_fu_7079_p2   |      icmp|   0|  0|  11|          10|           7|
    |icmp_ln1085_2_fu_7091_p2   |      icmp|   0|  0|  11|          10|           5|
    |icmp_ln1085_fu_7061_p2     |      icmp|   0|  0|  11|          10|           4|
    |icmp_ln160_fu_7052_p2      |      icmp|   0|  0|  13|          15|          16|
    |or_ln179_fu_7133_p2        |        or|   0|  0|   2|           1|           1|
    |q_V_fu_8583_p3             |    select|   0|  0|  22|           1|          22|
    |r_V_fu_8604_p3             |    select|   0|  0|  22|           1|          22|
    |select_ln179_1_fu_8576_p3  |    select|   0|  0|  22|           1|          22|
    |select_ln179_3_fu_8590_p3  |    select|   0|  0|  22|           1|          22|
    |select_ln179_4_fu_8597_p3  |    select|   0|  0|  22|           1|          22|
    |select_ln179_fu_8569_p3    |    select|   0|  0|  22|           1|           1|
    |select_ln193_1_fu_9957_p3  |    select|   0|  0|   8|           1|           8|
    |select_ln193_fu_9949_p3    |    select|   0|  0|   7|           1|           2|
    |sup_V_fu_8641_p3           |    select|   0|  0|  22|           1|          22|
    |ap_enable_pp0              |       xor|   0|  0|   2|           1|           2|
    |xor_ln1077_1_fu_8629_p2    |       xor|   0|  0|   2|           1|           2|
    |xor_ln1077_fu_8617_p2      |       xor|   0|  0|   2|           1|           2|
    |xor_ln175_fu_7115_p2       |       xor|   0|  0|   2|           2|           1|
    +---------------------------+----------+----+---+----+------------+------------+
    |Total                      |          |   0|  0| 348|         200|         279|
    +---------------------------+----------+----+---+----+------------+------------+

    * Multiplexer: 
    +----------------------------+----+-----------+-----+-----------+
    |            Name            | LUT| Input Size| Bits| Total Bits|
    +----------------------------+----+-----------+-----+-----------+
    |ap_done_int                 |   9|          2|    1|          2|
    |ap_enable_reg_pp0_iter1     |   9|          2|    1|          2|
    |ap_enable_reg_pp0_iter3     |   9|          2|    1|          2|
    |dst_TDATA_blk_n             |   9|          2|    1|          2|
    |i_fu_852                    |   9|          2|   15|         30|
    |p_0_0_06241424_fu_848       |   9|          2|   10|         20|
    |p_0_0_0624_1001525_fu_2280  |   9|          2|   10|         20|
    |p_0_0_0624_1011526_fu_2284  |   9|          2|   10|         20|
    |p_0_0_0624_101435_fu_1920   |   9|          2|   10|         20|
    |p_0_0_0624_1021527_fu_2288  |   9|          2|   10|         20|
    |p_0_0_0624_1031528_fu_2292  |   9|          2|   10|         20|
    |p_0_0_0624_1041529_fu_2296  |   9|          2|   10|         20|
    |p_0_0_0624_1051530_fu_2300  |   9|          2|   10|         20|
    |p_0_0_0624_1061531_fu_2304  |   9|          2|   10|         20|
    |p_0_0_0624_1071532_fu_2308  |   9|          2|   10|         20|
    |p_0_0_0624_1081533_fu_2312  |   9|          2|   10|         20|
    |p_0_0_0624_1091534_fu_2316  |   9|          2|   10|         20|
    |p_0_0_0624_1101535_fu_2320  |   9|          2|   10|         20|
    |p_0_0_0624_1111536_fu_2324  |   9|          2|   10|         20|
    |p_0_0_0624_111436_fu_1924   |   9|          2|   10|         20|
    |p_0_0_0624_1121537_fu_2328  |   9|          2|   10|         20|
    |p_0_0_0624_1131538_fu_2332  |   9|          2|   10|         20|
    |p_0_0_0624_1141539_fu_2336  |   9|          2|   10|         20|
    |p_0_0_0624_11426_fu_1884    |   9|          2|   10|         20|
    |p_0_0_0624_1151540_fu_2340  |   9|          2|   10|         20|
    |p_0_0_0624_1161541_fu_2344  |   9|          2|   10|         20|
    |p_0_0_0624_1171542_fu_2348  |   9|          2|   10|         20|
    |p_0_0_0624_1181543_fu_2352  |   9|          2|   10|         20|
    |p_0_0_0624_1191544_fu_2356  |   9|          2|   10|         20|
    |p_0_0_0624_1201545_fu_2360  |   9|          2|   10|         20|
    |p_0_0_0624_1211546_fu_2364  |   9|          2|   10|         20|
    |p_0_0_0624_121437_fu_1928   |   9|          2|   10|         20|
    |p_0_0_0624_1221547_fu_2368  |   9|          2|   10|         20|
    |p_0_0_0624_1231548_fu_2372  |   9|          2|   10|         20|
    |p_0_0_0624_1241549_fu_2376  |   9|          2|   10|         20|
    |p_0_0_0624_1251550_fu_2380  |   9|          2|   10|         20|
    |p_0_0_0624_1261551_fu_2384  |   9|          2|   10|         20|
    |p_0_0_0624_1271552_fu_2388  |   9|          2|   10|         20|
    |p_0_0_0624_1281553_fu_2392  |   9|          2|   10|         20|
    |p_0_0_0624_131438_fu_1932   |   9|          2|   10|         20|
    |p_0_0_0624_141439_fu_1936   |   9|          2|   10|         20|
    |p_0_0_0624_151440_fu_1940   |   9|          2|   10|         20|
    |p_0_0_0624_161441_fu_1944   |   9|          2|   10|         20|
    |p_0_0_0624_171442_fu_1948   |   9|          2|   10|         20|
    |p_0_0_0624_181443_fu_1952   |   9|          2|   10|         20|
    |p_0_0_0624_191444_fu_1956   |   9|          2|   10|         20|
    |p_0_0_0624_201445_fu_1960   |   9|          2|   10|         20|
    |p_0_0_0624_211446_fu_1964   |   9|          2|   10|         20|
    |p_0_0_0624_21427_fu_1888    |   9|          2|   10|         20|
    |p_0_0_0624_221447_fu_1968   |   9|          2|   10|         20|
    |p_0_0_0624_231448_fu_1972   |   9|          2|   10|         20|
    |p_0_0_0624_241449_fu_1976   |   9|          2|   10|         20|
    |p_0_0_0624_251450_fu_1980   |   9|          2|   10|         20|
    |p_0_0_0624_261451_fu_1984   |   9|          2|   10|         20|
    |p_0_0_0624_271452_fu_1988   |   9|          2|   10|         20|
    |p_0_0_0624_281453_fu_1992   |   9|          2|   10|         20|
    |p_0_0_0624_291454_fu_1996   |   9|          2|   10|         20|
    |p_0_0_0624_301455_fu_2000   |   9|          2|   10|         20|
    |p_0_0_0624_311456_fu_2004   |   9|          2|   10|         20|
    |p_0_0_0624_31428_fu_1892    |   9|          2|   10|         20|
    |p_0_0_0624_321457_fu_2008   |   9|          2|   10|         20|
    |p_0_0_0624_331458_fu_2012   |   9|          2|   10|         20|
    |p_0_0_0624_341459_fu_2016   |   9|          2|   10|         20|
    |p_0_0_0624_351460_fu_2020   |   9|          2|   10|         20|
    |p_0_0_0624_361461_fu_2024   |   9|          2|   10|         20|
    |p_0_0_0624_371462_fu_2028   |   9|          2|   10|         20|
    |p_0_0_0624_381463_fu_2032   |   9|          2|   10|         20|
    |p_0_0_0624_391464_fu_2036   |   9|          2|   10|         20|
    |p_0_0_0624_401465_fu_2040   |   9|          2|   10|         20|
    |p_0_0_0624_411466_fu_2044   |   9|          2|   10|         20|
    |p_0_0_0624_41429_fu_1896    |   9|          2|   10|         20|
    |p_0_0_0624_421467_fu_2048   |   9|          2|   10|         20|
    |p_0_0_0624_431468_fu_2052   |   9|          2|   10|         20|
    |p_0_0_0624_441469_fu_2056   |   9|          2|   10|         20|
    |p_0_0_0624_451470_fu_2060   |   9|          2|   10|         20|
    |p_0_0_0624_461471_fu_2064   |   9|          2|   10|         20|
    |p_0_0_0624_471472_fu_2068   |   9|          2|   10|         20|
    |p_0_0_0624_481473_fu_2072   |   9|          2|   10|         20|
    |p_0_0_0624_491474_fu_2076   |   9|          2|   10|         20|
    |p_0_0_0624_501475_fu_2080   |   9|          2|   10|         20|
    |p_0_0_0624_511476_fu_2084   |   9|          2|   10|         20|
    |p_0_0_0624_51430_fu_1900    |   9|          2|   10|         20|
    |p_0_0_0624_521477_fu_2088   |   9|          2|   10|         20|
    |p_0_0_0624_531478_fu_2092   |   9|          2|   10|         20|
    |p_0_0_0624_541479_fu_2096   |   9|          2|   10|         20|
    |p_0_0_0624_551480_fu_2100   |   9|          2|   10|         20|
    |p_0_0_0624_561481_fu_2104   |   9|          2|   10|         20|
    |p_0_0_0624_571482_fu_2108   |   9|          2|   10|         20|
    |p_0_0_0624_581483_fu_2112   |   9|          2|   10|         20|
    |p_0_0_0624_591484_fu_2116   |   9|          2|   10|         20|
    |p_0_0_0624_601485_fu_2120   |   9|          2|   10|         20|
    |p_0_0_0624_611486_fu_2124   |   9|          2|   10|         20|
    |p_0_0_0624_61431_fu_1904    |   9|          2|   10|         20|
    |p_0_0_0624_621487_fu_2128   |   9|          2|   10|         20|
    |p_0_0_0624_631488_fu_2132   |   9|          2|   10|         20|
    |p_0_0_0624_641489_fu_2136   |   9|          2|   10|         20|
    |p_0_0_0624_651490_fu_2140   |   9|          2|   10|         20|
    |p_0_0_0624_661491_fu_2144   |   9|          2|   10|         20|
    |p_0_0_0624_671492_fu_2148   |   9|          2|   10|         20|
    |p_0_0_0624_681493_fu_2152   |   9|          2|   10|         20|
    |p_0_0_0624_691494_fu_2156   |   9|          2|   10|         20|
    |p_0_0_0624_701495_fu_2160   |   9|          2|   10|         20|
    |p_0_0_0624_711496_fu_2164   |   9|          2|   10|         20|
    |p_0_0_0624_71432_fu_1908    |   9|          2|   10|         20|
    |p_0_0_0624_721497_fu_2168   |   9|          2|   10|         20|
    |p_0_0_0624_731498_fu_2172   |   9|          2|   10|         20|
    |p_0_0_0624_741499_fu_2176   |   9|          2|   10|         20|
    |p_0_0_0624_751500_fu_2180   |   9|          2|   10|         20|
    |p_0_0_0624_761501_fu_2184   |   9|          2|   10|         20|
    |p_0_0_0624_771502_fu_2188   |   9|          2|   10|         20|
    |p_0_0_0624_781503_fu_2192   |   9|          2|   10|         20|
    |p_0_0_0624_791504_fu_2196   |   9|          2|   10|         20|
    |p_0_0_0624_801505_fu_2200   |   9|          2|   10|         20|
    |p_0_0_0624_811506_fu_2204   |   9|          2|   10|         20|
    |p_0_0_0624_81433_fu_1912    |   9|          2|   10|         20|
    |p_0_0_0624_821507_fu_2208   |   9|          2|   10|         20|
    |p_0_0_0624_831508_fu_2212   |   9|          2|   10|         20|
    |p_0_0_0624_841509_fu_2216   |   9|          2|   10|         20|
    |p_0_0_0624_851510_fu_2220   |   9|          2|   10|         20|
    |p_0_0_0624_861511_fu_2224   |   9|          2|   10|         20|
    |p_0_0_0624_871512_fu_2228   |   9|          2|   10|         20|
    |p_0_0_0624_881513_fu_2232   |   9|          2|   10|         20|
    |p_0_0_0624_891514_fu_2236   |   9|          2|   10|         20|
    |p_0_0_0624_901515_fu_2240   |   9|          2|   10|         20|
    |p_0_0_0624_911516_fu_2244   |   9|          2|   10|         20|
    |p_0_0_0624_91434_fu_1916    |   9|          2|   10|         20|
    |p_0_0_0624_921517_fu_2248   |   9|          2|   10|         20|
    |p_0_0_0624_931518_fu_2252   |   9|          2|   10|         20|
    |p_0_0_0624_941519_fu_2256   |   9|          2|   10|         20|
    |p_0_0_0624_951520_fu_2260   |   9|          2|   10|         20|
    |p_0_0_0624_961521_fu_2264   |   9|          2|   10|         20|
    |p_0_0_0624_971522_fu_2268   |   9|          2|   10|         20|
    |p_0_0_0624_981523_fu_2272   |   9|          2|   10|         20|
    |p_0_0_0624_991524_fu_2276   |   9|          2|   10|         20|
    |p_0_0_06251165_fu_844       |   9|          2|   22|         44|
    |p_0_0_0625_1001266_fu_1252  |   9|          2|   22|         44|
    |p_0_0_0625_1011267_fu_1256  |   9|          2|   22|         44|
    |p_0_0_0625_101176_fu_892    |   9|          2|   22|         44|
    |p_0_0_0625_1021268_fu_1260  |   9|          2|   22|         44|
    |p_0_0_0625_1031269_fu_1264  |   9|          2|   22|         44|
    |p_0_0_0625_1041270_fu_1268  |   9|          2|   22|         44|
    |p_0_0_0625_1051271_fu_1272  |   9|          2|   22|         44|
    |p_0_0_0625_1061272_fu_1276  |   9|          2|   22|         44|
    |p_0_0_0625_1071273_fu_1280  |   9|          2|   22|         44|
    |p_0_0_0625_1081274_fu_1284  |   9|          2|   22|         44|
    |p_0_0_0625_1091275_fu_1288  |   9|          2|   22|         44|
    |p_0_0_0625_1101276_fu_1292  |   9|          2|   22|         44|
    |p_0_0_0625_1111277_fu_1296  |   9|          2|   22|         44|
    |p_0_0_0625_111177_fu_896    |   9|          2|   22|         44|
    |p_0_0_0625_11167_fu_856     |   9|          2|   22|         44|
    |p_0_0_0625_1121278_fu_1300  |   9|          2|   22|         44|
    |p_0_0_0625_1131279_fu_1304  |   9|          2|   22|         44|
    |p_0_0_0625_1141280_fu_1308  |   9|          2|   22|         44|
    |p_0_0_0625_1151281_fu_1312  |   9|          2|   22|         44|
    |p_0_0_0625_1161282_fu_1316  |   9|          2|   22|         44|
    |p_0_0_0625_1171283_fu_1320  |   9|          2|   22|         44|
    |p_0_0_0625_1181284_fu_1324  |   9|          2|   22|         44|
    |p_0_0_0625_1191285_fu_1328  |   9|          2|   22|         44|
    |p_0_0_0625_1201286_fu_1332  |   9|          2|   22|         44|
    |p_0_0_0625_1211287_fu_1336  |   9|          2|   22|         44|
    |p_0_0_0625_121178_fu_900    |   9|          2|   22|         44|
    |p_0_0_0625_1221288_fu_1340  |   9|          2|   22|         44|
    |p_0_0_0625_1231289_fu_1344  |   9|          2|   22|         44|
    |p_0_0_0625_1241290_fu_1348  |   9|          2|   22|         44|
    |p_0_0_0625_1251291_fu_1352  |   9|          2|   22|         44|
    |p_0_0_0625_1261292_fu_1356  |   9|          2|   22|         44|
    |p_0_0_0625_1271293_fu_1360  |   9|          2|   22|         44|
    |p_0_0_0625_1281294_fu_1364  |   9|          2|   22|         44|
    |p_0_0_0625_1291295_fu_1368  |   9|          2|   22|         44|
    |p_0_0_0625_1301296_fu_1372  |   9|          2|   22|         44|
    |p_0_0_0625_1311297_fu_1376  |   9|          2|   22|         44|
    |p_0_0_0625_131179_fu_904    |   9|          2|   22|         44|
    |p_0_0_0625_1321298_fu_1380  |   9|          2|   22|         44|
    |p_0_0_0625_1331299_fu_1384  |   9|          2|   22|         44|
    |p_0_0_0625_1341300_fu_1388  |   9|          2|   22|         44|
    |p_0_0_0625_1351301_fu_1392  |   9|          2|   22|         44|
    |p_0_0_0625_1361302_fu_1396  |   9|          2|   22|         44|
    |p_0_0_0625_1371303_fu_1400  |   9|          2|   22|         44|
    |p_0_0_0625_1381304_fu_1404  |   9|          2|   22|         44|
    |p_0_0_0625_1391305_fu_1408  |   9|          2|   22|         44|
    |p_0_0_0625_1401306_fu_1412  |   9|          2|   22|         44|
    |p_0_0_0625_1411307_fu_1416  |   9|          2|   22|         44|
    |p_0_0_0625_141180_fu_908    |   9|          2|   22|         44|
    |p_0_0_0625_1421308_fu_1420  |   9|          2|   22|         44|
    |p_0_0_0625_1431309_fu_1424  |   9|          2|   22|         44|
    |p_0_0_0625_1441310_fu_1428  |   9|          2|   22|         44|
    |p_0_0_0625_1451311_fu_1432  |   9|          2|   22|         44|
    |p_0_0_0625_1461312_fu_1436  |   9|          2|   22|         44|
    |p_0_0_0625_1471313_fu_1440  |   9|          2|   22|         44|
    |p_0_0_0625_1481314_fu_1444  |   9|          2|   22|         44|
    |p_0_0_0625_1491315_fu_1448  |   9|          2|   22|         44|
    |p_0_0_0625_1501316_fu_1452  |   9|          2|   22|         44|
    |p_0_0_0625_1511317_fu_1456  |   9|          2|   22|         44|
    |p_0_0_0625_151181_fu_912    |   9|          2|   22|         44|
    |p_0_0_0625_1521318_fu_1460  |   9|          2|   22|         44|
    |p_0_0_0625_1531319_fu_1464  |   9|          2|   22|         44|
    |p_0_0_0625_1541320_fu_1468  |   9|          2|   22|         44|
    |p_0_0_0625_1551321_fu_1472  |   9|          2|   22|         44|
    |p_0_0_0625_1561322_fu_1476  |   9|          2|   22|         44|
    |p_0_0_0625_1571323_fu_1480  |   9|          2|   22|         44|
    |p_0_0_0625_1581324_fu_1484  |   9|          2|   22|         44|
    |p_0_0_0625_1591325_fu_1488  |   9|          2|   22|         44|
    |p_0_0_0625_1601326_fu_1492  |   9|          2|   22|         44|
    |p_0_0_0625_1611327_fu_1496  |   9|          2|   22|         44|
    |p_0_0_0625_161182_fu_916    |   9|          2|   22|         44|
    |p_0_0_0625_1621328_fu_1500  |   9|          2|   22|         44|
    |p_0_0_0625_1631329_fu_1504  |   9|          2|   22|         44|
    |p_0_0_0625_1641330_fu_1508  |   9|          2|   22|         44|
    |p_0_0_0625_1651331_fu_1512  |   9|          2|   22|         44|
    |p_0_0_0625_1661332_fu_1516  |   9|          2|   22|         44|
    |p_0_0_0625_1671333_fu_1520  |   9|          2|   22|         44|
    |p_0_0_0625_1681334_fu_1524  |   9|          2|   22|         44|
    |p_0_0_0625_1691335_fu_1528  |   9|          2|   22|         44|
    |p_0_0_0625_1701336_fu_1532  |   9|          2|   22|         44|
    |p_0_0_0625_1711337_fu_1536  |   9|          2|   22|         44|
    |p_0_0_0625_171183_fu_920    |   9|          2|   22|         44|
    |p_0_0_0625_1721338_fu_1540  |   9|          2|   22|         44|
    |p_0_0_0625_1731339_fu_1544  |   9|          2|   22|         44|
    |p_0_0_0625_1741340_fu_1548  |   9|          2|   22|         44|
    |p_0_0_0625_1751341_fu_1552  |   9|          2|   22|         44|
    |p_0_0_0625_1761342_fu_1556  |   9|          2|   22|         44|
    |p_0_0_0625_1771343_fu_1560  |   9|          2|   22|         44|
    |p_0_0_0625_1781344_fu_1564  |   9|          2|   22|         44|
    |p_0_0_0625_1791345_fu_1568  |   9|          2|   22|         44|
    |p_0_0_0625_1801346_fu_1572  |   9|          2|   22|         44|
    |p_0_0_0625_1811347_fu_1576  |   9|          2|   22|         44|
    |p_0_0_0625_181184_fu_924    |   9|          2|   22|         44|
    |p_0_0_0625_1821348_fu_1580  |   9|          2|   22|         44|
    |p_0_0_0625_1831349_fu_1584  |   9|          2|   22|         44|
    |p_0_0_0625_1841350_fu_1588  |   9|          2|   22|         44|
    |p_0_0_0625_1851351_fu_1592  |   9|          2|   22|         44|
    |p_0_0_0625_1861352_fu_1596  |   9|          2|   22|         44|
    |p_0_0_0625_1871353_fu_1600  |   9|          2|   22|         44|
    |p_0_0_0625_1881354_fu_1604  |   9|          2|   22|         44|
    |p_0_0_0625_1891355_fu_1608  |   9|          2|   22|         44|
    |p_0_0_0625_1901356_fu_1612  |   9|          2|   22|         44|
    |p_0_0_0625_1911357_fu_1616  |   9|          2|   22|         44|
    |p_0_0_0625_191185_fu_928    |   9|          2|   22|         44|
    |p_0_0_0625_1921358_fu_1620  |   9|          2|   22|         44|
    |p_0_0_0625_1931359_fu_1624  |   9|          2|   22|         44|
    |p_0_0_0625_1941360_fu_1628  |   9|          2|   22|         44|
    |p_0_0_0625_1951361_fu_1632  |   9|          2|   22|         44|
    |p_0_0_0625_1961362_fu_1636  |   9|          2|   22|         44|
    |p_0_0_0625_1971363_fu_1640  |   9|          2|   22|         44|
    |p_0_0_0625_1981364_fu_1644  |   9|          2|   22|         44|
    |p_0_0_0625_1991365_fu_1648  |   9|          2|   22|         44|
    |p_0_0_0625_2001366_fu_1652  |   9|          2|   22|         44|
    |p_0_0_0625_2011367_fu_1656  |   9|          2|   22|         44|
    |p_0_0_0625_201186_fu_932    |   9|          2|   22|         44|
    |p_0_0_0625_2021368_fu_1660  |   9|          2|   22|         44|
    |p_0_0_0625_2031369_fu_1664  |   9|          2|   22|         44|
    |p_0_0_0625_2041370_fu_1668  |   9|          2|   22|         44|
    |p_0_0_0625_2051371_fu_1672  |   9|          2|   22|         44|
    |p_0_0_0625_2061372_fu_1676  |   9|          2|   22|         44|
    |p_0_0_0625_2071373_fu_1680  |   9|          2|   22|         44|
    |p_0_0_0625_2081374_fu_1684  |   9|          2|   22|         44|
    |p_0_0_0625_2091375_fu_1688  |   9|          2|   22|         44|
    |p_0_0_0625_2101376_fu_1692  |   9|          2|   22|         44|
    |p_0_0_0625_2111377_fu_1696  |   9|          2|   22|         44|
    |p_0_0_0625_211187_fu_936    |   9|          2|   22|         44|
    |p_0_0_0625_21168_fu_860     |   9|          2|   22|         44|
    |p_0_0_0625_2121378_fu_1700  |   9|          2|   22|         44|
    |p_0_0_0625_2131379_fu_1704  |   9|          2|   22|         44|
    |p_0_0_0625_2141380_fu_1708  |   9|          2|   22|         44|
    |p_0_0_0625_2151381_fu_1712  |   9|          2|   22|         44|
    |p_0_0_0625_2161382_fu_1716  |   9|          2|   22|         44|
    |p_0_0_0625_2171383_fu_1720  |   9|          2|   22|         44|
    |p_0_0_0625_2181384_fu_1724  |   9|          2|   22|         44|
    |p_0_0_0625_2191385_fu_1728  |   9|          2|   22|         44|
    |p_0_0_0625_2201386_fu_1732  |   9|          2|   22|         44|
    |p_0_0_0625_2211387_fu_1736  |   9|          2|   22|         44|
    |p_0_0_0625_221188_fu_940    |   9|          2|   22|         44|
    |p_0_0_0625_2221388_fu_1740  |   9|          2|   22|         44|
    |p_0_0_0625_2231389_fu_1744  |   9|          2|   22|         44|
    |p_0_0_0625_2241390_fu_1748  |   9|          2|   22|         44|
    |p_0_0_0625_2251391_fu_1752  |   9|          2|   22|         44|
    |p_0_0_0625_2261392_fu_1756  |   9|          2|   22|         44|
    |p_0_0_0625_2271393_fu_1760  |   9|          2|   22|         44|
    |p_0_0_0625_2281394_fu_1764  |   9|          2|   22|         44|
    |p_0_0_0625_2291395_fu_1768  |   9|          2|   22|         44|
    |p_0_0_0625_2301396_fu_1772  |   9|          2|   22|         44|
    |p_0_0_0625_2311397_fu_1776  |   9|          2|   22|         44|
    |p_0_0_0625_231189_fu_944    |   9|          2|   22|         44|
    |p_0_0_0625_2321398_fu_1780  |   9|          2|   22|         44|
    |p_0_0_0625_2331399_fu_1784  |   9|          2|   22|         44|
    |p_0_0_0625_2341400_fu_1788  |   9|          2|   22|         44|
    |p_0_0_0625_2351401_fu_1792  |   9|          2|   22|         44|
    |p_0_0_0625_2361402_fu_1796  |   9|          2|   22|         44|
    |p_0_0_0625_2371403_fu_1800  |   9|          2|   22|         44|
    |p_0_0_0625_2381404_fu_1804  |   9|          2|   22|         44|
    |p_0_0_0625_2391405_fu_1808  |   9|          2|   22|         44|
    |p_0_0_0625_2401406_fu_1812  |   9|          2|   22|         44|
    |p_0_0_0625_2411407_fu_1816  |   9|          2|   22|         44|
    |p_0_0_0625_241190_fu_948    |   9|          2|   22|         44|
    |p_0_0_0625_2421408_fu_1820  |   9|          2|   22|         44|
    |p_0_0_0625_2431409_fu_1824  |   9|          2|   22|         44|
    |p_0_0_0625_2441410_fu_1828  |   9|          2|   22|         44|
    |p_0_0_0625_2451411_fu_1832  |   9|          2|   22|         44|
    |p_0_0_0625_2461412_fu_1836  |   9|          2|   22|         44|
    |p_0_0_0625_2471413_fu_1840  |   9|          2|   22|         44|
    |p_0_0_0625_2481414_fu_1844  |   9|          2|   22|         44|
    |p_0_0_0625_2491415_fu_1848  |   9|          2|   22|         44|
    |p_0_0_0625_2501416_fu_1852  |   9|          2|   22|         44|
    |p_0_0_0625_2511417_fu_1856  |   9|          2|   22|         44|
    |p_0_0_0625_251191_fu_952    |   9|          2|   22|         44|
    |p_0_0_0625_2521418_fu_1860  |   9|          2|   22|         44|
    |p_0_0_0625_2531419_fu_1864  |   9|          2|   22|         44|
    |p_0_0_0625_2541420_fu_1868  |   9|          2|   22|         44|
    |p_0_0_0625_2551421_fu_1872  |   9|          2|   22|         44|
    |p_0_0_0625_2561422_fu_1876  |   9|          2|   22|         44|
    |p_0_0_0625_2571423_fu_1880  |   9|          2|   22|         44|
    |p_0_0_0625_261192_fu_956    |   9|          2|   22|         44|
    |p_0_0_0625_271193_fu_960    |   9|          2|   22|         44|
    |p_0_0_0625_281194_fu_964    |   9|          2|   22|         44|
    |p_0_0_0625_291195_fu_968    |   9|          2|   22|         44|
    |p_0_0_0625_301196_fu_972    |   9|          2|   22|         44|
    |p_0_0_0625_311197_fu_976    |   9|          2|   22|         44|
    |p_0_0_0625_31169_fu_864     |   9|          2|   22|         44|
    |p_0_0_0625_321198_fu_980    |   9|          2|   22|         44|
    |p_0_0_0625_331199_fu_984    |   9|          2|   22|         44|
    |p_0_0_0625_341200_fu_988    |   9|          2|   22|         44|
    |p_0_0_0625_351201_fu_992    |   9|          2|   22|         44|
    |p_0_0_0625_361202_fu_996    |   9|          2|   22|         44|
    |p_0_0_0625_371203_fu_1000   |   9|          2|   22|         44|
    |p_0_0_0625_381204_fu_1004   |   9|          2|   22|         44|
    |p_0_0_0625_391205_fu_1008   |   9|          2|   22|         44|
    |p_0_0_0625_401206_fu_1012   |   9|          2|   22|         44|
    |p_0_0_0625_411207_fu_1016   |   9|          2|   22|         44|
    |p_0_0_0625_41170_fu_868     |   9|          2|   22|         44|
    |p_0_0_0625_421208_fu_1020   |   9|          2|   22|         44|
    |p_0_0_0625_431209_fu_1024   |   9|          2|   22|         44|
    |p_0_0_0625_441210_fu_1028   |   9|          2|   22|         44|
    |p_0_0_0625_451211_fu_1032   |   9|          2|   22|         44|
    |p_0_0_0625_461212_fu_1036   |   9|          2|   22|         44|
    |p_0_0_0625_471213_fu_1040   |   9|          2|   22|         44|
    |p_0_0_0625_481214_fu_1044   |   9|          2|   22|         44|
    |p_0_0_0625_491215_fu_1048   |   9|          2|   22|         44|
    |p_0_0_0625_501216_fu_1052   |   9|          2|   22|         44|
    |p_0_0_0625_511217_fu_1056   |   9|          2|   22|         44|
    |p_0_0_0625_51171_fu_872     |   9|          2|   22|         44|
    |p_0_0_0625_521218_fu_1060   |   9|          2|   22|         44|
    |p_0_0_0625_531219_fu_1064   |   9|          2|   22|         44|
    |p_0_0_0625_541220_fu_1068   |   9|          2|   22|         44|
    |p_0_0_0625_551221_fu_1072   |   9|          2|   22|         44|
    |p_0_0_0625_561222_fu_1076   |   9|          2|   22|         44|
    |p_0_0_0625_571223_fu_1080   |   9|          2|   22|         44|
    |p_0_0_0625_581224_fu_1084   |   9|          2|   22|         44|
    |p_0_0_0625_591225_fu_1088   |   9|          2|   22|         44|
    |p_0_0_0625_601226_fu_1092   |   9|          2|   22|         44|
    |p_0_0_0625_611227_fu_1096   |   9|          2|   22|         44|
    |p_0_0_0625_61172_fu_876     |   9|          2|   22|         44|
    |p_0_0_0625_621228_fu_1100   |   9|          2|   22|         44|
    |p_0_0_0625_631229_fu_1104   |   9|          2|   22|         44|
    |p_0_0_0625_641230_fu_1108   |   9|          2|   22|         44|
    |p_0_0_0625_651231_fu_1112   |   9|          2|   22|         44|
    |p_0_0_0625_661232_fu_1116   |   9|          2|   22|         44|
    |p_0_0_0625_671233_fu_1120   |   9|          2|   22|         44|
    |p_0_0_0625_681234_fu_1124   |   9|          2|   22|         44|
    |p_0_0_0625_691235_fu_1128   |   9|          2|   22|         44|
    |p_0_0_0625_701236_fu_1132   |   9|          2|   22|         44|
    |p_0_0_0625_711237_fu_1136   |   9|          2|   22|         44|
    |p_0_0_0625_71173_fu_880     |   9|          2|   22|         44|
    |p_0_0_0625_721238_fu_1140   |   9|          2|   22|         44|
    |p_0_0_0625_731239_fu_1144   |   9|          2|   22|         44|
    |p_0_0_0625_741240_fu_1148   |   9|          2|   22|         44|
    |p_0_0_0625_751241_fu_1152   |   9|          2|   22|         44|
    |p_0_0_0625_761242_fu_1156   |   9|          2|   22|         44|
    |p_0_0_0625_771243_fu_1160   |   9|          2|   22|         44|
    |p_0_0_0625_781244_fu_1164   |   9|          2|   22|         44|
    |p_0_0_0625_791245_fu_1168   |   9|          2|   22|         44|
    |p_0_0_0625_801246_fu_1172   |   9|          2|   22|         44|
    |p_0_0_0625_811247_fu_1176   |   9|          2|   22|         44|
    |p_0_0_0625_81174_fu_884     |   9|          2|   22|         44|
    |p_0_0_0625_821248_fu_1180   |   9|          2|   22|         44|
    |p_0_0_0625_831249_fu_1184   |   9|          2|   22|         44|
    |p_0_0_0625_841250_fu_1188   |   9|          2|   22|         44|
    |p_0_0_0625_851251_fu_1192   |   9|          2|   22|         44|
    |p_0_0_0625_861252_fu_1196   |   9|          2|   22|         44|
    |p_0_0_0625_871253_fu_1200   |   9|          2|   22|         44|
    |p_0_0_0625_881254_fu_1204   |   9|          2|   22|         44|
    |p_0_0_0625_891255_fu_1208   |   9|          2|   22|         44|
    |p_0_0_0625_901256_fu_1212   |   9|          2|   22|         44|
    |p_0_0_0625_911257_fu_1216   |   9|          2|   22|         44|
    |p_0_0_0625_91175_fu_888     |   9|          2|   22|         44|
    |p_0_0_0625_921258_fu_1220   |   9|          2|   22|         44|
    |p_0_0_0625_931259_fu_1224   |   9|          2|   22|         44|
    |p_0_0_0625_941260_fu_1228   |   9|          2|   22|         44|
    |p_0_0_0625_951261_fu_1232   |   9|          2|   22|         44|
    |p_0_0_0625_961262_fu_1236   |   9|          2|   22|         44|
    |p_0_0_0625_971263_fu_1240   |   9|          2|   22|         44|
    |p_0_0_0625_981264_fu_1244   |   9|          2|   22|         44|
    |p_0_0_0625_991265_fu_1248   |   9|          2|   22|         44|
    +----------------------------+----+-----------+-----+-----------+
    |Total                       |3528|        784| 6985|      13970|
    +----------------------------+----+-----------+-----+-----------+

    * Register: 
    +----------------------------------+----+----+-----+-----------+
    |               Name               | FF | LUT| Bits| Const Bits|
    +----------------------------------+----+----+-----+-----------+
    |and_ln179_1_reg_12696             |   1|   0|    1|          0|
    |and_ln183_reg_12690               |   1|   0|    1|          0|
    |ap_CS_fsm                         |   1|   0|    1|          0|
    |ap_done_reg                       |   1|   0|    1|          0|
    |ap_enable_reg_pp0_iter1           |   1|   0|    1|          0|
    |ap_enable_reg_pp0_iter2           |   1|   0|    1|          0|
    |ap_enable_reg_pp0_iter3           |   1|   0|    1|          0|
    |ap_loop_exit_ready_pp0_iter2_reg  |   1|   0|    1|          0|
    |i_fu_852                          |  15|   0|   15|          0|
    |icmp_ln160_reg_12686              |   1|   0|    1|          0|
    |or_ln179_reg_12702                |   1|   0|    1|          0|
    |p_0_0_06241424_fu_848             |  10|   0|   10|          0|
    |p_0_0_0624_1001525_fu_2280        |  10|   0|   10|          0|
    |p_0_0_0624_1011526_fu_2284        |  10|   0|   10|          0|
    |p_0_0_0624_101435_fu_1920         |  10|   0|   10|          0|
    |p_0_0_0624_1021527_fu_2288        |  10|   0|   10|          0|
    |p_0_0_0624_1031528_fu_2292        |  10|   0|   10|          0|
    |p_0_0_0624_1041529_fu_2296        |  10|   0|   10|          0|
    |p_0_0_0624_1051530_fu_2300        |  10|   0|   10|          0|
    |p_0_0_0624_1061531_fu_2304        |  10|   0|   10|          0|
    |p_0_0_0624_1071532_fu_2308        |  10|   0|   10|          0|
    |p_0_0_0624_1081533_fu_2312        |  10|   0|   10|          0|
    |p_0_0_0624_1091534_fu_2316        |  10|   0|   10|          0|
    |p_0_0_0624_1101535_fu_2320        |  10|   0|   10|          0|
    |p_0_0_0624_1111536_fu_2324        |  10|   0|   10|          0|
    |p_0_0_0624_111436_fu_1924         |  10|   0|   10|          0|
    |p_0_0_0624_1121537_fu_2328        |  10|   0|   10|          0|
    |p_0_0_0624_1131538_fu_2332        |  10|   0|   10|          0|
    |p_0_0_0624_1141539_fu_2336        |  10|   0|   10|          0|
    |p_0_0_0624_11426_fu_1884          |  10|   0|   10|          0|
    |p_0_0_0624_1151540_fu_2340        |  10|   0|   10|          0|
    |p_0_0_0624_1161541_fu_2344        |  10|   0|   10|          0|
    |p_0_0_0624_1171542_fu_2348        |  10|   0|   10|          0|
    |p_0_0_0624_1181543_fu_2352        |  10|   0|   10|          0|
    |p_0_0_0624_1191544_fu_2356        |  10|   0|   10|          0|
    |p_0_0_0624_1201545_fu_2360        |  10|   0|   10|          0|
    |p_0_0_0624_1211546_fu_2364        |  10|   0|   10|          0|
    |p_0_0_0624_121437_fu_1928         |  10|   0|   10|          0|
    |p_0_0_0624_1221547_fu_2368        |  10|   0|   10|          0|
    |p_0_0_0624_1231548_fu_2372        |  10|   0|   10|          0|
    |p_0_0_0624_1241549_fu_2376        |  10|   0|   10|          0|
    |p_0_0_0624_1251550_fu_2380        |  10|   0|   10|          0|
    |p_0_0_0624_1261551_fu_2384        |  10|   0|   10|          0|
    |p_0_0_0624_1271552_fu_2388        |  10|   0|   10|          0|
    |p_0_0_0624_1281553_fu_2392        |  10|   0|   10|          0|
    |p_0_0_0624_131438_fu_1932         |  10|   0|   10|          0|
    |p_0_0_0624_141439_fu_1936         |  10|   0|   10|          0|
    |p_0_0_0624_151440_fu_1940         |  10|   0|   10|          0|
    |p_0_0_0624_161441_fu_1944         |  10|   0|   10|          0|
    |p_0_0_0624_171442_fu_1948         |  10|   0|   10|          0|
    |p_0_0_0624_181443_fu_1952         |  10|   0|   10|          0|
    |p_0_0_0624_191444_fu_1956         |  10|   0|   10|          0|
    |p_0_0_0624_201445_fu_1960         |  10|   0|   10|          0|
    |p_0_0_0624_211446_fu_1964         |  10|   0|   10|          0|
    |p_0_0_0624_21427_fu_1888          |  10|   0|   10|          0|
    |p_0_0_0624_221447_fu_1968         |  10|   0|   10|          0|
    |p_0_0_0624_231448_fu_1972         |  10|   0|   10|          0|
    |p_0_0_0624_241449_fu_1976         |  10|   0|   10|          0|
    |p_0_0_0624_251450_fu_1980         |  10|   0|   10|          0|
    |p_0_0_0624_261451_fu_1984         |  10|   0|   10|          0|
    |p_0_0_0624_271452_fu_1988         |  10|   0|   10|          0|
    |p_0_0_0624_281453_fu_1992         |  10|   0|   10|          0|
    |p_0_0_0624_291454_fu_1996         |  10|   0|   10|          0|
    |p_0_0_0624_301455_fu_2000         |  10|   0|   10|          0|
    |p_0_0_0624_311456_fu_2004         |  10|   0|   10|          0|
    |p_0_0_0624_31428_fu_1892          |  10|   0|   10|          0|
    |p_0_0_0624_321457_fu_2008         |  10|   0|   10|          0|
    |p_0_0_0624_331458_fu_2012         |  10|   0|   10|          0|
    |p_0_0_0624_341459_fu_2016         |  10|   0|   10|          0|
    |p_0_0_0624_351460_fu_2020         |  10|   0|   10|          0|
    |p_0_0_0624_361461_fu_2024         |  10|   0|   10|          0|
    |p_0_0_0624_371462_fu_2028         |  10|   0|   10|          0|
    |p_0_0_0624_381463_fu_2032         |  10|   0|   10|          0|
    |p_0_0_0624_391464_fu_2036         |  10|   0|   10|          0|
    |p_0_0_0624_401465_fu_2040         |  10|   0|   10|          0|
    |p_0_0_0624_411466_fu_2044         |  10|   0|   10|          0|
    |p_0_0_0624_41429_fu_1896          |  10|   0|   10|          0|
    |p_0_0_0624_421467_fu_2048         |  10|   0|   10|          0|
    |p_0_0_0624_431468_fu_2052         |  10|   0|   10|          0|
    |p_0_0_0624_441469_fu_2056         |  10|   0|   10|          0|
    |p_0_0_0624_451470_fu_2060         |  10|   0|   10|          0|
    |p_0_0_0624_461471_fu_2064         |  10|   0|   10|          0|
    |p_0_0_0624_471472_fu_2068         |  10|   0|   10|          0|
    |p_0_0_0624_481473_fu_2072         |  10|   0|   10|          0|
    |p_0_0_0624_491474_fu_2076         |  10|   0|   10|          0|
    |p_0_0_0624_501475_fu_2080         |  10|   0|   10|          0|
    |p_0_0_0624_511476_fu_2084         |  10|   0|   10|          0|
    |p_0_0_0624_51430_fu_1900          |  10|   0|   10|          0|
    |p_0_0_0624_521477_fu_2088         |  10|   0|   10|          0|
    |p_0_0_0624_531478_fu_2092         |  10|   0|   10|          0|
    |p_0_0_0624_541479_fu_2096         |  10|   0|   10|          0|
    |p_0_0_0624_551480_fu_2100         |  10|   0|   10|          0|
    |p_0_0_0624_561481_fu_2104         |  10|   0|   10|          0|
    |p_0_0_0624_571482_fu_2108         |  10|   0|   10|          0|
    |p_0_0_0624_581483_fu_2112         |  10|   0|   10|          0|
    |p_0_0_0624_591484_fu_2116         |  10|   0|   10|          0|
    |p_0_0_0624_601485_fu_2120         |  10|   0|   10|          0|
    |p_0_0_0624_611486_fu_2124         |  10|   0|   10|          0|
    |p_0_0_0624_61431_fu_1904          |  10|   0|   10|          0|
    |p_0_0_0624_621487_fu_2128         |  10|   0|   10|          0|
    |p_0_0_0624_631488_fu_2132         |  10|   0|   10|          0|
    |p_0_0_0624_641489_fu_2136         |  10|   0|   10|          0|
    |p_0_0_0624_651490_fu_2140         |  10|   0|   10|          0|
    |p_0_0_0624_661491_fu_2144         |  10|   0|   10|          0|
    |p_0_0_0624_671492_fu_2148         |  10|   0|   10|          0|
    |p_0_0_0624_681493_fu_2152         |  10|   0|   10|          0|
    |p_0_0_0624_691494_fu_2156         |  10|   0|   10|          0|
    |p_0_0_0624_701495_fu_2160         |  10|   0|   10|          0|
    |p_0_0_0624_711496_fu_2164         |  10|   0|   10|          0|
    |p_0_0_0624_71432_fu_1908          |  10|   0|   10|          0|
    |p_0_0_0624_721497_fu_2168         |  10|   0|   10|          0|
    |p_0_0_0624_731498_fu_2172         |  10|   0|   10|          0|
    |p_0_0_0624_741499_fu_2176         |  10|   0|   10|          0|
    |p_0_0_0624_751500_fu_2180         |  10|   0|   10|          0|
    |p_0_0_0624_761501_fu_2184         |  10|   0|   10|          0|
    |p_0_0_0624_771502_fu_2188         |  10|   0|   10|          0|
    |p_0_0_0624_781503_fu_2192         |  10|   0|   10|          0|
    |p_0_0_0624_791504_fu_2196         |  10|   0|   10|          0|
    |p_0_0_0624_801505_fu_2200         |  10|   0|   10|          0|
    |p_0_0_0624_811506_fu_2204         |  10|   0|   10|          0|
    |p_0_0_0624_81433_fu_1912          |  10|   0|   10|          0|
    |p_0_0_0624_821507_fu_2208         |  10|   0|   10|          0|
    |p_0_0_0624_831508_fu_2212         |  10|   0|   10|          0|
    |p_0_0_0624_841509_fu_2216         |  10|   0|   10|          0|
    |p_0_0_0624_851510_fu_2220         |  10|   0|   10|          0|
    |p_0_0_0624_861511_fu_2224         |  10|   0|   10|          0|
    |p_0_0_0624_871512_fu_2228         |  10|   0|   10|          0|
    |p_0_0_0624_881513_fu_2232         |  10|   0|   10|          0|
    |p_0_0_0624_891514_fu_2236         |  10|   0|   10|          0|
    |p_0_0_0624_901515_fu_2240         |  10|   0|   10|          0|
    |p_0_0_0624_911516_fu_2244         |  10|   0|   10|          0|
    |p_0_0_0624_91434_fu_1916          |  10|   0|   10|          0|
    |p_0_0_0624_921517_fu_2248         |  10|   0|   10|          0|
    |p_0_0_0624_931518_fu_2252         |  10|   0|   10|          0|
    |p_0_0_0624_941519_fu_2256         |  10|   0|   10|          0|
    |p_0_0_0624_951520_fu_2260         |  10|   0|   10|          0|
    |p_0_0_0624_961521_fu_2264         |  10|   0|   10|          0|
    |p_0_0_0624_971522_fu_2268         |  10|   0|   10|          0|
    |p_0_0_0624_981523_fu_2272         |  10|   0|   10|          0|
    |p_0_0_0624_991524_fu_2276         |  10|   0|   10|          0|
    |p_0_0_06251165_fu_844             |  22|   0|   22|          0|
    |p_0_0_0625_1001266_fu_1252        |  22|   0|   22|          0|
    |p_0_0_0625_1011267_fu_1256        |  22|   0|   22|          0|
    |p_0_0_0625_101176_fu_892          |  22|   0|   22|          0|
    |p_0_0_0625_1021268_fu_1260        |  22|   0|   22|          0|
    |p_0_0_0625_1031269_fu_1264        |  22|   0|   22|          0|
    |p_0_0_0625_1041270_fu_1268        |  22|   0|   22|          0|
    |p_0_0_0625_1051271_fu_1272        |  22|   0|   22|          0|
    |p_0_0_0625_1061272_fu_1276        |  22|   0|   22|          0|
    |p_0_0_0625_1071273_fu_1280        |  22|   0|   22|          0|
    |p_0_0_0625_1081274_fu_1284        |  22|   0|   22|          0|
    |p_0_0_0625_1091275_fu_1288        |  22|   0|   22|          0|
    |p_0_0_0625_1101276_fu_1292        |  22|   0|   22|          0|
    |p_0_0_0625_1111277_fu_1296        |  22|   0|   22|          0|
    |p_0_0_0625_111177_fu_896          |  22|   0|   22|          0|
    |p_0_0_0625_11167_fu_856           |  22|   0|   22|          0|
    |p_0_0_0625_1121278_fu_1300        |  22|   0|   22|          0|
    |p_0_0_0625_1131279_fu_1304        |  22|   0|   22|          0|
    |p_0_0_0625_1141280_fu_1308        |  22|   0|   22|          0|
    |p_0_0_0625_1151281_fu_1312        |  22|   0|   22|          0|
    |p_0_0_0625_1161282_fu_1316        |  22|   0|   22|          0|
    |p_0_0_0625_1171283_fu_1320        |  22|   0|   22|          0|
    |p_0_0_0625_1181284_fu_1324        |  22|   0|   22|          0|
    |p_0_0_0625_1191285_fu_1328        |  22|   0|   22|          0|
    |p_0_0_0625_1201286_fu_1332        |  22|   0|   22|          0|
    |p_0_0_0625_1211287_fu_1336        |  22|   0|   22|          0|
    |p_0_0_0625_121178_fu_900          |  22|   0|   22|          0|
    |p_0_0_0625_1221288_fu_1340        |  22|   0|   22|          0|
    |p_0_0_0625_1231289_fu_1344        |  22|   0|   22|          0|
    |p_0_0_0625_1241290_fu_1348        |  22|   0|   22|          0|
    |p_0_0_0625_1251291_fu_1352        |  22|   0|   22|          0|
    |p_0_0_0625_1261292_fu_1356        |  22|   0|   22|          0|
    |p_0_0_0625_1271293_fu_1360        |  22|   0|   22|          0|
    |p_0_0_0625_1281294_fu_1364        |  22|   0|   22|          0|
    |p_0_0_0625_1291295_fu_1368        |  22|   0|   22|          0|
    |p_0_0_0625_1301296_fu_1372        |  22|   0|   22|          0|
    |p_0_0_0625_1311297_fu_1376        |  22|   0|   22|          0|
    |p_0_0_0625_131179_fu_904          |  22|   0|   22|          0|
    |p_0_0_0625_1321298_fu_1380        |  22|   0|   22|          0|
    |p_0_0_0625_1331299_fu_1384        |  22|   0|   22|          0|
    |p_0_0_0625_1341300_fu_1388        |  22|   0|   22|          0|
    |p_0_0_0625_1351301_fu_1392        |  22|   0|   22|          0|
    |p_0_0_0625_1361302_fu_1396        |  22|   0|   22|          0|
    |p_0_0_0625_1371303_fu_1400        |  22|   0|   22|          0|
    |p_0_0_0625_1381304_fu_1404        |  22|   0|   22|          0|
    |p_0_0_0625_1391305_fu_1408        |  22|   0|   22|          0|
    |p_0_0_0625_1401306_fu_1412        |  22|   0|   22|          0|
    |p_0_0_0625_1411307_fu_1416        |  22|   0|   22|          0|
    |p_0_0_0625_141180_fu_908          |  22|   0|   22|          0|
    |p_0_0_0625_1421308_fu_1420        |  22|   0|   22|          0|
    |p_0_0_0625_1431309_fu_1424        |  22|   0|   22|          0|
    |p_0_0_0625_1441310_fu_1428        |  22|   0|   22|          0|
    |p_0_0_0625_1451311_fu_1432        |  22|   0|   22|          0|
    |p_0_0_0625_1461312_fu_1436        |  22|   0|   22|          0|
    |p_0_0_0625_1471313_fu_1440        |  22|   0|   22|          0|
    |p_0_0_0625_1481314_fu_1444        |  22|   0|   22|          0|
    |p_0_0_0625_1491315_fu_1448        |  22|   0|   22|          0|
    |p_0_0_0625_1501316_fu_1452        |  22|   0|   22|          0|
    |p_0_0_0625_1511317_fu_1456        |  22|   0|   22|          0|
    |p_0_0_0625_151181_fu_912          |  22|   0|   22|          0|
    |p_0_0_0625_1521318_fu_1460        |  22|   0|   22|          0|
    |p_0_0_0625_1531319_fu_1464        |  22|   0|   22|          0|
    |p_0_0_0625_1541320_fu_1468        |  22|   0|   22|          0|
    |p_0_0_0625_1551321_fu_1472        |  22|   0|   22|          0|
    |p_0_0_0625_1561322_fu_1476        |  22|   0|   22|          0|
    |p_0_0_0625_1571323_fu_1480        |  22|   0|   22|          0|
    |p_0_0_0625_1581324_fu_1484        |  22|   0|   22|          0|
    |p_0_0_0625_1591325_fu_1488        |  22|   0|   22|          0|
    |p_0_0_0625_1601326_fu_1492        |  22|   0|   22|          0|
    |p_0_0_0625_1611327_fu_1496        |  22|   0|   22|          0|
    |p_0_0_0625_161182_fu_916          |  22|   0|   22|          0|
    |p_0_0_0625_1621328_fu_1500        |  22|   0|   22|          0|
    |p_0_0_0625_1631329_fu_1504        |  22|   0|   22|          0|
    |p_0_0_0625_1641330_fu_1508        |  22|   0|   22|          0|
    |p_0_0_0625_1651331_fu_1512        |  22|   0|   22|          0|
    |p_0_0_0625_1661332_fu_1516        |  22|   0|   22|          0|
    |p_0_0_0625_1671333_fu_1520        |  22|   0|   22|          0|
    |p_0_0_0625_1681334_fu_1524        |  22|   0|   22|          0|
    |p_0_0_0625_1691335_fu_1528        |  22|   0|   22|          0|
    |p_0_0_0625_1701336_fu_1532        |  22|   0|   22|          0|
    |p_0_0_0625_1711337_fu_1536        |  22|   0|   22|          0|
    |p_0_0_0625_171183_fu_920          |  22|   0|   22|          0|
    |p_0_0_0625_1721338_fu_1540        |  22|   0|   22|          0|
    |p_0_0_0625_1731339_fu_1544        |  22|   0|   22|          0|
    |p_0_0_0625_1741340_fu_1548        |  22|   0|   22|          0|
    |p_0_0_0625_1751341_fu_1552        |  22|   0|   22|          0|
    |p_0_0_0625_1761342_fu_1556        |  22|   0|   22|          0|
    |p_0_0_0625_1771343_fu_1560        |  22|   0|   22|          0|
    |p_0_0_0625_1781344_fu_1564        |  22|   0|   22|          0|
    |p_0_0_0625_1791345_fu_1568        |  22|   0|   22|          0|
    |p_0_0_0625_1801346_fu_1572        |  22|   0|   22|          0|
    |p_0_0_0625_1811347_fu_1576        |  22|   0|   22|          0|
    |p_0_0_0625_181184_fu_924          |  22|   0|   22|          0|
    |p_0_0_0625_1821348_fu_1580        |  22|   0|   22|          0|
    |p_0_0_0625_1831349_fu_1584        |  22|   0|   22|          0|
    |p_0_0_0625_1841350_fu_1588        |  22|   0|   22|          0|
    |p_0_0_0625_1851351_fu_1592        |  22|   0|   22|          0|
    |p_0_0_0625_1861352_fu_1596        |  22|   0|   22|          0|
    |p_0_0_0625_1871353_fu_1600        |  22|   0|   22|          0|
    |p_0_0_0625_1881354_fu_1604        |  22|   0|   22|          0|
    |p_0_0_0625_1891355_fu_1608        |  22|   0|   22|          0|
    |p_0_0_0625_1901356_fu_1612        |  22|   0|   22|          0|
    |p_0_0_0625_1911357_fu_1616        |  22|   0|   22|          0|
    |p_0_0_0625_191185_fu_928          |  22|   0|   22|          0|
    |p_0_0_0625_1921358_fu_1620        |  22|   0|   22|          0|
    |p_0_0_0625_1931359_fu_1624        |  22|   0|   22|          0|
    |p_0_0_0625_1941360_fu_1628        |  22|   0|   22|          0|
    |p_0_0_0625_1951361_fu_1632        |  22|   0|   22|          0|
    |p_0_0_0625_1961362_fu_1636        |  22|   0|   22|          0|
    |p_0_0_0625_1971363_fu_1640        |  22|   0|   22|          0|
    |p_0_0_0625_1981364_fu_1644        |  22|   0|   22|          0|
    |p_0_0_0625_1991365_fu_1648        |  22|   0|   22|          0|
    |p_0_0_0625_2001366_fu_1652        |  22|   0|   22|          0|
    |p_0_0_0625_2011367_fu_1656        |  22|   0|   22|          0|
    |p_0_0_0625_201186_fu_932          |  22|   0|   22|          0|
    |p_0_0_0625_2021368_fu_1660        |  22|   0|   22|          0|
    |p_0_0_0625_2031369_fu_1664        |  22|   0|   22|          0|
    |p_0_0_0625_2041370_fu_1668        |  22|   0|   22|          0|
    |p_0_0_0625_2051371_fu_1672        |  22|   0|   22|          0|
    |p_0_0_0625_2061372_fu_1676        |  22|   0|   22|          0|
    |p_0_0_0625_2071373_fu_1680        |  22|   0|   22|          0|
    |p_0_0_0625_2081374_fu_1684        |  22|   0|   22|          0|
    |p_0_0_0625_2091375_fu_1688        |  22|   0|   22|          0|
    |p_0_0_0625_2101376_fu_1692        |  22|   0|   22|          0|
    |p_0_0_0625_2111377_fu_1696        |  22|   0|   22|          0|
    |p_0_0_0625_211187_fu_936          |  22|   0|   22|          0|
    |p_0_0_0625_21168_fu_860           |  22|   0|   22|          0|
    |p_0_0_0625_2121378_fu_1700        |  22|   0|   22|          0|
    |p_0_0_0625_2131379_fu_1704        |  22|   0|   22|          0|
    |p_0_0_0625_2141380_fu_1708        |  22|   0|   22|          0|
    |p_0_0_0625_2151381_fu_1712        |  22|   0|   22|          0|
    |p_0_0_0625_2161382_fu_1716        |  22|   0|   22|          0|
    |p_0_0_0625_2171383_fu_1720        |  22|   0|   22|          0|
    |p_0_0_0625_2181384_fu_1724        |  22|   0|   22|          0|
    |p_0_0_0625_2191385_fu_1728        |  22|   0|   22|          0|
    |p_0_0_0625_2201386_fu_1732        |  22|   0|   22|          0|
    |p_0_0_0625_2211387_fu_1736        |  22|   0|   22|          0|
    |p_0_0_0625_221188_fu_940          |  22|   0|   22|          0|
    |p_0_0_0625_2221388_fu_1740        |  22|   0|   22|          0|
    |p_0_0_0625_2231389_fu_1744        |  22|   0|   22|          0|
    |p_0_0_0625_2241390_fu_1748        |  22|   0|   22|          0|
    |p_0_0_0625_2251391_fu_1752        |  22|   0|   22|          0|
    |p_0_0_0625_2261392_fu_1756        |  22|   0|   22|          0|
    |p_0_0_0625_2271393_fu_1760        |  22|   0|   22|          0|
    |p_0_0_0625_2281394_fu_1764        |  22|   0|   22|          0|
    |p_0_0_0625_2291395_fu_1768        |  22|   0|   22|          0|
    |p_0_0_0625_2301396_fu_1772        |  22|   0|   22|          0|
    |p_0_0_0625_2311397_fu_1776        |  22|   0|   22|          0|
    |p_0_0_0625_231189_fu_944          |  22|   0|   22|          0|
    |p_0_0_0625_2321398_fu_1780        |  22|   0|   22|          0|
    |p_0_0_0625_2331399_fu_1784        |  22|   0|   22|          0|
    |p_0_0_0625_2341400_fu_1788        |  22|   0|   22|          0|
    |p_0_0_0625_2351401_fu_1792        |  22|   0|   22|          0|
    |p_0_0_0625_2361402_fu_1796        |  22|   0|   22|          0|
    |p_0_0_0625_2371403_fu_1800        |  22|   0|   22|          0|
    |p_0_0_0625_2381404_fu_1804        |  22|   0|   22|          0|
    |p_0_0_0625_2391405_fu_1808        |  22|   0|   22|          0|
    |p_0_0_0625_2401406_fu_1812        |  22|   0|   22|          0|
    |p_0_0_0625_2411407_fu_1816        |  22|   0|   22|          0|
    |p_0_0_0625_241190_fu_948          |  22|   0|   22|          0|
    |p_0_0_0625_2421408_fu_1820        |  22|   0|   22|          0|
    |p_0_0_0625_2431409_fu_1824        |  22|   0|   22|          0|
    |p_0_0_0625_2441410_fu_1828        |  22|   0|   22|          0|
    |p_0_0_0625_2451411_fu_1832        |  22|   0|   22|          0|
    |p_0_0_0625_2461412_fu_1836        |  22|   0|   22|          0|
    |p_0_0_0625_2471413_fu_1840        |  22|   0|   22|          0|
    |p_0_0_0625_2481414_fu_1844        |  22|   0|   22|          0|
    |p_0_0_0625_2491415_fu_1848        |  22|   0|   22|          0|
    |p_0_0_0625_2501416_fu_1852        |  22|   0|   22|          0|
    |p_0_0_0625_2511417_fu_1856        |  22|   0|   22|          0|
    |p_0_0_0625_251191_fu_952          |  22|   0|   22|          0|
    |p_0_0_0625_2521418_fu_1860        |  22|   0|   22|          0|
    |p_0_0_0625_2531419_fu_1864        |  22|   0|   22|          0|
    |p_0_0_0625_2541420_fu_1868        |  22|   0|   22|          0|
    |p_0_0_0625_2551421_fu_1872        |  22|   0|   22|          0|
    |p_0_0_0625_2561422_fu_1876        |  22|   0|   22|          0|
    |p_0_0_0625_2571423_fu_1880        |  22|   0|   22|          0|
    |p_0_0_0625_261192_fu_956          |  22|   0|   22|          0|
    |p_0_0_0625_271193_fu_960          |  22|   0|   22|          0|
    |p_0_0_0625_281194_fu_964          |  22|   0|   22|          0|
    |p_0_0_0625_291195_fu_968          |  22|   0|   22|          0|
    |p_0_0_0625_301196_fu_972          |  22|   0|   22|          0|
    |p_0_0_0625_311197_fu_976          |  22|   0|   22|          0|
    |p_0_0_0625_31169_fu_864           |  22|   0|   22|          0|
    |p_0_0_0625_321198_fu_980          |  22|   0|   22|          0|
    |p_0_0_0625_331199_fu_984          |  22|   0|   22|          0|
    |p_0_0_0625_341200_fu_988          |  22|   0|   22|          0|
    |p_0_0_0625_351201_fu_992          |  22|   0|   22|          0|
    |p_0_0_0625_361202_fu_996          |  22|   0|   22|          0|
    |p_0_0_0625_371203_fu_1000         |  22|   0|   22|          0|
    |p_0_0_0625_381204_fu_1004         |  22|   0|   22|          0|
    |p_0_0_0625_391205_fu_1008         |  22|   0|   22|          0|
    |p_0_0_0625_401206_fu_1012         |  22|   0|   22|          0|
    |p_0_0_0625_411207_fu_1016         |  22|   0|   22|          0|
    |p_0_0_0625_41170_fu_868           |  22|   0|   22|          0|
    |p_0_0_0625_421208_fu_1020         |  22|   0|   22|          0|
    |p_0_0_0625_431209_fu_1024         |  22|   0|   22|          0|
    |p_0_0_0625_441210_fu_1028         |  22|   0|   22|          0|
    |p_0_0_0625_451211_fu_1032         |  22|   0|   22|          0|
    |p_0_0_0625_461212_fu_1036         |  22|   0|   22|          0|
    |p_0_0_0625_471213_fu_1040         |  22|   0|   22|          0|
    |p_0_0_0625_481214_fu_1044         |  22|   0|   22|          0|
    |p_0_0_0625_491215_fu_1048         |  22|   0|   22|          0|
    |p_0_0_0625_501216_fu_1052         |  22|   0|   22|          0|
    |p_0_0_0625_511217_fu_1056         |  22|   0|   22|          0|
    |p_0_0_0625_51171_fu_872           |  22|   0|   22|          0|
    |p_0_0_0625_521218_fu_1060         |  22|   0|   22|          0|
    |p_0_0_0625_531219_fu_1064         |  22|   0|   22|          0|
    |p_0_0_0625_541220_fu_1068         |  22|   0|   22|          0|
    |p_0_0_0625_551221_fu_1072         |  22|   0|   22|          0|
    |p_0_0_0625_561222_fu_1076         |  22|   0|   22|          0|
    |p_0_0_0625_571223_fu_1080         |  22|   0|   22|          0|
    |p_0_0_0625_581224_fu_1084         |  22|   0|   22|          0|
    |p_0_0_0625_591225_fu_1088         |  22|   0|   22|          0|
    |p_0_0_0625_601226_fu_1092         |  22|   0|   22|          0|
    |p_0_0_0625_611227_fu_1096         |  22|   0|   22|          0|
    |p_0_0_0625_61172_fu_876           |  22|   0|   22|          0|
    |p_0_0_0625_621228_fu_1100         |  22|   0|   22|          0|
    |p_0_0_0625_631229_fu_1104         |  22|   0|   22|          0|
    |p_0_0_0625_641230_fu_1108         |  22|   0|   22|          0|
    |p_0_0_0625_651231_fu_1112         |  22|   0|   22|          0|
    |p_0_0_0625_661232_fu_1116         |  22|   0|   22|          0|
    |p_0_0_0625_671233_fu_1120         |  22|   0|   22|          0|
    |p_0_0_0625_681234_fu_1124         |  22|   0|   22|          0|
    |p_0_0_0625_691235_fu_1128         |  22|   0|   22|          0|
    |p_0_0_0625_701236_fu_1132         |  22|   0|   22|          0|
    |p_0_0_0625_711237_fu_1136         |  22|   0|   22|          0|
    |p_0_0_0625_71173_fu_880           |  22|   0|   22|          0|
    |p_0_0_0625_721238_fu_1140         |  22|   0|   22|          0|
    |p_0_0_0625_731239_fu_1144         |  22|   0|   22|          0|
    |p_0_0_0625_741240_fu_1148         |  22|   0|   22|          0|
    |p_0_0_0625_751241_fu_1152         |  22|   0|   22|          0|
    |p_0_0_0625_761242_fu_1156         |  22|   0|   22|          0|
    |p_0_0_0625_771243_fu_1160         |  22|   0|   22|          0|
    |p_0_0_0625_781244_fu_1164         |  22|   0|   22|          0|
    |p_0_0_0625_791245_fu_1168         |  22|   0|   22|          0|
    |p_0_0_0625_801246_fu_1172         |  22|   0|   22|          0|
    |p_0_0_0625_811247_fu_1176         |  22|   0|   22|          0|
    |p_0_0_0625_81174_fu_884           |  22|   0|   22|          0|
    |p_0_0_0625_821248_fu_1180         |  22|   0|   22|          0|
    |p_0_0_0625_831249_fu_1184         |  22|   0|   22|          0|
    |p_0_0_0625_841250_fu_1188         |  22|   0|   22|          0|
    |p_0_0_0625_851251_fu_1192         |  22|   0|   22|          0|
    |p_0_0_0625_861252_fu_1196         |  22|   0|   22|          0|
    |p_0_0_0625_871253_fu_1200         |  22|   0|   22|          0|
    |p_0_0_0625_881254_fu_1204         |  22|   0|   22|          0|
    |p_0_0_0625_891255_fu_1208         |  22|   0|   22|          0|
    |p_0_0_0625_901256_fu_1212         |  22|   0|   22|          0|
    |p_0_0_0625_911257_fu_1216         |  22|   0|   22|          0|
    |p_0_0_0625_91175_fu_888           |  22|   0|   22|          0|
    |p_0_0_0625_921258_fu_1220         |  22|   0|   22|          0|
    |p_0_0_0625_931259_fu_1224         |  22|   0|   22|          0|
    |p_0_0_0625_941260_fu_1228         |  22|   0|   22|          0|
    |p_0_0_0625_951261_fu_1232         |  22|   0|   22|          0|
    |p_0_0_0625_961262_fu_1236         |  22|   0|   22|          0|
    |p_0_0_0625_971263_fu_1240         |  22|   0|   22|          0|
    |p_0_0_0625_981264_fu_1244         |  22|   0|   22|          0|
    |p_0_0_0625_991265_fu_1248         |  22|   0|   22|          0|
    |sup_V_reg_12708                   |  22|   0|   22|          0|
    +----------------------------------+----+----+-----+-----------+
    |Total                             |7013|   0| 7013|          0|
    +----------------------------------+----+----+-----+-----------+



================================================================
== Interface
================================================================
* Summary: 
+--------------------+-----+-----+------------+----------------------------+--------------+
|      RTL Ports     | Dir | Bits|  Protocol  |        Source Object       |    C Type    |
+--------------------+-----+-----+------------+----------------------------+--------------+
|ap_clk              |   in|    1|  ap_ctrl_hs|  canny_Pipeline_rest_result|  return value|
|ap_rst              |   in|    1|  ap_ctrl_hs|  canny_Pipeline_rest_result|  return value|
|ap_start            |   in|    1|  ap_ctrl_hs|  canny_Pipeline_rest_result|  return value|
|ap_done             |  out|    1|  ap_ctrl_hs|  canny_Pipeline_rest_result|  return value|
|ap_idle             |  out|    1|  ap_ctrl_hs|  canny_Pipeline_rest_result|  return value|
|ap_ready            |  out|    1|  ap_ctrl_hs|  canny_Pipeline_rest_result|  return value|
|dst_TREADY          |   in|    1|        axis|                         dst|       pointer|
|dst_TDATA           |  out|   32|        axis|                         dst|       pointer|
|dst_TVALID          |  out|    1|        axis|                         dst|       pointer|
|theta_V_reload      |   in|   10|     ap_none|              theta_V_reload|        scalar|
|theta_V_1_reload    |   in|   10|     ap_none|            theta_V_1_reload|        scalar|
|theta_V_2_reload    |   in|   10|     ap_none|            theta_V_2_reload|        scalar|
|theta_V_3_reload    |   in|   10|     ap_none|            theta_V_3_reload|        scalar|
|theta_V_4_reload    |   in|   10|     ap_none|            theta_V_4_reload|        scalar|
|theta_V_5_reload    |   in|   10|     ap_none|            theta_V_5_reload|        scalar|
|theta_V_6_reload    |   in|   10|     ap_none|            theta_V_6_reload|        scalar|
|theta_V_7_reload    |   in|   10|     ap_none|            theta_V_7_reload|        scalar|
|theta_V_8_reload    |   in|   10|     ap_none|            theta_V_8_reload|        scalar|
|theta_V_9_reload    |   in|   10|     ap_none|            theta_V_9_reload|        scalar|
|theta_V_10_reload   |   in|   10|     ap_none|           theta_V_10_reload|        scalar|
|theta_V_11_reload   |   in|   10|     ap_none|           theta_V_11_reload|        scalar|
|theta_V_12_reload   |   in|   10|     ap_none|           theta_V_12_reload|        scalar|
|theta_V_13_reload   |   in|   10|     ap_none|           theta_V_13_reload|        scalar|
|theta_V_14_reload   |   in|   10|     ap_none|           theta_V_14_reload|        scalar|
|theta_V_15_reload   |   in|   10|     ap_none|           theta_V_15_reload|        scalar|
|theta_V_16_reload   |   in|   10|     ap_none|           theta_V_16_reload|        scalar|
|theta_V_17_reload   |   in|   10|     ap_none|           theta_V_17_reload|        scalar|
|theta_V_18_reload   |   in|   10|     ap_none|           theta_V_18_reload|        scalar|
|theta_V_19_reload   |   in|   10|     ap_none|           theta_V_19_reload|        scalar|
|theta_V_20_reload   |   in|   10|     ap_none|           theta_V_20_reload|        scalar|
|theta_V_21_reload   |   in|   10|     ap_none|           theta_V_21_reload|        scalar|
|theta_V_22_reload   |   in|   10|     ap_none|           theta_V_22_reload|        scalar|
|theta_V_23_reload   |   in|   10|     ap_none|           theta_V_23_reload|        scalar|
|theta_V_24_reload   |   in|   10|     ap_none|           theta_V_24_reload|        scalar|
|theta_V_25_reload   |   in|   10|     ap_none|           theta_V_25_reload|        scalar|
|theta_V_26_reload   |   in|   10|     ap_none|           theta_V_26_reload|        scalar|
|theta_V_27_reload   |   in|   10|     ap_none|           theta_V_27_reload|        scalar|
|theta_V_28_reload   |   in|   10|     ap_none|           theta_V_28_reload|        scalar|
|theta_V_29_reload   |   in|   10|     ap_none|           theta_V_29_reload|        scalar|
|theta_V_30_reload   |   in|   10|     ap_none|           theta_V_30_reload|        scalar|
|theta_V_31_reload   |   in|   10|     ap_none|           theta_V_31_reload|        scalar|
|theta_V_32_reload   |   in|   10|     ap_none|           theta_V_32_reload|        scalar|
|theta_V_33_reload   |   in|   10|     ap_none|           theta_V_33_reload|        scalar|
|theta_V_34_reload   |   in|   10|     ap_none|           theta_V_34_reload|        scalar|
|theta_V_35_reload   |   in|   10|     ap_none|           theta_V_35_reload|        scalar|
|theta_V_36_reload   |   in|   10|     ap_none|           theta_V_36_reload|        scalar|
|theta_V_37_reload   |   in|   10|     ap_none|           theta_V_37_reload|        scalar|
|theta_V_38_reload   |   in|   10|     ap_none|           theta_V_38_reload|        scalar|
|theta_V_39_reload   |   in|   10|     ap_none|           theta_V_39_reload|        scalar|
|theta_V_40_reload   |   in|   10|     ap_none|           theta_V_40_reload|        scalar|
|theta_V_41_reload   |   in|   10|     ap_none|           theta_V_41_reload|        scalar|
|theta_V_42_reload   |   in|   10|     ap_none|           theta_V_42_reload|        scalar|
|theta_V_43_reload   |   in|   10|     ap_none|           theta_V_43_reload|        scalar|
|theta_V_44_reload   |   in|   10|     ap_none|           theta_V_44_reload|        scalar|
|theta_V_45_reload   |   in|   10|     ap_none|           theta_V_45_reload|        scalar|
|theta_V_46_reload   |   in|   10|     ap_none|           theta_V_46_reload|        scalar|
|theta_V_47_reload   |   in|   10|     ap_none|           theta_V_47_reload|        scalar|
|theta_V_48_reload   |   in|   10|     ap_none|           theta_V_48_reload|        scalar|
|theta_V_49_reload   |   in|   10|     ap_none|           theta_V_49_reload|        scalar|
|theta_V_50_reload   |   in|   10|     ap_none|           theta_V_50_reload|        scalar|
|theta_V_51_reload   |   in|   10|     ap_none|           theta_V_51_reload|        scalar|
|theta_V_52_reload   |   in|   10|     ap_none|           theta_V_52_reload|        scalar|
|theta_V_53_reload   |   in|   10|     ap_none|           theta_V_53_reload|        scalar|
|theta_V_54_reload   |   in|   10|     ap_none|           theta_V_54_reload|        scalar|
|theta_V_55_reload   |   in|   10|     ap_none|           theta_V_55_reload|        scalar|
|theta_V_56_reload   |   in|   10|     ap_none|           theta_V_56_reload|        scalar|
|theta_V_57_reload   |   in|   10|     ap_none|           theta_V_57_reload|        scalar|
|theta_V_58_reload   |   in|   10|     ap_none|           theta_V_58_reload|        scalar|
|theta_V_59_reload   |   in|   10|     ap_none|           theta_V_59_reload|        scalar|
|theta_V_60_reload   |   in|   10|     ap_none|           theta_V_60_reload|        scalar|
|theta_V_61_reload   |   in|   10|     ap_none|           theta_V_61_reload|        scalar|
|theta_V_62_reload   |   in|   10|     ap_none|           theta_V_62_reload|        scalar|
|theta_V_63_reload   |   in|   10|     ap_none|           theta_V_63_reload|        scalar|
|theta_V_64_reload   |   in|   10|     ap_none|           theta_V_64_reload|        scalar|
|theta_V_65_reload   |   in|   10|     ap_none|           theta_V_65_reload|        scalar|
|theta_V_66_reload   |   in|   10|     ap_none|           theta_V_66_reload|        scalar|
|theta_V_67_reload   |   in|   10|     ap_none|           theta_V_67_reload|        scalar|
|theta_V_68_reload   |   in|   10|     ap_none|           theta_V_68_reload|        scalar|
|theta_V_69_reload   |   in|   10|     ap_none|           theta_V_69_reload|        scalar|
|theta_V_70_reload   |   in|   10|     ap_none|           theta_V_70_reload|        scalar|
|theta_V_71_reload   |   in|   10|     ap_none|           theta_V_71_reload|        scalar|
|theta_V_72_reload   |   in|   10|     ap_none|           theta_V_72_reload|        scalar|
|theta_V_73_reload   |   in|   10|     ap_none|           theta_V_73_reload|        scalar|
|theta_V_74_reload   |   in|   10|     ap_none|           theta_V_74_reload|        scalar|
|theta_V_75_reload   |   in|   10|     ap_none|           theta_V_75_reload|        scalar|
|theta_V_76_reload   |   in|   10|     ap_none|           theta_V_76_reload|        scalar|
|theta_V_77_reload   |   in|   10|     ap_none|           theta_V_77_reload|        scalar|
|theta_V_78_reload   |   in|   10|     ap_none|           theta_V_78_reload|        scalar|
|theta_V_79_reload   |   in|   10|     ap_none|           theta_V_79_reload|        scalar|
|theta_V_80_reload   |   in|   10|     ap_none|           theta_V_80_reload|        scalar|
|theta_V_81_reload   |   in|   10|     ap_none|           theta_V_81_reload|        scalar|
|theta_V_82_reload   |   in|   10|     ap_none|           theta_V_82_reload|        scalar|
|theta_V_83_reload   |   in|   10|     ap_none|           theta_V_83_reload|        scalar|
|theta_V_84_reload   |   in|   10|     ap_none|           theta_V_84_reload|        scalar|
|theta_V_85_reload   |   in|   10|     ap_none|           theta_V_85_reload|        scalar|
|theta_V_86_reload   |   in|   10|     ap_none|           theta_V_86_reload|        scalar|
|theta_V_87_reload   |   in|   10|     ap_none|           theta_V_87_reload|        scalar|
|theta_V_88_reload   |   in|   10|     ap_none|           theta_V_88_reload|        scalar|
|theta_V_89_reload   |   in|   10|     ap_none|           theta_V_89_reload|        scalar|
|theta_V_90_reload   |   in|   10|     ap_none|           theta_V_90_reload|        scalar|
|theta_V_91_reload   |   in|   10|     ap_none|           theta_V_91_reload|        scalar|
|theta_V_92_reload   |   in|   10|     ap_none|           theta_V_92_reload|        scalar|
|theta_V_93_reload   |   in|   10|     ap_none|           theta_V_93_reload|        scalar|
|theta_V_94_reload   |   in|   10|     ap_none|           theta_V_94_reload|        scalar|
|theta_V_95_reload   |   in|   10|     ap_none|           theta_V_95_reload|        scalar|
|theta_V_96_reload   |   in|   10|     ap_none|           theta_V_96_reload|        scalar|
|theta_V_97_reload   |   in|   10|     ap_none|           theta_V_97_reload|        scalar|
|theta_V_98_reload   |   in|   10|     ap_none|           theta_V_98_reload|        scalar|
|theta_V_99_reload   |   in|   10|     ap_none|           theta_V_99_reload|        scalar|
|theta_V_100_reload  |   in|   10|     ap_none|          theta_V_100_reload|        scalar|
|theta_V_101_reload  |   in|   10|     ap_none|          theta_V_101_reload|        scalar|
|theta_V_102_reload  |   in|   10|     ap_none|          theta_V_102_reload|        scalar|
|theta_V_103_reload  |   in|   10|     ap_none|          theta_V_103_reload|        scalar|
|theta_V_104_reload  |   in|   10|     ap_none|          theta_V_104_reload|        scalar|
|theta_V_105_reload  |   in|   10|     ap_none|          theta_V_105_reload|        scalar|
|theta_V_106_reload  |   in|   10|     ap_none|          theta_V_106_reload|        scalar|
|theta_V_107_reload  |   in|   10|     ap_none|          theta_V_107_reload|        scalar|
|theta_V_108_reload  |   in|   10|     ap_none|          theta_V_108_reload|        scalar|
|theta_V_109_reload  |   in|   10|     ap_none|          theta_V_109_reload|        scalar|
|theta_V_110_reload  |   in|   10|     ap_none|          theta_V_110_reload|        scalar|
|theta_V_111_reload  |   in|   10|     ap_none|          theta_V_111_reload|        scalar|
|theta_V_112_reload  |   in|   10|     ap_none|          theta_V_112_reload|        scalar|
|theta_V_113_reload  |   in|   10|     ap_none|          theta_V_113_reload|        scalar|
|theta_V_114_reload  |   in|   10|     ap_none|          theta_V_114_reload|        scalar|
|theta_V_115_reload  |   in|   10|     ap_none|          theta_V_115_reload|        scalar|
|theta_V_116_reload  |   in|   10|     ap_none|          theta_V_116_reload|        scalar|
|theta_V_117_reload  |   in|   10|     ap_none|          theta_V_117_reload|        scalar|
|theta_V_118_reload  |   in|   10|     ap_none|          theta_V_118_reload|        scalar|
|theta_V_119_reload  |   in|   10|     ap_none|          theta_V_119_reload|        scalar|
|theta_V_120_reload  |   in|   10|     ap_none|          theta_V_120_reload|        scalar|
|theta_V_121_reload  |   in|   10|     ap_none|          theta_V_121_reload|        scalar|
|theta_V_122_reload  |   in|   10|     ap_none|          theta_V_122_reload|        scalar|
|theta_V_123_reload  |   in|   10|     ap_none|          theta_V_123_reload|        scalar|
|theta_V_124_reload  |   in|   10|     ap_none|          theta_V_124_reload|        scalar|
|theta_V_125_reload  |   in|   10|     ap_none|          theta_V_125_reload|        scalar|
|theta_V_126_reload  |   in|   10|     ap_none|          theta_V_126_reload|        scalar|
|theta_V_128_reload  |   in|   10|     ap_none|          theta_V_128_reload|        scalar|
|theta_V_127_reload  |   in|   10|     ap_none|          theta_V_127_reload|        scalar|
|G_V_reload          |   in|   22|     ap_none|                  G_V_reload|        scalar|
|G_V_1_reload        |   in|   22|     ap_none|                G_V_1_reload|        scalar|
|G_V_2_reload        |   in|   22|     ap_none|                G_V_2_reload|        scalar|
|G_V_3_reload        |   in|   22|     ap_none|                G_V_3_reload|        scalar|
|G_V_4_reload        |   in|   22|     ap_none|                G_V_4_reload|        scalar|
|G_V_5_reload        |   in|   22|     ap_none|                G_V_5_reload|        scalar|
|G_V_6_reload        |   in|   22|     ap_none|                G_V_6_reload|        scalar|
|G_V_7_reload        |   in|   22|     ap_none|                G_V_7_reload|        scalar|
|G_V_8_reload        |   in|   22|     ap_none|                G_V_8_reload|        scalar|
|G_V_9_reload        |   in|   22|     ap_none|                G_V_9_reload|        scalar|
|G_V_10_reload       |   in|   22|     ap_none|               G_V_10_reload|        scalar|
|G_V_11_reload       |   in|   22|     ap_none|               G_V_11_reload|        scalar|
|G_V_12_reload       |   in|   22|     ap_none|               G_V_12_reload|        scalar|
|G_V_13_reload       |   in|   22|     ap_none|               G_V_13_reload|        scalar|
|G_V_14_reload       |   in|   22|     ap_none|               G_V_14_reload|        scalar|
|G_V_15_reload       |   in|   22|     ap_none|               G_V_15_reload|        scalar|
|G_V_16_reload       |   in|   22|     ap_none|               G_V_16_reload|        scalar|
|G_V_17_reload       |   in|   22|     ap_none|               G_V_17_reload|        scalar|
|G_V_18_reload       |   in|   22|     ap_none|               G_V_18_reload|        scalar|
|G_V_19_reload       |   in|   22|     ap_none|               G_V_19_reload|        scalar|
|G_V_20_reload       |   in|   22|     ap_none|               G_V_20_reload|        scalar|
|G_V_21_reload       |   in|   22|     ap_none|               G_V_21_reload|        scalar|
|G_V_22_reload       |   in|   22|     ap_none|               G_V_22_reload|        scalar|
|G_V_23_reload       |   in|   22|     ap_none|               G_V_23_reload|        scalar|
|G_V_24_reload       |   in|   22|     ap_none|               G_V_24_reload|        scalar|
|G_V_25_reload       |   in|   22|     ap_none|               G_V_25_reload|        scalar|
|G_V_26_reload       |   in|   22|     ap_none|               G_V_26_reload|        scalar|
|G_V_27_reload       |   in|   22|     ap_none|               G_V_27_reload|        scalar|
|G_V_28_reload       |   in|   22|     ap_none|               G_V_28_reload|        scalar|
|G_V_29_reload       |   in|   22|     ap_none|               G_V_29_reload|        scalar|
|G_V_30_reload       |   in|   22|     ap_none|               G_V_30_reload|        scalar|
|G_V_31_reload       |   in|   22|     ap_none|               G_V_31_reload|        scalar|
|G_V_32_reload       |   in|   22|     ap_none|               G_V_32_reload|        scalar|
|G_V_33_reload       |   in|   22|     ap_none|               G_V_33_reload|        scalar|
|G_V_34_reload       |   in|   22|     ap_none|               G_V_34_reload|        scalar|
|G_V_35_reload       |   in|   22|     ap_none|               G_V_35_reload|        scalar|
|G_V_36_reload       |   in|   22|     ap_none|               G_V_36_reload|        scalar|
|G_V_37_reload       |   in|   22|     ap_none|               G_V_37_reload|        scalar|
|G_V_38_reload       |   in|   22|     ap_none|               G_V_38_reload|        scalar|
|G_V_39_reload       |   in|   22|     ap_none|               G_V_39_reload|        scalar|
|G_V_40_reload       |   in|   22|     ap_none|               G_V_40_reload|        scalar|
|G_V_41_reload       |   in|   22|     ap_none|               G_V_41_reload|        scalar|
|G_V_42_reload       |   in|   22|     ap_none|               G_V_42_reload|        scalar|
|G_V_43_reload       |   in|   22|     ap_none|               G_V_43_reload|        scalar|
|G_V_44_reload       |   in|   22|     ap_none|               G_V_44_reload|        scalar|
|G_V_45_reload       |   in|   22|     ap_none|               G_V_45_reload|        scalar|
|G_V_46_reload       |   in|   22|     ap_none|               G_V_46_reload|        scalar|
|G_V_47_reload       |   in|   22|     ap_none|               G_V_47_reload|        scalar|
|G_V_48_reload       |   in|   22|     ap_none|               G_V_48_reload|        scalar|
|G_V_49_reload       |   in|   22|     ap_none|               G_V_49_reload|        scalar|
|G_V_50_reload       |   in|   22|     ap_none|               G_V_50_reload|        scalar|
|G_V_51_reload       |   in|   22|     ap_none|               G_V_51_reload|        scalar|
|G_V_52_reload       |   in|   22|     ap_none|               G_V_52_reload|        scalar|
|G_V_53_reload       |   in|   22|     ap_none|               G_V_53_reload|        scalar|
|G_V_54_reload       |   in|   22|     ap_none|               G_V_54_reload|        scalar|
|G_V_55_reload       |   in|   22|     ap_none|               G_V_55_reload|        scalar|
|G_V_56_reload       |   in|   22|     ap_none|               G_V_56_reload|        scalar|
|G_V_57_reload       |   in|   22|     ap_none|               G_V_57_reload|        scalar|
|G_V_58_reload       |   in|   22|     ap_none|               G_V_58_reload|        scalar|
|G_V_59_reload       |   in|   22|     ap_none|               G_V_59_reload|        scalar|
|G_V_60_reload       |   in|   22|     ap_none|               G_V_60_reload|        scalar|
|G_V_61_reload       |   in|   22|     ap_none|               G_V_61_reload|        scalar|
|G_V_62_reload       |   in|   22|     ap_none|               G_V_62_reload|        scalar|
|G_V_63_reload       |   in|   22|     ap_none|               G_V_63_reload|        scalar|
|G_V_64_reload       |   in|   22|     ap_none|               G_V_64_reload|        scalar|
|G_V_65_reload       |   in|   22|     ap_none|               G_V_65_reload|        scalar|
|G_V_66_reload       |   in|   22|     ap_none|               G_V_66_reload|        scalar|
|G_V_67_reload       |   in|   22|     ap_none|               G_V_67_reload|        scalar|
|G_V_68_reload       |   in|   22|     ap_none|               G_V_68_reload|        scalar|
|G_V_69_reload       |   in|   22|     ap_none|               G_V_69_reload|        scalar|
|G_V_70_reload       |   in|   22|     ap_none|               G_V_70_reload|        scalar|
|G_V_71_reload       |   in|   22|     ap_none|               G_V_71_reload|        scalar|
|G_V_72_reload       |   in|   22|     ap_none|               G_V_72_reload|        scalar|
|G_V_73_reload       |   in|   22|     ap_none|               G_V_73_reload|        scalar|
|G_V_74_reload       |   in|   22|     ap_none|               G_V_74_reload|        scalar|
|G_V_75_reload       |   in|   22|     ap_none|               G_V_75_reload|        scalar|
|G_V_76_reload       |   in|   22|     ap_none|               G_V_76_reload|        scalar|
|G_V_77_reload       |   in|   22|     ap_none|               G_V_77_reload|        scalar|
|G_V_78_reload       |   in|   22|     ap_none|               G_V_78_reload|        scalar|
|G_V_79_reload       |   in|   22|     ap_none|               G_V_79_reload|        scalar|
|G_V_80_reload       |   in|   22|     ap_none|               G_V_80_reload|        scalar|
|G_V_81_reload       |   in|   22|     ap_none|               G_V_81_reload|        scalar|
|G_V_82_reload       |   in|   22|     ap_none|               G_V_82_reload|        scalar|
|G_V_83_reload       |   in|   22|     ap_none|               G_V_83_reload|        scalar|
|G_V_84_reload       |   in|   22|     ap_none|               G_V_84_reload|        scalar|
|G_V_85_reload       |   in|   22|     ap_none|               G_V_85_reload|        scalar|
|G_V_86_reload       |   in|   22|     ap_none|               G_V_86_reload|        scalar|
|G_V_87_reload       |   in|   22|     ap_none|               G_V_87_reload|        scalar|
|G_V_88_reload       |   in|   22|     ap_none|               G_V_88_reload|        scalar|
|G_V_89_reload       |   in|   22|     ap_none|               G_V_89_reload|        scalar|
|G_V_90_reload       |   in|   22|     ap_none|               G_V_90_reload|        scalar|
|G_V_91_reload       |   in|   22|     ap_none|               G_V_91_reload|        scalar|
|G_V_92_reload       |   in|   22|     ap_none|               G_V_92_reload|        scalar|
|G_V_93_reload       |   in|   22|     ap_none|               G_V_93_reload|        scalar|
|G_V_94_reload       |   in|   22|     ap_none|               G_V_94_reload|        scalar|
|G_V_95_reload       |   in|   22|     ap_none|               G_V_95_reload|        scalar|
|G_V_96_reload       |   in|   22|     ap_none|               G_V_96_reload|        scalar|
|G_V_97_reload       |   in|   22|     ap_none|               G_V_97_reload|        scalar|
|G_V_98_reload       |   in|   22|     ap_none|               G_V_98_reload|        scalar|
|G_V_99_reload       |   in|   22|     ap_none|               G_V_99_reload|        scalar|
|G_V_100_reload      |   in|   22|     ap_none|              G_V_100_reload|        scalar|
|G_V_101_reload      |   in|   22|     ap_none|              G_V_101_reload|        scalar|
|G_V_102_reload      |   in|   22|     ap_none|              G_V_102_reload|        scalar|
|G_V_103_reload      |   in|   22|     ap_none|              G_V_103_reload|        scalar|
|G_V_104_reload      |   in|   22|     ap_none|              G_V_104_reload|        scalar|
|G_V_105_reload      |   in|   22|     ap_none|              G_V_105_reload|        scalar|
|G_V_106_reload      |   in|   22|     ap_none|              G_V_106_reload|        scalar|
|G_V_107_reload      |   in|   22|     ap_none|              G_V_107_reload|        scalar|
|G_V_108_reload      |   in|   22|     ap_none|              G_V_108_reload|        scalar|
|G_V_109_reload      |   in|   22|     ap_none|              G_V_109_reload|        scalar|
|G_V_110_reload      |   in|   22|     ap_none|              G_V_110_reload|        scalar|
|G_V_111_reload      |   in|   22|     ap_none|              G_V_111_reload|        scalar|
|G_V_112_reload      |   in|   22|     ap_none|              G_V_112_reload|        scalar|
|G_V_113_reload      |   in|   22|     ap_none|              G_V_113_reload|        scalar|
|G_V_114_reload      |   in|   22|     ap_none|              G_V_114_reload|        scalar|
|G_V_115_reload      |   in|   22|     ap_none|              G_V_115_reload|        scalar|
|G_V_116_reload      |   in|   22|     ap_none|              G_V_116_reload|        scalar|
|G_V_117_reload      |   in|   22|     ap_none|              G_V_117_reload|        scalar|
|G_V_118_reload      |   in|   22|     ap_none|              G_V_118_reload|        scalar|
|G_V_119_reload      |   in|   22|     ap_none|              G_V_119_reload|        scalar|
|G_V_120_reload      |   in|   22|     ap_none|              G_V_120_reload|        scalar|
|G_V_121_reload      |   in|   22|     ap_none|              G_V_121_reload|        scalar|
|G_V_122_reload      |   in|   22|     ap_none|              G_V_122_reload|        scalar|
|G_V_123_reload      |   in|   22|     ap_none|              G_V_123_reload|        scalar|
|G_V_124_reload      |   in|   22|     ap_none|              G_V_124_reload|        scalar|
|G_V_125_reload      |   in|   22|     ap_none|              G_V_125_reload|        scalar|
|G_V_126_reload      |   in|   22|     ap_none|              G_V_126_reload|        scalar|
|G_V_127_reload      |   in|   22|     ap_none|              G_V_127_reload|        scalar|
|G_V_128_reload      |   in|   22|     ap_none|              G_V_128_reload|        scalar|
|G_V_129_reload      |   in|   22|     ap_none|              G_V_129_reload|        scalar|
|G_V_130_reload      |   in|   22|     ap_none|              G_V_130_reload|        scalar|
|G_V_131_reload      |   in|   22|     ap_none|              G_V_131_reload|        scalar|
|G_V_132_reload      |   in|   22|     ap_none|              G_V_132_reload|        scalar|
|G_V_133_reload      |   in|   22|     ap_none|              G_V_133_reload|        scalar|
|G_V_134_reload      |   in|   22|     ap_none|              G_V_134_reload|        scalar|
|G_V_135_reload      |   in|   22|     ap_none|              G_V_135_reload|        scalar|
|G_V_136_reload      |   in|   22|     ap_none|              G_V_136_reload|        scalar|
|G_V_137_reload      |   in|   22|     ap_none|              G_V_137_reload|        scalar|
|G_V_138_reload      |   in|   22|     ap_none|              G_V_138_reload|        scalar|
|G_V_139_reload      |   in|   22|     ap_none|              G_V_139_reload|        scalar|
|G_V_140_reload      |   in|   22|     ap_none|              G_V_140_reload|        scalar|
|G_V_141_reload      |   in|   22|     ap_none|              G_V_141_reload|        scalar|
|G_V_142_reload      |   in|   22|     ap_none|              G_V_142_reload|        scalar|
|G_V_143_reload      |   in|   22|     ap_none|              G_V_143_reload|        scalar|
|G_V_144_reload      |   in|   22|     ap_none|              G_V_144_reload|        scalar|
|G_V_145_reload      |   in|   22|     ap_none|              G_V_145_reload|        scalar|
|G_V_146_reload      |   in|   22|     ap_none|              G_V_146_reload|        scalar|
|G_V_147_reload      |   in|   22|     ap_none|              G_V_147_reload|        scalar|
|G_V_148_reload      |   in|   22|     ap_none|              G_V_148_reload|        scalar|
|G_V_149_reload      |   in|   22|     ap_none|              G_V_149_reload|        scalar|
|G_V_150_reload      |   in|   22|     ap_none|              G_V_150_reload|        scalar|
|G_V_151_reload      |   in|   22|     ap_none|              G_V_151_reload|        scalar|
|G_V_152_reload      |   in|   22|     ap_none|              G_V_152_reload|        scalar|
|G_V_153_reload      |   in|   22|     ap_none|              G_V_153_reload|        scalar|
|G_V_154_reload      |   in|   22|     ap_none|              G_V_154_reload|        scalar|
|G_V_155_reload      |   in|   22|     ap_none|              G_V_155_reload|        scalar|
|G_V_156_reload      |   in|   22|     ap_none|              G_V_156_reload|        scalar|
|G_V_157_reload      |   in|   22|     ap_none|              G_V_157_reload|        scalar|
|G_V_158_reload      |   in|   22|     ap_none|              G_V_158_reload|        scalar|
|G_V_159_reload      |   in|   22|     ap_none|              G_V_159_reload|        scalar|
|G_V_160_reload      |   in|   22|     ap_none|              G_V_160_reload|        scalar|
|G_V_161_reload      |   in|   22|     ap_none|              G_V_161_reload|        scalar|
|G_V_162_reload      |   in|   22|     ap_none|              G_V_162_reload|        scalar|
|G_V_163_reload      |   in|   22|     ap_none|              G_V_163_reload|        scalar|
|G_V_164_reload      |   in|   22|     ap_none|              G_V_164_reload|        scalar|
|G_V_165_reload      |   in|   22|     ap_none|              G_V_165_reload|        scalar|
|G_V_166_reload      |   in|   22|     ap_none|              G_V_166_reload|        scalar|
|G_V_167_reload      |   in|   22|     ap_none|              G_V_167_reload|        scalar|
|G_V_168_reload      |   in|   22|     ap_none|              G_V_168_reload|        scalar|
|G_V_169_reload      |   in|   22|     ap_none|              G_V_169_reload|        scalar|
|G_V_170_reload      |   in|   22|     ap_none|              G_V_170_reload|        scalar|
|G_V_171_reload      |   in|   22|     ap_none|              G_V_171_reload|        scalar|
|G_V_172_reload      |   in|   22|     ap_none|              G_V_172_reload|        scalar|
|G_V_173_reload      |   in|   22|     ap_none|              G_V_173_reload|        scalar|
|G_V_174_reload      |   in|   22|     ap_none|              G_V_174_reload|        scalar|
|G_V_175_reload      |   in|   22|     ap_none|              G_V_175_reload|        scalar|
|G_V_176_reload      |   in|   22|     ap_none|              G_V_176_reload|        scalar|
|G_V_177_reload      |   in|   22|     ap_none|              G_V_177_reload|        scalar|
|G_V_178_reload      |   in|   22|     ap_none|              G_V_178_reload|        scalar|
|G_V_179_reload      |   in|   22|     ap_none|              G_V_179_reload|        scalar|
|G_V_180_reload      |   in|   22|     ap_none|              G_V_180_reload|        scalar|
|G_V_181_reload      |   in|   22|     ap_none|              G_V_181_reload|        scalar|
|G_V_182_reload      |   in|   22|     ap_none|              G_V_182_reload|        scalar|
|G_V_183_reload      |   in|   22|     ap_none|              G_V_183_reload|        scalar|
|G_V_184_reload      |   in|   22|     ap_none|              G_V_184_reload|        scalar|
|G_V_185_reload      |   in|   22|     ap_none|              G_V_185_reload|        scalar|
|G_V_186_reload      |   in|   22|     ap_none|              G_V_186_reload|        scalar|
|G_V_187_reload      |   in|   22|     ap_none|              G_V_187_reload|        scalar|
|G_V_188_reload      |   in|   22|     ap_none|              G_V_188_reload|        scalar|
|G_V_189_reload      |   in|   22|     ap_none|              G_V_189_reload|        scalar|
|G_V_190_reload      |   in|   22|     ap_none|              G_V_190_reload|        scalar|
|G_V_191_reload      |   in|   22|     ap_none|              G_V_191_reload|        scalar|
|G_V_192_reload      |   in|   22|     ap_none|              G_V_192_reload|        scalar|
|G_V_193_reload      |   in|   22|     ap_none|              G_V_193_reload|        scalar|
|G_V_194_reload      |   in|   22|     ap_none|              G_V_194_reload|        scalar|
|G_V_195_reload      |   in|   22|     ap_none|              G_V_195_reload|        scalar|
|G_V_196_reload      |   in|   22|     ap_none|              G_V_196_reload|        scalar|
|G_V_197_reload      |   in|   22|     ap_none|              G_V_197_reload|        scalar|
|G_V_198_reload      |   in|   22|     ap_none|              G_V_198_reload|        scalar|
|G_V_199_reload      |   in|   22|     ap_none|              G_V_199_reload|        scalar|
|G_V_200_reload      |   in|   22|     ap_none|              G_V_200_reload|        scalar|
|G_V_201_reload      |   in|   22|     ap_none|              G_V_201_reload|        scalar|
|G_V_202_reload      |   in|   22|     ap_none|              G_V_202_reload|        scalar|
|G_V_203_reload      |   in|   22|     ap_none|              G_V_203_reload|        scalar|
|G_V_204_reload      |   in|   22|     ap_none|              G_V_204_reload|        scalar|
|G_V_205_reload      |   in|   22|     ap_none|              G_V_205_reload|        scalar|
|G_V_206_reload      |   in|   22|     ap_none|              G_V_206_reload|        scalar|
|G_V_207_reload      |   in|   22|     ap_none|              G_V_207_reload|        scalar|
|G_V_208_reload      |   in|   22|     ap_none|              G_V_208_reload|        scalar|
|G_V_209_reload      |   in|   22|     ap_none|              G_V_209_reload|        scalar|
|G_V_210_reload      |   in|   22|     ap_none|              G_V_210_reload|        scalar|
|G_V_211_reload      |   in|   22|     ap_none|              G_V_211_reload|        scalar|
|G_V_212_reload      |   in|   22|     ap_none|              G_V_212_reload|        scalar|
|G_V_213_reload      |   in|   22|     ap_none|              G_V_213_reload|        scalar|
|G_V_214_reload      |   in|   22|     ap_none|              G_V_214_reload|        scalar|
|G_V_215_reload      |   in|   22|     ap_none|              G_V_215_reload|        scalar|
|G_V_216_reload      |   in|   22|     ap_none|              G_V_216_reload|        scalar|
|G_V_217_reload      |   in|   22|     ap_none|              G_V_217_reload|        scalar|
|G_V_218_reload      |   in|   22|     ap_none|              G_V_218_reload|        scalar|
|G_V_219_reload      |   in|   22|     ap_none|              G_V_219_reload|        scalar|
|G_V_220_reload      |   in|   22|     ap_none|              G_V_220_reload|        scalar|
|G_V_221_reload      |   in|   22|     ap_none|              G_V_221_reload|        scalar|
|G_V_222_reload      |   in|   22|     ap_none|              G_V_222_reload|        scalar|
|G_V_223_reload      |   in|   22|     ap_none|              G_V_223_reload|        scalar|
|G_V_224_reload      |   in|   22|     ap_none|              G_V_224_reload|        scalar|
|G_V_225_reload      |   in|   22|     ap_none|              G_V_225_reload|        scalar|
|G_V_226_reload      |   in|   22|     ap_none|              G_V_226_reload|        scalar|
|G_V_227_reload      |   in|   22|     ap_none|              G_V_227_reload|        scalar|
|G_V_228_reload      |   in|   22|     ap_none|              G_V_228_reload|        scalar|
|G_V_229_reload      |   in|   22|     ap_none|              G_V_229_reload|        scalar|
|G_V_230_reload      |   in|   22|     ap_none|              G_V_230_reload|        scalar|
|G_V_231_reload      |   in|   22|     ap_none|              G_V_231_reload|        scalar|
|G_V_232_reload      |   in|   22|     ap_none|              G_V_232_reload|        scalar|
|G_V_233_reload      |   in|   22|     ap_none|              G_V_233_reload|        scalar|
|G_V_234_reload      |   in|   22|     ap_none|              G_V_234_reload|        scalar|
|G_V_235_reload      |   in|   22|     ap_none|              G_V_235_reload|        scalar|
|G_V_236_reload      |   in|   22|     ap_none|              G_V_236_reload|        scalar|
|G_V_237_reload      |   in|   22|     ap_none|              G_V_237_reload|        scalar|
|G_V_238_reload      |   in|   22|     ap_none|              G_V_238_reload|        scalar|
|G_V_239_reload      |   in|   22|     ap_none|              G_V_239_reload|        scalar|
|G_V_240_reload      |   in|   22|     ap_none|              G_V_240_reload|        scalar|
|G_V_241_reload      |   in|   22|     ap_none|              G_V_241_reload|        scalar|
|G_V_242_reload      |   in|   22|     ap_none|              G_V_242_reload|        scalar|
|G_V_243_reload      |   in|   22|     ap_none|              G_V_243_reload|        scalar|
|G_V_244_reload      |   in|   22|     ap_none|              G_V_244_reload|        scalar|
|G_V_245_reload      |   in|   22|     ap_none|              G_V_245_reload|        scalar|
|G_V_246_reload      |   in|   22|     ap_none|              G_V_246_reload|        scalar|
|G_V_247_reload      |   in|   22|     ap_none|              G_V_247_reload|        scalar|
|G_V_248_reload      |   in|   22|     ap_none|              G_V_248_reload|        scalar|
|G_V_249_reload      |   in|   22|     ap_none|              G_V_249_reload|        scalar|
|G_V_250_reload      |   in|   22|     ap_none|              G_V_250_reload|        scalar|
|G_V_251_reload      |   in|   22|     ap_none|              G_V_251_reload|        scalar|
|G_V_252_reload      |   in|   22|     ap_none|              G_V_252_reload|        scalar|
|G_V_253_reload      |   in|   22|     ap_none|              G_V_253_reload|        scalar|
|G_V_254_reload      |   in|   22|     ap_none|              G_V_254_reload|        scalar|
|G_V_255_reload      |   in|   22|     ap_none|              G_V_255_reload|        scalar|
|G_V_257_reload      |   in|   22|     ap_none|              G_V_257_reload|        scalar|
|G_V_256_reload      |   in|   22|     ap_none|              G_V_256_reload|        scalar|
+--------------------+-----+-----+------------+----------------------------+--------------+

