#-----------------------------------------------------------
# xsim v2022.1 (64-bit)
# SW Build 3526262 on Mon Apr 18 15:48:16 MDT 2022
# IP Build 3524634 on Mon Apr 18 20:55:01 MDT 2022
# Start of session at: Sun Nov 13 23:19:30 2022
# Process ID: 17832
# Current directory: C:/Users/edan/Desktop/serialization/serialization_HLS/solution1/sim/verilog
# Command line: xsim.exe -mode tcl -source {xsim.dir/dut/xsim_script.tcl}
# Log file: C:/Users/edan/Desktop/serialization/serialization_HLS/solution1/sim/verilog/xsim.log
# Journal file: C:/Users/edan/Desktop/serialization/serialization_HLS/solution1/sim/verilog\xsim.jou
# Running On: DESKTOP-HGOKHAJ, OS: Windows, CPU Frequency: 3893 MHz, CPU Physical cores: 12, Host memory: 29939 MB
#-----------------------------------------------------------
source xsim.dir/dut/xsim_script.tcl
# xsim {dut} -view {{dut_dataflow_ana.wcfg}} -tclbatch {dut.tcl} -protoinst {dut.protoinst}
INFO: [Wavedata 42-565] Reading protoinst file dut.protoinst
INFO: [Wavedata 42-564]   Found protocol instance at /apatb_dut_top/AESL_inst_dut//AESL_inst_dut_activity
INFO: [Wavedata 42-564]   Found protocol instance at /apatb_dut_top/AESL_inst_dut/grp_dut_Pipeline_VITIS_LOOP_112_7_VITIS_LOOP_113_8_fu_456/grp_dut_Pipeline_VITIS_LOOP_112_7_VITIS_LOOP_113_8_fu_456_activity
INFO: [Wavedata 42-564]   Found protocol instance at /apatb_dut_top/AESL_inst_dut/grp_dut_Pipeline_VITIS_LOOP_132_9_VITIS_LOOP_133_10_fu_469/grp_dut_Pipeline_VITIS_LOOP_132_9_VITIS_LOOP_133_10_fu_469_activity
INFO: [Wavedata 42-564]   Found protocol instance at /apatb_dut_top/AESL_inst_dut/grp_dut_Pipeline_VITIS_LOOP_153_11_VITIS_LOOP_154_12_fu_482/grp_dut_Pipeline_VITIS_LOOP_153_11_VITIS_LOOP_154_12_fu_482_activity
INFO: [Wavedata 42-564]   Found protocol instance at /apatb_dut_top/AESL_inst_dut/grp_dut_Pipeline_VITIS_LOOP_164_13_fu_492/grp_dut_Pipeline_VITIS_LOOP_164_13_fu_492_activity
INFO: [Wavedata 42-564]   Found protocol instance at /apatb_dut_top/AESL_inst_dut/grp_dut_Pipeline_VITIS_LOOP_177_14_fu_501/grp_dut_Pipeline_VITIS_LOOP_177_14_fu_501_activity
INFO: [Wavedata 42-564]   Found protocol instance at /apatb_dut_top/AESL_inst_dut/grp_dut_Pipeline_VITIS_LOOP_192_15_VITIS_LOOP_193_16_fu_512/grp_dut_Pipeline_VITIS_LOOP_192_15_VITIS_LOOP_193_16_fu_512_activity
INFO: [Wavedata 42-564]   Found protocol instance at /apatb_dut_top/AESL_inst_dut/grp_dut_Pipeline_VITIS_LOOP_204_17_fu_522/grp_dut_Pipeline_VITIS_LOOP_204_17_fu_522_activity
INFO: [Wavedata 42-564]   Found protocol instance at /apatb_dut_top/AESL_inst_dut/grp_dut_Pipeline_VITIS_LOOP_231_20_fu_531/grp_dut_Pipeline_VITIS_LOOP_231_20_fu_531_activity
INFO: [Wavedata 42-564]   Found protocol instance at /apatb_dut_top/AESL_inst_dut/grp_dut_Pipeline_VITIS_LOOP_40_2_fu_431/grp_dut_Pipeline_VITIS_LOOP_40_2_fu_431_activity
INFO: [Wavedata 42-564]   Found protocol instance at /apatb_dut_top/AESL_inst_dut/grp_dut_Pipeline_VITIS_LOOP_63_3_VITIS_LOOP_64_4_fu_419/grp_dut_Pipeline_VITIS_LOOP_63_3_VITIS_LOOP_64_4_fu_419_activity
INFO: [Wavedata 42-564]   Found protocol instance at /apatb_dut_top/AESL_inst_dut/grp_dut_Pipeline_VITIS_LOOP_88_5_VITIS_LOOP_89_6_fu_443/grp_dut_Pipeline_VITIS_LOOP_88_5_VITIS_LOOP_89_6_fu_443_activity
Time resolution is 1 ps
open_wave_config dut_dataflow_ana.wcfg
source dut.tcl
## log_wave -r /
WARNING: [Simtcl 6-197] One or more HDL objects could not be logged because of object type or size limitations.  To see details please rerun the command with -verbose (-v).
## set designtopgroup [add_wave_group "Design Top Signals"]
## set cinoutgroup [add_wave_group "C InOuts" -into $designtopgroup]
## set src_buff__dst_buff_group [add_wave_group src_buff__dst_buff(axi_master) -into $cinoutgroup]
## set rdata_group [add_wave_group "Read Channel" -into $src_buff__dst_buff_group]
## set wdata_group [add_wave_group "Write Channel" -into $src_buff__dst_buff_group]
## set ctrl_group [add_wave_group "Handshakes" -into $src_buff__dst_buff_group]
## add_wave /apatb_dut_top/AESL_inst_dut/m_axi_gmem_BUSER -into $wdata_group -radix hex
## add_wave /apatb_dut_top/AESL_inst_dut/m_axi_gmem_BID -into $wdata_group -radix hex
## add_wave /apatb_dut_top/AESL_inst_dut/m_axi_gmem_BRESP -into $wdata_group -radix hex
## add_wave /apatb_dut_top/AESL_inst_dut/m_axi_gmem_BREADY -into $ctrl_group -color #ffff00 -radix hex
## add_wave /apatb_dut_top/AESL_inst_dut/m_axi_gmem_BVALID -into $ctrl_group -color #ffff00 -radix hex
## add_wave /apatb_dut_top/AESL_inst_dut/m_axi_gmem_RRESP -into $rdata_group -radix hex
## add_wave /apatb_dut_top/AESL_inst_dut/m_axi_gmem_RUSER -into $rdata_group -radix hex
## add_wave /apatb_dut_top/AESL_inst_dut/m_axi_gmem_RID -into $rdata_group -radix hex
## add_wave /apatb_dut_top/AESL_inst_dut/m_axi_gmem_RLAST -into $ctrl_group -color #ffff00 -radix hex
## add_wave /apatb_dut_top/AESL_inst_dut/m_axi_gmem_RDATA -into $rdata_group -radix hex
## add_wave /apatb_dut_top/AESL_inst_dut/m_axi_gmem_RREADY -into $ctrl_group -color #ffff00 -radix hex
## add_wave /apatb_dut_top/AESL_inst_dut/m_axi_gmem_RVALID -into $ctrl_group -color #ffff00 -radix hex
## add_wave /apatb_dut_top/AESL_inst_dut/m_axi_gmem_ARUSER -into $rdata_group -radix hex
## add_wave /apatb_dut_top/AESL_inst_dut/m_axi_gmem_ARREGION -into $rdata_group -radix hex
## add_wave /apatb_dut_top/AESL_inst_dut/m_axi_gmem_ARQOS -into $rdata_group -radix hex
## add_wave /apatb_dut_top/AESL_inst_dut/m_axi_gmem_ARPROT -into $rdata_group -radix hex
## add_wave /apatb_dut_top/AESL_inst_dut/m_axi_gmem_ARCACHE -into $rdata_group -radix hex
## add_wave /apatb_dut_top/AESL_inst_dut/m_axi_gmem_ARLOCK -into $rdata_group -radix hex
## add_wave /apatb_dut_top/AESL_inst_dut/m_axi_gmem_ARBURST -into $rdata_group -radix hex
## add_wave /apatb_dut_top/AESL_inst_dut/m_axi_gmem_ARSIZE -into $rdata_group -radix hex
## add_wave /apatb_dut_top/AESL_inst_dut/m_axi_gmem_ARLEN -into $rdata_group -radix hex
## add_wave /apatb_dut_top/AESL_inst_dut/m_axi_gmem_ARID -into $rdata_group -radix hex
## add_wave /apatb_dut_top/AESL_inst_dut/m_axi_gmem_ARADDR -into $rdata_group -radix hex
## add_wave /apatb_dut_top/AESL_inst_dut/m_axi_gmem_ARREADY -into $ctrl_group -color #ffff00 -radix hex
## add_wave /apatb_dut_top/AESL_inst_dut/m_axi_gmem_ARVALID -into $ctrl_group -color #ffff00 -radix hex
## add_wave /apatb_dut_top/AESL_inst_dut/m_axi_gmem_WUSER -into $wdata_group -radix hex
## add_wave /apatb_dut_top/AESL_inst_dut/m_axi_gmem_WID -into $wdata_group -radix hex
## add_wave /apatb_dut_top/AESL_inst_dut/m_axi_gmem_WLAST -into $ctrl_group -color #ffff00 -radix hex
## add_wave /apatb_dut_top/AESL_inst_dut/m_axi_gmem_WSTRB -into $wdata_group -radix hex
## add_wave /apatb_dut_top/AESL_inst_dut/m_axi_gmem_WDATA -into $wdata_group -radix hex
## add_wave /apatb_dut_top/AESL_inst_dut/m_axi_gmem_WREADY -into $ctrl_group -color #ffff00 -radix hex
## add_wave /apatb_dut_top/AESL_inst_dut/m_axi_gmem_WVALID -into $ctrl_group -color #ffff00 -radix hex
## add_wave /apatb_dut_top/AESL_inst_dut/m_axi_gmem_AWUSER -into $wdata_group -radix hex
## add_wave /apatb_dut_top/AESL_inst_dut/m_axi_gmem_AWREGION -into $wdata_group -radix hex
## add_wave /apatb_dut_top/AESL_inst_dut/m_axi_gmem_AWQOS -into $wdata_group -radix hex
## add_wave /apatb_dut_top/AESL_inst_dut/m_axi_gmem_AWPROT -into $wdata_group -radix hex
## add_wave /apatb_dut_top/AESL_inst_dut/m_axi_gmem_AWCACHE -into $wdata_group -radix hex
## add_wave /apatb_dut_top/AESL_inst_dut/m_axi_gmem_AWLOCK -into $wdata_group -radix hex
## add_wave /apatb_dut_top/AESL_inst_dut/m_axi_gmem_AWBURST -into $wdata_group -radix hex
## add_wave /apatb_dut_top/AESL_inst_dut/m_axi_gmem_AWSIZE -into $wdata_group -radix hex
## add_wave /apatb_dut_top/AESL_inst_dut/m_axi_gmem_AWLEN -into $wdata_group -radix hex
## add_wave /apatb_dut_top/AESL_inst_dut/m_axi_gmem_AWID -into $wdata_group -radix hex
## add_wave /apatb_dut_top/AESL_inst_dut/m_axi_gmem_AWADDR -into $wdata_group -radix hex
## add_wave /apatb_dut_top/AESL_inst_dut/m_axi_gmem_AWREADY -into $ctrl_group -color #ffff00 -radix hex
## add_wave /apatb_dut_top/AESL_inst_dut/m_axi_gmem_AWVALID -into $ctrl_group -color #ffff00 -radix hex
## set cinputgroup [add_wave_group "C Inputs" -into $designtopgroup]
## set return_group [add_wave_group return(wire) -into $cinputgroup]
## add_wave /apatb_dut_top/AESL_inst_dut/src_sz -into $return_group -radix hex
## set src_buff__dst_buff_group [add_wave_group src_buff__dst_buff(axi_slave) -into $cinputgroup]
## add_wave /apatb_dut_top/AESL_inst_dut/s_axi_control_BRESP -into $src_buff__dst_buff_group -radix hex
## add_wave /apatb_dut_top/AESL_inst_dut/s_axi_control_BREADY -into $src_buff__dst_buff_group -color #ffff00 -radix hex
## add_wave /apatb_dut_top/AESL_inst_dut/s_axi_control_BVALID -into $src_buff__dst_buff_group -color #ffff00 -radix hex
## add_wave /apatb_dut_top/AESL_inst_dut/s_axi_control_RRESP -into $src_buff__dst_buff_group -radix hex
## add_wave /apatb_dut_top/AESL_inst_dut/s_axi_control_RDATA -into $src_buff__dst_buff_group -radix hex
## add_wave /apatb_dut_top/AESL_inst_dut/s_axi_control_RREADY -into $src_buff__dst_buff_group -color #ffff00 -radix hex
## add_wave /apatb_dut_top/AESL_inst_dut/s_axi_control_RVALID -into $src_buff__dst_buff_group -color #ffff00 -radix hex
## add_wave /apatb_dut_top/AESL_inst_dut/s_axi_control_ARREADY -into $src_buff__dst_buff_group -color #ffff00 -radix hex
## add_wave /apatb_dut_top/AESL_inst_dut/s_axi_control_ARVALID -into $src_buff__dst_buff_group -color #ffff00 -radix hex
## add_wave /apatb_dut_top/AESL_inst_dut/s_axi_control_ARADDR -into $src_buff__dst_buff_group -radix hex
## add_wave /apatb_dut_top/AESL_inst_dut/s_axi_control_WSTRB -into $src_buff__dst_buff_group -radix hex
## add_wave /apatb_dut_top/AESL_inst_dut/s_axi_control_WDATA -into $src_buff__dst_buff_group -radix hex
## add_wave /apatb_dut_top/AESL_inst_dut/s_axi_control_WREADY -into $src_buff__dst_buff_group -color #ffff00 -radix hex
## add_wave /apatb_dut_top/AESL_inst_dut/s_axi_control_WVALID -into $src_buff__dst_buff_group -color #ffff00 -radix hex
## add_wave /apatb_dut_top/AESL_inst_dut/s_axi_control_AWREADY -into $src_buff__dst_buff_group -color #ffff00 -radix hex
## add_wave /apatb_dut_top/AESL_inst_dut/s_axi_control_AWVALID -into $src_buff__dst_buff_group -color #ffff00 -radix hex
## add_wave /apatb_dut_top/AESL_inst_dut/s_axi_control_AWADDR -into $src_buff__dst_buff_group -radix hex
## set blocksiggroup [add_wave_group "Block-level IO Handshake" -into $designtopgroup]
## add_wave /apatb_dut_top/AESL_inst_dut/ap_start -into $blocksiggroup
## add_wave /apatb_dut_top/AESL_inst_dut/ap_done -into $blocksiggroup
## add_wave /apatb_dut_top/AESL_inst_dut/ap_idle -into $blocksiggroup
## add_wave /apatb_dut_top/AESL_inst_dut/ap_ready -into $blocksiggroup
## set resetgroup [add_wave_group "Reset" -into $designtopgroup]
## add_wave /apatb_dut_top/AESL_inst_dut/ap_rst_n -into $resetgroup
## set clockgroup [add_wave_group "Clock" -into $designtopgroup]
## add_wave /apatb_dut_top/AESL_inst_dut/ap_clk -into $clockgroup
## set testbenchgroup [add_wave_group "Test Bench Signals"]
## set tbinternalsiggroup [add_wave_group "Internal Signals" -into $testbenchgroup]
## set tb_simstatus_group [add_wave_group "Simulation Status" -into $tbinternalsiggroup]
## set tb_portdepth_group [add_wave_group "Port Depth" -into $tbinternalsiggroup]
## add_wave /apatb_dut_top/AUTOTB_TRANSACTION_NUM -into $tb_simstatus_group -radix hex
## add_wave /apatb_dut_top/ready_cnt -into $tb_simstatus_group -radix hex
## add_wave /apatb_dut_top/done_cnt -into $tb_simstatus_group -radix hex
## add_wave /apatb_dut_top/LENGTH_src_buff -into $tb_portdepth_group -radix hex
## add_wave /apatb_dut_top/LENGTH_src_sz -into $tb_portdepth_group -radix hex
## add_wave /apatb_dut_top/LENGTH_dst_buff -into $tb_portdepth_group -radix hex
## add_wave /apatb_dut_top/LENGTH_gmem -into $tb_portdepth_group -radix hex
## set tbcinoutgroup [add_wave_group "C InOuts" -into $testbenchgroup]
## set tb_src_buff__dst_buff_group [add_wave_group src_buff__dst_buff(axi_master) -into $tbcinoutgroup]
## set rdata_group [add_wave_group "Read Channel" -into $tb_src_buff__dst_buff_group]
## set wdata_group [add_wave_group "Write Channel" -into $tb_src_buff__dst_buff_group]
## set ctrl_group [add_wave_group "Handshakes" -into $tb_src_buff__dst_buff_group]
## add_wave /apatb_dut_top/gmem_BUSER -into $wdata_group -radix hex
## add_wave /apatb_dut_top/gmem_BID -into $wdata_group -radix hex
## add_wave /apatb_dut_top/gmem_BRESP -into $wdata_group -radix hex
## add_wave /apatb_dut_top/gmem_BREADY -into $ctrl_group -color #ffff00 -radix hex
## add_wave /apatb_dut_top/gmem_BVALID -into $ctrl_group -color #ffff00 -radix hex
## add_wave /apatb_dut_top/gmem_RRESP -into $rdata_group -radix hex
## add_wave /apatb_dut_top/gmem_RUSER -into $rdata_group -radix hex
## add_wave /apatb_dut_top/gmem_RID -into $rdata_group -radix hex
## add_wave /apatb_dut_top/gmem_RLAST -into $ctrl_group -color #ffff00 -radix hex
## add_wave /apatb_dut_top/gmem_RDATA -into $rdata_group -radix hex
## add_wave /apatb_dut_top/gmem_RREADY -into $ctrl_group -color #ffff00 -radix hex
## add_wave /apatb_dut_top/gmem_RVALID -into $ctrl_group -color #ffff00 -radix hex
## add_wave /apatb_dut_top/gmem_ARUSER -into $rdata_group -radix hex
## add_wave /apatb_dut_top/gmem_ARREGION -into $rdata_group -radix hex
## add_wave /apatb_dut_top/gmem_ARQOS -into $rdata_group -radix hex
## add_wave /apatb_dut_top/gmem_ARPROT -into $rdata_group -radix hex
## add_wave /apatb_dut_top/gmem_ARCACHE -into $rdata_group -radix hex
## add_wave /apatb_dut_top/gmem_ARLOCK -into $rdata_group -radix hex
## add_wave /apatb_dut_top/gmem_ARBURST -into $rdata_group -radix hex
## add_wave /apatb_dut_top/gmem_ARSIZE -into $rdata_group -radix hex
## add_wave /apatb_dut_top/gmem_ARLEN -into $rdata_group -radix hex
## add_wave /apatb_dut_top/gmem_ARID -into $rdata_group -radix hex
## add_wave /apatb_dut_top/gmem_ARADDR -into $rdata_group -radix hex
## add_wave /apatb_dut_top/gmem_ARREADY -into $ctrl_group -color #ffff00 -radix hex
## add_wave /apatb_dut_top/gmem_ARVALID -into $ctrl_group -color #ffff00 -radix hex
## add_wave /apatb_dut_top/gmem_WUSER -into $wdata_group -radix hex
## add_wave /apatb_dut_top/gmem_WID -into $wdata_group -radix hex
## add_wave /apatb_dut_top/gmem_WLAST -into $ctrl_group -color #ffff00 -radix hex
## add_wave /apatb_dut_top/gmem_WSTRB -into $wdata_group -radix hex
## add_wave /apatb_dut_top/gmem_WDATA -into $wdata_group -radix hex
## add_wave /apatb_dut_top/gmem_WREADY -into $ctrl_group -color #ffff00 -radix hex
## add_wave /apatb_dut_top/gmem_WVALID -into $ctrl_group -color #ffff00 -radix hex
## add_wave /apatb_dut_top/gmem_AWUSER -into $wdata_group -radix hex
## add_wave /apatb_dut_top/gmem_AWREGION -into $wdata_group -radix hex
## add_wave /apatb_dut_top/gmem_AWQOS -into $wdata_group -radix hex
## add_wave /apatb_dut_top/gmem_AWPROT -into $wdata_group -radix hex
## add_wave /apatb_dut_top/gmem_AWCACHE -into $wdata_group -radix hex
## add_wave /apatb_dut_top/gmem_AWLOCK -into $wdata_group -radix hex
## add_wave /apatb_dut_top/gmem_AWBURST -into $wdata_group -radix hex
## add_wave /apatb_dut_top/gmem_AWSIZE -into $wdata_group -radix hex
## add_wave /apatb_dut_top/gmem_AWLEN -into $wdata_group -radix hex
## add_wave /apatb_dut_top/gmem_AWID -into $wdata_group -radix hex
## add_wave /apatb_dut_top/gmem_AWADDR -into $wdata_group -radix hex
## add_wave /apatb_dut_top/gmem_AWREADY -into $ctrl_group -color #ffff00 -radix hex
## add_wave /apatb_dut_top/gmem_AWVALID -into $ctrl_group -color #ffff00 -radix hex
## set tbcinputgroup [add_wave_group "C Inputs" -into $testbenchgroup]
## set tb_return_group [add_wave_group return(wire) -into $tbcinputgroup]
## add_wave /apatb_dut_top/src_sz -into $tb_return_group -radix hex
## set tb_src_buff__dst_buff_group [add_wave_group src_buff__dst_buff(axi_slave) -into $tbcinputgroup]
## add_wave /apatb_dut_top/control_BRESP -into $tb_src_buff__dst_buff_group -radix hex
## add_wave /apatb_dut_top/control_BREADY -into $tb_src_buff__dst_buff_group -color #ffff00 -radix hex
## add_wave /apatb_dut_top/control_BVALID -into $tb_src_buff__dst_buff_group -color #ffff00 -radix hex
## add_wave /apatb_dut_top/control_RRESP -into $tb_src_buff__dst_buff_group -radix hex
## add_wave /apatb_dut_top/control_RDATA -into $tb_src_buff__dst_buff_group -radix hex
## add_wave /apatb_dut_top/control_RREADY -into $tb_src_buff__dst_buff_group -color #ffff00 -radix hex
## add_wave /apatb_dut_top/control_RVALID -into $tb_src_buff__dst_buff_group -color #ffff00 -radix hex
## add_wave /apatb_dut_top/control_ARREADY -into $tb_src_buff__dst_buff_group -color #ffff00 -radix hex
## add_wave /apatb_dut_top/control_ARVALID -into $tb_src_buff__dst_buff_group -color #ffff00 -radix hex
## add_wave /apatb_dut_top/control_ARADDR -into $tb_src_buff__dst_buff_group -radix hex
## add_wave /apatb_dut_top/control_WSTRB -into $tb_src_buff__dst_buff_group -radix hex
## add_wave /apatb_dut_top/control_WDATA -into $tb_src_buff__dst_buff_group -radix hex
## add_wave /apatb_dut_top/control_WREADY -into $tb_src_buff__dst_buff_group -color #ffff00 -radix hex
## add_wave /apatb_dut_top/control_WVALID -into $tb_src_buff__dst_buff_group -color #ffff00 -radix hex
## add_wave /apatb_dut_top/control_AWREADY -into $tb_src_buff__dst_buff_group -color #ffff00 -radix hex
## add_wave /apatb_dut_top/control_AWVALID -into $tb_src_buff__dst_buff_group -color #ffff00 -radix hex
## add_wave /apatb_dut_top/control_AWADDR -into $tb_src_buff__dst_buff_group -radix hex
## save_wave_config dut.wcfg
## run all
////////////////////////////////////////////////////////////////////////////////////
// Inter-Transaction Progress: Completed Transaction / Total Transaction
// Intra-Transaction Progress: Measured Latency / Latency Estimation * 100%
//
// RTL Simulation : "Inter-Transaction Progress" ["Intra-Transaction Progress"] @ "Simulation Time"
////////////////////////////////////////////////////////////////////////////////////
// RTL Simulation : 0 / 1 [n/a] @ "116000"
// RTL Simulation : 1 / 1 [n/a] @ "2738540000"
////////////////////////////////////////////////////////////////////////////////////
$finish called at time : 2738588 ns : File "C:/Users/edan/Desktop/serialization/serialization_HLS/solution1/sim/verilog/dut.autotb.v" Line 546
run: Time (s): cpu = 00:02:35 ; elapsed = 00:02:37 . Memory (MB): peak = 1229.484 ; gain = 0.000
## quit
INFO: xsimkernel Simulation Memory Usage: 32148 KB (Peak: 32148 KB), Simulation CPU Usage: 29187 ms
INFO: [Common 17-206] Exiting xsim at Sun Nov 13 23:22:11 2022...
