

================================================================
== Vitis HLS Report for 'dut_Pipeline_VITIS_LOOP_112_7_VITIS_LOOP_113_8'
================================================================
* Date:           Sun Nov 13 23:03:24 2022

* Version:        2022.1 (Build 3526262 on Mon Apr 18 15:48:16 MDT 2022)
* Project:        serialization_HLS
* Solution:       solution1 (Vivado IP Flow Target)
* Product family: zynq
* Target device:  xc7z020-clg400-1


================================================================
== Performance Estimates
================================================================
+ Timing: 
    * Summary: 
    +--------+---------+----------+------------+
    |  Clock |  Target | Estimated| Uncertainty|
    +--------+---------+----------+------------+
    |ap_clk  |  8.00 ns|  8.000 ns|        0 ns|
    +--------+---------+----------+------------+

+ Latency: 
    * Summary: 
    +---------+---------+-----------+-----------+------+------+---------+
    |  Latency (cycles) |   Latency (absolute)  |   Interval  | Pipeline|
    |   min   |   max   |    min    |    max    |  min |  max |   Type  |
    +---------+---------+-----------+-----------+------+------+---------+
    |     8019|     8019|  64.152 us|  64.152 us|  8019|  8019|       no|
    +---------+---------+-----------+-----------+------+------+---------+

    + Detail: 
        * Instance: 
        N/A

        * Loop: 
        +-------------------------------------+---------+---------+----------+-----------+-----------+------+----------+
        |                                     |  Latency (cycles) | Iteration|  Initiation Interval  | Trip |          |
        |              Loop Name              |   min   |   max   |  Latency |  achieved |   target  | Count| Pipelined|
        +-------------------------------------+---------+---------+----------+-----------+-----------+------+----------+
        |- VITIS_LOOP_112_7_VITIS_LOOP_113_8  |     8017|     8017|        19|          1|          1|  8000|       yes|
        +-------------------------------------+---------+---------+----------+-----------+-----------+------+----------+

============================================================
+ Verbose Summary: Synthesis Manager
============================================================
InlineROM: 1
ExposeGlobal: 0
============================================================
+ Verbose Summary: CDFG Model
============================================================
IsTopModel: 0
ResetActiveHigh: 1
IsCombinational: 0
IsDatapathOnly: 0
HasWiredReturn: 1
HasMFsm: 2
HasVarLatency: 1
IsPipeline: 0
IsRtlPipelined: 0
IsInstanceOverlapped: 0
IsDontTouch: 0
HasImplIP: 0
IsGatedGlobalClock: 0

+ Individual pipeline summary: 
  * Pipeline-0: initiation interval (II) = 1, depth = 20


============================================================
+ Verbose Summary: Schedule
============================================================
* Number of FSM states : 20
* Pipeline : 1
  Pipeline-0 : II = 1, D = 20, States = { 1 2 3 4 5 6 7 8 9 10 11 12 13 14 15 16 17 18 19 20 }
* Dataflow Pipeline: 0

* FSM state transitions: 
1 --> 2 
2 --> 3 
3 --> 4 
4 --> 5 
5 --> 6 
6 --> 7 
7 --> 8 
8 --> 9 
9 --> 10 
10 --> 11 
11 --> 12 
12 --> 13 
13 --> 14 
14 --> 15 
15 --> 16 
16 --> 17 
17 --> 18 
18 --> 19 
19 --> 20 
20 --> 

* FSM state operations: 

State 1 <SV = 0> <Delay = 1.58>
ST_1 : Operation 22 [1/1] (0.00ns)   --->   "%j_2 = alloca i32 1"   --->   Operation 22 'alloca' 'j_2' <Predicate = true> <Delay = 0.00>
ST_1 : Operation 23 [1/1] (0.00ns)   --->   "%dst_counter_8 = alloca i32 1"   --->   Operation 23 'alloca' 'dst_counter_8' <Predicate = true> <Delay = 0.00>
ST_1 : Operation 24 [1/1] (0.00ns)   --->   "%src_counter_17 = alloca i32 1"   --->   Operation 24 'alloca' 'src_counter_17' <Predicate = true> <Delay = 0.00>
ST_1 : Operation 25 [1/1] (0.00ns)   --->   "%counter_10 = alloca i32 1"   --->   Operation 25 'alloca' 'counter_10' <Predicate = true> <Delay = 0.00>
ST_1 : Operation 26 [1/1] (0.00ns)   --->   "%indvar_flatten105 = alloca i32 1"   --->   Operation 26 'alloca' 'indvar_flatten105' <Predicate = true> <Delay = 0.00>
ST_1 : Operation 27 [1/1] (0.00ns)   --->   "%select_ln63_read = read i7 @_ssdm_op_Read.ap_auto.i7, i7 %select_ln63"   --->   Operation 27 'read' 'select_ln63_read' <Predicate = true> <Delay = 0.00>
ST_1 : Operation 28 [1/1] (0.00ns)   --->   "%icmp_ln31_read = read i1 @_ssdm_op_Read.ap_auto.i1, i1 %icmp_ln31"   --->   Operation 28 'read' 'icmp_ln31_read' <Predicate = true> <Delay = 0.00>
ST_1 : Operation 29 [1/1] (0.00ns)   --->   "%dst_buff_read = read i64 @_ssdm_op_Read.ap_auto.i64, i64 %dst_buff"   --->   Operation 29 'read' 'dst_buff_read' <Predicate = true> <Delay = 0.00>
ST_1 : Operation 30 [1/1] (0.00ns)   --->   "%src_buff_read = read i64 @_ssdm_op_Read.ap_auto.i64, i64 %src_buff"   --->   Operation 30 'read' 'src_buff_read' <Predicate = true> <Delay = 0.00>
ST_1 : Operation 31 [1/1] (0.00ns)   --->   "%dst_counter_4_reload_read = read i32 @_ssdm_op_Read.ap_auto.i32, i32 %dst_counter_4_reload"   --->   Operation 31 'read' 'dst_counter_4_reload_read' <Predicate = true> <Delay = 0.00>
ST_1 : Operation 32 [1/1] (0.00ns)   --->   "%select_ln63_cast = zext i7 %select_ln63_read"   --->   Operation 32 'zext' 'select_ln63_cast' <Predicate = true> <Delay = 0.00>
ST_1 : Operation 33 [1/1] (0.00ns)   --->   "%specinterface_ln0 = specinterface void @_ssdm_op_SpecInterface, i8 %gmem, void @empty_21, i32 0, i32 0, void @empty_22, i32 0, i32 120000, void @empty, void @empty_0, void @empty_22, i32 16, i32 16, i32 16, i32 16, void @empty_22, void @empty_22, i32 4294967295, i32 0"   --->   Operation 33 'specinterface' 'specinterface_ln0' <Predicate = true> <Delay = 0.00>
ST_1 : Operation 34 [1/1] (1.58ns)   --->   "%store_ln0 = store i13 0, i13 %indvar_flatten105"   --->   Operation 34 'store' 'store_ln0' <Predicate = true> <Delay = 1.58>
ST_1 : Operation 35 [1/1] (1.58ns)   --->   "%store_ln0 = store i32 0, i32 %counter_10"   --->   Operation 35 'store' 'store_ln0' <Predicate = true> <Delay = 1.58>
ST_1 : Operation 36 [1/1] (1.58ns)   --->   "%store_ln0 = store i32 22, i32 %src_counter_17"   --->   Operation 36 'store' 'store_ln0' <Predicate = true> <Delay = 1.58>
ST_1 : Operation 37 [1/1] (1.58ns)   --->   "%store_ln0 = store i32 %dst_counter_4_reload_read, i32 %dst_counter_8"   --->   Operation 37 'store' 'store_ln0' <Predicate = true> <Delay = 1.58>
ST_1 : Operation 38 [1/1] (1.58ns)   --->   "%store_ln0 = store i4 0, i4 %j_2"   --->   Operation 38 'store' 'store_ln0' <Predicate = true> <Delay = 1.58>
ST_1 : Operation 39 [1/1] (0.00ns)   --->   "%br_ln0 = br void %for.body145"   --->   Operation 39 'br' 'br_ln0' <Predicate = true> <Delay = 0.00>

State 2 <SV = 1> <Delay = 5.91>
ST_2 : Operation 40 [1/1] (0.00ns)   --->   "%indvar_flatten105_load = load i13 %indvar_flatten105" [top.cpp:112]   --->   Operation 40 'load' 'indvar_flatten105_load' <Predicate = true> <Delay = 0.00>
ST_2 : Operation 41 [1/1] (0.00ns)   --->   "%specbitsmap_ln0 = specbitsmap void @_ssdm_op_SpecBitsMap, i8 %gmem"   --->   Operation 41 'specbitsmap' 'specbitsmap_ln0' <Predicate = true> <Delay = 0.00>
ST_2 : Operation 42 [1/1] (0.00ns)   --->   "%specpipeline_ln0 = specpipeline void @_ssdm_op_SpecPipeline, i32 4294967295, i32 0, i32 1, i32 0, void @p_str"   --->   Operation 42 'specpipeline' 'specpipeline_ln0' <Predicate = true> <Delay = 0.00>
ST_2 : Operation 43 [1/1] (2.09ns)   --->   "%icmp_ln112 = icmp_eq  i13 %indvar_flatten105_load, i13 8000" [top.cpp:112]   --->   Operation 43 'icmp' 'icmp_ln112' <Predicate = true> <Delay = 2.09> <CoreInst = "Cmp">   --->   Core 9 'Cmp' <Latency = 0> <II = 1> <Delay = 2.09> <FuncUnit> <Opcode : 'icmp'> <InPorts = 2> <OutPorts = 1>
ST_2 : Operation 44 [1/1] (1.67ns)   --->   "%add_ln112 = add i13 %indvar_flatten105_load, i13 1" [top.cpp:112]   --->   Operation 44 'add' 'add_ln112' <Predicate = true> <Delay = 1.67> <CoreInst = "Adder">   --->   Core 1 'Adder' <Latency = 0> <II = 1> <Delay = 1.67> <FuncUnit> <Opcode : 'add' 'sub'> <InPorts = 2> <OutPorts = 1>
ST_2 : Operation 45 [1/1] (0.00ns)   --->   "%br_ln112 = br i1 %icmp_ln112, void %for.inc174, void %for.body186.preheader.exitStub" [top.cpp:112]   --->   Operation 45 'br' 'br_ln112' <Predicate = true> <Delay = 0.00>
ST_2 : Operation 46 [1/1] (0.00ns)   --->   "%j_2_load = load i4 %j_2" [top.cpp:113]   --->   Operation 46 'load' 'j_2_load' <Predicate = (!icmp_ln112)> <Delay = 0.00>
ST_2 : Operation 47 [1/1] (0.00ns)   --->   "%counter_10_load = load i32 %counter_10" [top.cpp:125]   --->   Operation 47 'load' 'counter_10_load' <Predicate = (!icmp_ln112)> <Delay = 0.00>
ST_2 : Operation 48 [1/1] (1.30ns)   --->   "%icmp_ln113 = icmp_eq  i4 %j_2_load, i4 8" [top.cpp:113]   --->   Operation 48 'icmp' 'icmp_ln113' <Predicate = (!icmp_ln112)> <Delay = 1.30> <CoreInst = "Cmp">   --->   Core 9 'Cmp' <Latency = 0> <II = 1> <Delay = 1.30> <FuncUnit> <Opcode : 'icmp'> <InPorts = 2> <OutPorts = 1>
ST_2 : Operation 49 [1/1] (1.02ns)   --->   "%select_ln112 = select i1 %icmp_ln113, i4 0, i4 %j_2_load" [top.cpp:112]   --->   Operation 49 'select' 'select_ln112' <Predicate = (!icmp_ln112)> <Delay = 1.02> <CoreInst = "Sel">   --->   Core 73 'Sel' <Latency = 0> <II = 1> <Delay = 1.02> <FuncUnit> <Opcode : 'select'> <InPorts = 3> <OutPorts = 1>
ST_2 : Operation 50 [1/1] (1.30ns)   --->   "%icmp_ln115 = icmp_eq  i4 %select_ln112, i4 7" [top.cpp:115]   --->   Operation 50 'icmp' 'icmp_ln115' <Predicate = (!icmp_ln112)> <Delay = 1.30> <CoreInst = "Cmp">   --->   Core 9 'Cmp' <Latency = 0> <II = 1> <Delay = 1.30> <FuncUnit> <Opcode : 'icmp'> <InPorts = 2> <OutPorts = 1>
ST_2 : Operation 51 [1/1] (0.00ns)   --->   "%zext_ln117 = zext i32 %counter_10_load" [top.cpp:117]   --->   Operation 51 'zext' 'zext_ln117' <Predicate = (!icmp_ln112 & icmp_ln31_read)> <Delay = 0.00>
ST_2 : Operation 52 [1/1] (0.00ns)   --->   "%skip_row_arr_addr = getelementptr i32 %skip_row_arr, i64 0, i64 %zext_ln117" [top.cpp:117]   --->   Operation 52 'getelementptr' 'skip_row_arr_addr' <Predicate = (!icmp_ln112 & icmp_ln31_read)> <Delay = 0.00>
ST_2 : Operation 53 [2/2] (3.25ns)   --->   "%skip_row_arr_load = load i10 %skip_row_arr_addr" [top.cpp:117]   --->   Operation 53 'load' 'skip_row_arr_load' <Predicate = (!icmp_ln112 & icmp_ln31_read)> <Delay = 3.25> <CoreInst = "RAM">   --->   Core 82 'RAM' <Latency = 1> <II = 1> <Delay = 3.25> <Storage> <Opcode : 'load' 'store'> <Ports = 2> <Width = 32> <Depth = 1000> <RAM>
ST_2 : Operation 54 [1/1] (2.55ns)   --->   "%counter_13 = add i32 %counter_10_load, i32 1" [top.cpp:125]   --->   Operation 54 'add' 'counter_13' <Predicate = (!icmp_ln112)> <Delay = 2.55> <CoreInst = "Adder">   --->   Core 1 'Adder' <Latency = 0> <II = 1> <Delay = 2.55> <FuncUnit> <Opcode : 'add' 'sub'> <InPorts = 2> <OutPorts = 1>
ST_2 : Operation 55 [1/1] (0.69ns)   --->   "%counter = select i1 %icmp_ln115, i32 %counter_13, i32 %counter_10_load" [top.cpp:115]   --->   Operation 55 'select' 'counter' <Predicate = (!icmp_ln112)> <Delay = 0.69> <CoreInst = "Sel">   --->   Core 73 'Sel' <Latency = 0> <II = 1> <Delay = 0.69> <FuncUnit> <Opcode : 'select'> <InPorts = 3> <OutPorts = 1>
ST_2 : Operation 56 [1/1] (1.73ns)   --->   "%j = add i4 %select_ln112, i4 1" [top.cpp:113]   --->   Operation 56 'add' 'j' <Predicate = (!icmp_ln112)> <Delay = 1.73> <CoreInst = "Adder">   --->   Core 1 'Adder' <Latency = 0> <II = 1> <Delay = 1.73> <FuncUnit> <Opcode : 'add' 'sub'> <InPorts = 2> <OutPorts = 1>
ST_2 : Operation 57 [1/1] (1.58ns)   --->   "%store_ln113 = store i13 %add_ln112, i13 %indvar_flatten105" [top.cpp:113]   --->   Operation 57 'store' 'store_ln113' <Predicate = (!icmp_ln112)> <Delay = 1.58>
ST_2 : Operation 58 [1/1] (1.58ns)   --->   "%store_ln113 = store i32 %counter, i32 %counter_10" [top.cpp:113]   --->   Operation 58 'store' 'store_ln113' <Predicate = (!icmp_ln112)> <Delay = 1.58>
ST_2 : Operation 59 [1/1] (1.58ns)   --->   "%store_ln113 = store i4 %j, i4 %j_2" [top.cpp:113]   --->   Operation 59 'store' 'store_ln113' <Predicate = (!icmp_ln112)> <Delay = 1.58>

State 3 <SV = 2> <Delay = 3.25>
ST_3 : Operation 60 [1/2] (3.25ns)   --->   "%skip_row_arr_load = load i10 %skip_row_arr_addr" [top.cpp:117]   --->   Operation 60 'load' 'skip_row_arr_load' <Predicate = (icmp_ln31_read)> <Delay = 3.25> <CoreInst = "RAM">   --->   Core 82 'RAM' <Latency = 1> <II = 1> <Delay = 3.25> <Storage> <Opcode : 'load' 'store'> <Ports = 2> <Width = 32> <Depth = 1000> <RAM>

State 4 <SV = 3> <Delay = 6.91>
ST_4 : Operation 61 [2/2] (6.91ns)   --->   "%mul_ln117 = mul i32 %skip_row_arr_load, i32 11" [top.cpp:117]   --->   Operation 61 'mul' 'mul_ln117' <Predicate = (icmp_ln115 & icmp_ln31_read)> <Delay = 6.91> <CoreInst = "Multiplier">   --->   Core 3 'Multiplier' <Latency = 1> <II = 1> <Delay = 6.91> <FuncUnit> <Opcode : 'mul'> <InPorts = 2> <OutPorts = 1>

State 5 <SV = 4> <Delay = 6.91>
ST_5 : Operation 62 [1/2] (6.91ns)   --->   "%mul_ln117 = mul i32 %skip_row_arr_load, i32 11" [top.cpp:117]   --->   Operation 62 'mul' 'mul_ln117' <Predicate = (icmp_ln115 & icmp_ln31_read)> <Delay = 6.91> <CoreInst = "Multiplier">   --->   Core 3 'Multiplier' <Latency = 1> <II = 1> <Delay = 6.91> <FuncUnit> <Opcode : 'mul'> <InPorts = 2> <OutPorts = 1>

State 6 <SV = 5> <Delay = 7.89>
ST_6 : Operation 63 [1/1] (0.00ns)   --->   "%dst_counter_8_load = load i32 %dst_counter_8" [top.cpp:114]   --->   Operation 63 'load' 'dst_counter_8_load' <Predicate = true> <Delay = 0.00>
ST_6 : Operation 64 [1/1] (0.00ns)   --->   "%src_counter_17_load = load i32 %src_counter_17" [top.cpp:114]   --->   Operation 64 'load' 'src_counter_17_load' <Predicate = true> <Delay = 0.00>
ST_6 : Operation 65 [1/1] (0.00ns)   --->   "%j_2_cast = zext i4 %select_ln112" [top.cpp:112]   --->   Operation 65 'zext' 'j_2_cast' <Predicate = true> <Delay = 0.00>
ST_6 : Operation 66 [1/1] (0.00ns) (grouped into TernaryAdder)   --->   "%add_ln114 = add i32 %src_counter_17_load, i32 10" [top.cpp:114]   --->   Operation 66 'add' 'add_ln114' <Predicate = true> <Delay = 0.00> <CoreInst = "TAddSub">   --->   Core 10 'TAddSub' <Latency = 0> <II = 1> <Delay = 2.18> <IPBlock> <Opcode : 'add' 'sub'> <InPorts = 3> <OutPorts = 1> <Sync> <CReg>
ST_6 : Operation 67 [1/1] (4.37ns) (root node of TernaryAdder)   --->   "%sub_ln114 = sub i32 %add_ln114, i32 %j_2_cast" [top.cpp:114]   --->   Operation 67 'sub' 'sub_ln114' <Predicate = true> <Delay = 4.37> <CoreInst = "TAddSub">   --->   Core 10 'TAddSub' <Latency = 0> <II = 1> <Delay = 2.18> <IPBlock> <Opcode : 'add' 'sub'> <InPorts = 3> <OutPorts = 1> <Sync> <CReg>
ST_6 : Operation 68 [1/1] (0.00ns)   --->   "%zext_ln114 = zext i32 %sub_ln114" [top.cpp:114]   --->   Operation 68 'zext' 'zext_ln114' <Predicate = true> <Delay = 0.00>
ST_6 : Operation 69 [1/1] (3.52ns)   --->   "%add_ln114_1 = add i64 %zext_ln114, i64 %src_buff_read" [top.cpp:114]   --->   Operation 69 'add' 'add_ln114_1' <Predicate = true> <Delay = 3.52> <CoreInst = "Adder">   --->   Core 1 'Adder' <Latency = 0> <II = 1> <Delay = 3.52> <FuncUnit> <Opcode : 'add' 'sub'> <InPorts = 2> <OutPorts = 1>
ST_6 : Operation 70 [1/1] (0.00ns)   --->   "%gmem_addr = getelementptr i8 %gmem, i64 %add_ln114_1" [top.cpp:114]   --->   Operation 70 'getelementptr' 'gmem_addr' <Predicate = true> <Delay = 0.00>
ST_6 : Operation 71 [1/1] (2.55ns)   --->   "%add_ln114_2 = add i32 %j_2_cast, i32 %dst_counter_8_load" [top.cpp:114]   --->   Operation 71 'add' 'add_ln114_2' <Predicate = true> <Delay = 2.55> <CoreInst = "Adder">   --->   Core 1 'Adder' <Latency = 0> <II = 1> <Delay = 2.55> <FuncUnit> <Opcode : 'add' 'sub'> <InPorts = 2> <OutPorts = 1>
ST_6 : Operation 72 [1/1] (0.00ns)   --->   "%zext_ln114_1 = zext i32 %add_ln114_2" [top.cpp:114]   --->   Operation 72 'zext' 'zext_ln114_1' <Predicate = true> <Delay = 0.00>
ST_6 : Operation 73 [1/1] (3.52ns)   --->   "%add_ln114_3 = add i64 %zext_ln114_1, i64 %dst_buff_read" [top.cpp:114]   --->   Operation 73 'add' 'add_ln114_3' <Predicate = true> <Delay = 3.52> <CoreInst = "Adder">   --->   Core 1 'Adder' <Latency = 0> <II = 1> <Delay = 3.52> <FuncUnit> <Opcode : 'add' 'sub'> <InPorts = 2> <OutPorts = 1>
ST_6 : Operation 74 [1/1] (0.00ns)   --->   "%gmem_addr_6 = getelementptr i8 %gmem, i64 %add_ln114_3" [top.cpp:114]   --->   Operation 74 'getelementptr' 'gmem_addr_6' <Predicate = true> <Delay = 0.00>
ST_6 : Operation 75 [1/1] (2.55ns)   --->   "%src_counter_18 = add i32 %mul_ln117, i32 %src_counter_17_load" [top.cpp:117]   --->   Operation 75 'add' 'src_counter_18' <Predicate = (icmp_ln115 & icmp_ln31_read)> <Delay = 2.55> <CoreInst = "Adder">   --->   Core 1 'Adder' <Latency = 0> <II = 1> <Delay = 2.55> <FuncUnit> <Opcode : 'add' 'sub'> <InPorts = 2> <OutPorts = 1>
ST_6 : Operation 76 [1/1] (0.00ns) (grouped into LUT with out node src_counter_20)   --->   "%src_counter_19 = select i1 %icmp_ln31_read, i32 %src_counter_18, i32 %src_counter_17_load" [top.cpp:31]   --->   Operation 76 'select' 'src_counter_19' <Predicate = (icmp_ln115)> <Delay = 0.00> <CoreInst = "Sel">   --->   Core 73 'Sel' <Latency = 0> <II = 1> <Delay = 0.69> <FuncUnit> <Opcode : 'select'> <InPorts = 3> <OutPorts = 1>
ST_6 : Operation 77 [1/1] (2.55ns) (out node of the LUT)   --->   "%src_counter_20 = add i32 %src_counter_19, i32 %select_ln63_cast" [top.cpp:119]   --->   Operation 77 'add' 'src_counter_20' <Predicate = (icmp_ln115)> <Delay = 2.55> <CoreInst = "Adder">   --->   Core 1 'Adder' <Latency = 0> <II = 1> <Delay = 2.55> <FuncUnit> <Opcode : 'add' 'sub'> <InPorts = 2> <OutPorts = 1>
ST_6 : Operation 78 [1/1] (2.55ns)   --->   "%dst_counter_13 = add i32 %dst_counter_8_load, i32 8" [top.cpp:124]   --->   Operation 78 'add' 'dst_counter_13' <Predicate = (icmp_ln115)> <Delay = 2.55> <CoreInst = "Adder">   --->   Core 1 'Adder' <Latency = 0> <II = 1> <Delay = 2.55> <FuncUnit> <Opcode : 'add' 'sub'> <InPorts = 2> <OutPorts = 1>
ST_6 : Operation 79 [1/1] (0.69ns)   --->   "%dst_counter = select i1 %icmp_ln115, i32 %dst_counter_13, i32 %dst_counter_8_load" [top.cpp:115]   --->   Operation 79 'select' 'dst_counter' <Predicate = true> <Delay = 0.69> <CoreInst = "Sel">   --->   Core 73 'Sel' <Latency = 0> <II = 1> <Delay = 0.69> <FuncUnit> <Opcode : 'select'> <InPorts = 3> <OutPorts = 1>
ST_6 : Operation 80 [1/1] (0.69ns)   --->   "%src_counter = select i1 %icmp_ln115, i32 %src_counter_20, i32 %src_counter_17_load" [top.cpp:115]   --->   Operation 80 'select' 'src_counter' <Predicate = true> <Delay = 0.69> <CoreInst = "Sel">   --->   Core 73 'Sel' <Latency = 0> <II = 1> <Delay = 0.69> <FuncUnit> <Opcode : 'select'> <InPorts = 3> <OutPorts = 1>
ST_6 : Operation 81 [1/1] (1.58ns)   --->   "%store_ln113 = store i32 %src_counter, i32 %src_counter_17" [top.cpp:113]   --->   Operation 81 'store' 'store_ln113' <Predicate = true> <Delay = 1.58>
ST_6 : Operation 82 [1/1] (1.58ns)   --->   "%store_ln113 = store i32 %dst_counter, i32 %dst_counter_8" [top.cpp:113]   --->   Operation 82 'store' 'store_ln113' <Predicate = true> <Delay = 1.58>

State 7 <SV = 6> <Delay = 8.00>
ST_7 : Operation 83 [7/7] (8.00ns)   --->   "%gmem_load_4_req = readreq i1 @_ssdm_op_ReadReq.m_axi.i8P1A, i8 %gmem_addr, i32 1" [top.cpp:114]   --->   Operation 83 'readreq' 'gmem_load_4_req' <Predicate = true> <Delay = 8.00> <CoreInst = "m_axi">   --->   Core 113 'm_axi' <Latency = 0> <II = 1> <Delay = 1.00> <Adapter> <Opcode : 'read' 'write' 'readreq' 'writereq' 'writeresp'>

State 8 <SV = 7> <Delay = 8.00>
ST_8 : Operation 84 [6/7] (8.00ns)   --->   "%gmem_load_4_req = readreq i1 @_ssdm_op_ReadReq.m_axi.i8P1A, i8 %gmem_addr, i32 1" [top.cpp:114]   --->   Operation 84 'readreq' 'gmem_load_4_req' <Predicate = true> <Delay = 8.00> <CoreInst = "m_axi">   --->   Core 113 'm_axi' <Latency = 0> <II = 1> <Delay = 1.00> <Adapter> <Opcode : 'read' 'write' 'readreq' 'writereq' 'writeresp'>

State 9 <SV = 8> <Delay = 8.00>
ST_9 : Operation 85 [5/7] (8.00ns)   --->   "%gmem_load_4_req = readreq i1 @_ssdm_op_ReadReq.m_axi.i8P1A, i8 %gmem_addr, i32 1" [top.cpp:114]   --->   Operation 85 'readreq' 'gmem_load_4_req' <Predicate = true> <Delay = 8.00> <CoreInst = "m_axi">   --->   Core 113 'm_axi' <Latency = 0> <II = 1> <Delay = 1.00> <Adapter> <Opcode : 'read' 'write' 'readreq' 'writereq' 'writeresp'>

State 10 <SV = 9> <Delay = 8.00>
ST_10 : Operation 86 [4/7] (8.00ns)   --->   "%gmem_load_4_req = readreq i1 @_ssdm_op_ReadReq.m_axi.i8P1A, i8 %gmem_addr, i32 1" [top.cpp:114]   --->   Operation 86 'readreq' 'gmem_load_4_req' <Predicate = true> <Delay = 8.00> <CoreInst = "m_axi">   --->   Core 113 'm_axi' <Latency = 0> <II = 1> <Delay = 1.00> <Adapter> <Opcode : 'read' 'write' 'readreq' 'writereq' 'writeresp'>

State 11 <SV = 10> <Delay = 8.00>
ST_11 : Operation 87 [3/7] (8.00ns)   --->   "%gmem_load_4_req = readreq i1 @_ssdm_op_ReadReq.m_axi.i8P1A, i8 %gmem_addr, i32 1" [top.cpp:114]   --->   Operation 87 'readreq' 'gmem_load_4_req' <Predicate = true> <Delay = 8.00> <CoreInst = "m_axi">   --->   Core 113 'm_axi' <Latency = 0> <II = 1> <Delay = 1.00> <Adapter> <Opcode : 'read' 'write' 'readreq' 'writereq' 'writeresp'>

State 12 <SV = 11> <Delay = 8.00>
ST_12 : Operation 88 [2/7] (8.00ns)   --->   "%gmem_load_4_req = readreq i1 @_ssdm_op_ReadReq.m_axi.i8P1A, i8 %gmem_addr, i32 1" [top.cpp:114]   --->   Operation 88 'readreq' 'gmem_load_4_req' <Predicate = true> <Delay = 8.00> <CoreInst = "m_axi">   --->   Core 113 'm_axi' <Latency = 0> <II = 1> <Delay = 1.00> <Adapter> <Opcode : 'read' 'write' 'readreq' 'writereq' 'writeresp'>

State 13 <SV = 12> <Delay = 8.00>
ST_13 : Operation 89 [1/7] (8.00ns)   --->   "%gmem_load_4_req = readreq i1 @_ssdm_op_ReadReq.m_axi.i8P1A, i8 %gmem_addr, i32 1" [top.cpp:114]   --->   Operation 89 'readreq' 'gmem_load_4_req' <Predicate = true> <Delay = 8.00> <CoreInst = "m_axi">   --->   Core 113 'm_axi' <Latency = 0> <II = 1> <Delay = 1.00> <Adapter> <Opcode : 'read' 'write' 'readreq' 'writereq' 'writeresp'>

State 14 <SV = 13> <Delay = 8.00>
ST_14 : Operation 90 [1/1] (8.00ns)   --->   "%gmem_addr_read = read i8 @_ssdm_op_Read.m_axi.i8P1A, i8 %gmem_addr" [top.cpp:114]   --->   Operation 90 'read' 'gmem_addr_read' <Predicate = true> <Delay = 8.00> <CoreInst = "m_axi">   --->   Core 113 'm_axi' <Latency = 0> <II = 1> <Delay = 1.00> <Adapter> <Opcode : 'read' 'write' 'readreq' 'writereq' 'writeresp'>
ST_14 : Operation 91 [1/1] (8.00ns)   --->   "%gmem_addr_7_req = writereq i1 @_ssdm_op_WriteReq.m_axi.i8P1A, i8 %gmem_addr_6, i32 1" [top.cpp:114]   --->   Operation 91 'writereq' 'gmem_addr_7_req' <Predicate = true> <Delay = 8.00> <CoreInst = "m_axi">   --->   Core 113 'm_axi' <Latency = 0> <II = 1> <Delay = 1.00> <Adapter> <Opcode : 'read' 'write' 'readreq' 'writereq' 'writeresp'>

State 15 <SV = 14> <Delay = 8.00>
ST_15 : Operation 92 [1/1] (8.00ns)   --->   "%write_ln114 = write void @_ssdm_op_Write.m_axi.i8P1A, i8 %gmem_addr_6, i8 %gmem_addr_read, i1 1" [top.cpp:114]   --->   Operation 92 'write' 'write_ln114' <Predicate = true> <Delay = 8.00> <CoreInst = "m_axi">   --->   Core 113 'm_axi' <Latency = 0> <II = 1> <Delay = 1.00> <Adapter> <Opcode : 'read' 'write' 'readreq' 'writereq' 'writeresp'>

State 16 <SV = 15> <Delay = 8.00>
ST_16 : Operation 93 [5/5] (8.00ns)   --->   "%gmem_addr_7_resp = writeresp i1 @_ssdm_op_WriteResp.m_axi.i8P1A, i8 %gmem_addr_6" [top.cpp:114]   --->   Operation 93 'writeresp' 'gmem_addr_7_resp' <Predicate = true> <Delay = 8.00> <CoreInst = "m_axi">   --->   Core 113 'm_axi' <Latency = 0> <II = 1> <Delay = 1.00> <Adapter> <Opcode : 'read' 'write' 'readreq' 'writereq' 'writeresp'>

State 17 <SV = 16> <Delay = 8.00>
ST_17 : Operation 94 [4/5] (8.00ns)   --->   "%gmem_addr_7_resp = writeresp i1 @_ssdm_op_WriteResp.m_axi.i8P1A, i8 %gmem_addr_6" [top.cpp:114]   --->   Operation 94 'writeresp' 'gmem_addr_7_resp' <Predicate = true> <Delay = 8.00> <CoreInst = "m_axi">   --->   Core 113 'm_axi' <Latency = 0> <II = 1> <Delay = 1.00> <Adapter> <Opcode : 'read' 'write' 'readreq' 'writereq' 'writeresp'>

State 18 <SV = 17> <Delay = 8.00>
ST_18 : Operation 95 [3/5] (8.00ns)   --->   "%gmem_addr_7_resp = writeresp i1 @_ssdm_op_WriteResp.m_axi.i8P1A, i8 %gmem_addr_6" [top.cpp:114]   --->   Operation 95 'writeresp' 'gmem_addr_7_resp' <Predicate = true> <Delay = 8.00> <CoreInst = "m_axi">   --->   Core 113 'm_axi' <Latency = 0> <II = 1> <Delay = 1.00> <Adapter> <Opcode : 'read' 'write' 'readreq' 'writereq' 'writeresp'>

State 19 <SV = 18> <Delay = 8.00>
ST_19 : Operation 96 [2/5] (8.00ns)   --->   "%gmem_addr_7_resp = writeresp i1 @_ssdm_op_WriteResp.m_axi.i8P1A, i8 %gmem_addr_6" [top.cpp:114]   --->   Operation 96 'writeresp' 'gmem_addr_7_resp' <Predicate = true> <Delay = 8.00> <CoreInst = "m_axi">   --->   Core 113 'm_axi' <Latency = 0> <II = 1> <Delay = 1.00> <Adapter> <Opcode : 'read' 'write' 'readreq' 'writereq' 'writeresp'>
ST_19 : Operation 103 [1/1] (0.00ns)   --->   "%dst_counter_8_load_1 = load i32 %dst_counter_8"   --->   Operation 103 'load' 'dst_counter_8_load_1' <Predicate = (icmp_ln112)> <Delay = 0.00>
ST_19 : Operation 104 [1/1] (0.00ns)   --->   "%write_ln0 = write void @_ssdm_op_Write.ap_auto.i32P0A, i32 %dst_counter_8_out, i32 %dst_counter_8_load_1"   --->   Operation 104 'write' 'write_ln0' <Predicate = (icmp_ln112)> <Delay = 0.00>
ST_19 : Operation 105 [1/1] (0.00ns)   --->   "%ret_ln0 = ret"   --->   Operation 105 'ret' 'ret_ln0' <Predicate = (icmp_ln112)> <Delay = 0.00>

State 20 <SV = 19> <Delay = 8.00>
ST_20 : Operation 97 [1/1] (0.00ns)   --->   "%specloopname_ln0 = specloopname void @_ssdm_op_SpecLoopName, void @VITIS_LOOP_112_7_VITIS_LOOP_113_8_str"   --->   Operation 97 'specloopname' 'specloopname_ln0' <Predicate = true> <Delay = 0.00>
ST_20 : Operation 98 [1/1] (0.00ns)   --->   "%empty = speclooptripcount i32 @_ssdm_op_SpecLoopTripCount, i64 8000, i64 8000, i64 8000"   --->   Operation 98 'speclooptripcount' 'empty' <Predicate = true> <Delay = 0.00>
ST_20 : Operation 99 [1/1] (0.00ns)   --->   "%specpipeline_ln0 = specpipeline void @_ssdm_op_SpecPipeline, i32 4294967295, i32 0, i32 1, i32 0, void @p_str"   --->   Operation 99 'specpipeline' 'specpipeline_ln0' <Predicate = true> <Delay = 0.00>
ST_20 : Operation 100 [1/1] (0.00ns)   --->   "%specloopname_ln113 = specloopname void @_ssdm_op_SpecLoopName, void @empty_16" [top.cpp:113]   --->   Operation 100 'specloopname' 'specloopname_ln113' <Predicate = true> <Delay = 0.00>
ST_20 : Operation 101 [1/5] (8.00ns)   --->   "%gmem_addr_7_resp = writeresp i1 @_ssdm_op_WriteResp.m_axi.i8P1A, i8 %gmem_addr_6" [top.cpp:114]   --->   Operation 101 'writeresp' 'gmem_addr_7_resp' <Predicate = true> <Delay = 8.00> <CoreInst = "m_axi">   --->   Core 113 'm_axi' <Latency = 0> <II = 1> <Delay = 1.00> <Adapter> <Opcode : 'read' 'write' 'readreq' 'writereq' 'writeresp'>
ST_20 : Operation 102 [1/1] (0.00ns)   --->   "%br_ln113 = br void %for.body145" [top.cpp:113]   --->   Operation 102 'br' 'br_ln113' <Predicate = true> <Delay = 0.00>


============================================================
+ Verbose Summary: Timing violations
============================================================
Target clock period: 8ns, clock uncertainty: 0ns.

 <State 1>: 1.59ns
The critical path consists of the following:
	'alloca' operation ('indvar_flatten105') [13]  (0 ns)
	'store' operation ('store_ln0') of constant 0 on local variable 'indvar_flatten105' [21]  (1.59 ns)

 <State 2>: 5.91ns
The critical path consists of the following:
	'load' operation ('j_2_load', top.cpp:113) on local variable 'j' [35]  (0 ns)
	'icmp' operation ('icmp_ln113', top.cpp:113) [41]  (1.3 ns)
	'select' operation ('select_ln112', top.cpp:112) [42]  (1.02 ns)
	'icmp' operation ('icmp_ln115', top.cpp:115) [60]  (1.3 ns)
	'select' operation ('counter', top.cpp:115) [72]  (0.698 ns)
	'store' operation ('store_ln113', top.cpp:113) of variable 'counter', top.cpp:115 on local variable 'counter' [75]  (1.59 ns)

 <State 3>: 3.25ns
The critical path consists of the following:
	'load' operation ('skip_row_arr_load', top.cpp:117) on array 'skip_row_arr' [63]  (3.25 ns)

 <State 4>: 6.91ns
The critical path consists of the following:
	'mul' operation ('mul_ln117', top.cpp:117) [64]  (6.91 ns)

 <State 5>: 6.91ns
The critical path consists of the following:
	'mul' operation ('mul_ln117', top.cpp:117) [64]  (6.91 ns)

 <State 6>: 7.89ns
The critical path consists of the following:
	'load' operation ('src_counter_17_load', top.cpp:114) on local variable 'src_counter' [37]  (0 ns)
	'add' operation ('add_ln114', top.cpp:114) [46]  (0 ns)
	'sub' operation ('sub_ln114', top.cpp:114) [47]  (4.37 ns)
	'add' operation ('add_ln114_1', top.cpp:114) [49]  (3.52 ns)

 <State 7>: 8ns
The critical path consists of the following:
	bus request operation ('gmem_load_4_req', top.cpp:114) on port 'gmem' (top.cpp:114) [51]  (8 ns)

 <State 8>: 8ns
The critical path consists of the following:
	bus request operation ('gmem_load_4_req', top.cpp:114) on port 'gmem' (top.cpp:114) [51]  (8 ns)

 <State 9>: 8ns
The critical path consists of the following:
	bus request operation ('gmem_load_4_req', top.cpp:114) on port 'gmem' (top.cpp:114) [51]  (8 ns)

 <State 10>: 8ns
The critical path consists of the following:
	bus request operation ('gmem_load_4_req', top.cpp:114) on port 'gmem' (top.cpp:114) [51]  (8 ns)

 <State 11>: 8ns
The critical path consists of the following:
	bus request operation ('gmem_load_4_req', top.cpp:114) on port 'gmem' (top.cpp:114) [51]  (8 ns)

 <State 12>: 8ns
The critical path consists of the following:
	bus request operation ('gmem_load_4_req', top.cpp:114) on port 'gmem' (top.cpp:114) [51]  (8 ns)

 <State 13>: 8ns
The critical path consists of the following:
	bus request operation ('gmem_load_4_req', top.cpp:114) on port 'gmem' (top.cpp:114) [51]  (8 ns)

 <State 14>: 8ns
The critical path consists of the following:
	bus read operation ('gmem_addr_read', top.cpp:114) on port 'gmem' (top.cpp:114) [52]  (8 ns)

 <State 15>: 8ns
The critical path consists of the following:
	bus write operation ('write_ln114', top.cpp:114) on port 'gmem' (top.cpp:114) [58]  (8 ns)

 <State 16>: 8ns
The critical path consists of the following:
	bus response operation ('gmem_addr_7_resp', top.cpp:114) on port 'gmem' (top.cpp:114) [59]  (8 ns)

 <State 17>: 8ns
The critical path consists of the following:
	bus response operation ('gmem_addr_7_resp', top.cpp:114) on port 'gmem' (top.cpp:114) [59]  (8 ns)

 <State 18>: 8ns
The critical path consists of the following:
	bus response operation ('gmem_addr_7_resp', top.cpp:114) on port 'gmem' (top.cpp:114) [59]  (8 ns)

 <State 19>: 8ns
The critical path consists of the following:
	bus response operation ('gmem_addr_7_resp', top.cpp:114) on port 'gmem' (top.cpp:114) [59]  (8 ns)

 <State 20>: 8ns
The critical path consists of the following:
	bus response operation ('gmem_addr_7_resp', top.cpp:114) on port 'gmem' (top.cpp:114) [59]  (8 ns)


============================================================
+ Verbose Summary: Binding
============================================================
N/A
* FSMD analyzer results:
  - Output states:
 - Input state : 
  - Chain level:
	State 1
	State 2
	State 3
	State 4
	State 5
	State 6
	State 7
	State 8
	State 9
	State 10
	State 11
	State 12
	State 13
	State 14
	State 15
	State 16
	State 17
	State 18
	State 19
	State 20


============================================================
+ Verbose Summary: Datapath Resource usage 
============================================================
N/A
